%EventDef PajeDefineContainerType 0
% Name string
% Type string
% Alias string
%EndEventDef
%EventDef PajeDefineStateType 1
% Name string
% Type string
% Alias string
%EndEventDef
%EventDef PajeDefineEventType 2
% Name string
% Type string
% Alias string
%EndEventDef
%EventDef PajeDefineVariableType 3
% Name string
% Type string
% Color color
% Alias string
%EndEventDef
%EventDef PajeDefineLinkType 4
% Name string
% Type string
% StartContainerType string
% EndContainerType string
% Alias string
%EndEventDef
%EventDef PajeDefineEntityValue 5
% Type string
% Name string
% Color color
% Alias string
%EndEventDef
%EventDef PajeCreateContainer 7
% Time date
% Name string
% Type string
% Container string
% Alias string
%EndEventDef
%EventDef PajeDestroyContainer 8
% Time date
% Name string
% Type string
%EndEventDef
%EventDef PajeSetState 10
% Time date
% Type string
% Container string
% Value string
%EndEventDef
%EventDef PajePushState 11
% Time date
% Type string
% Container string
% Value string
%EndEventDef
%EventDef PajePushState 14
% Time date
% Type string
% Container string
% Value string
% Extra string
%EndEventDef
%EventDef PajePopState 12
% Time date
% Type string
% Container string
%EndEventDef
%EventDef PajeResetState 13
% Time date
% Type string
% Container string
%EndEventDef
%EventDef PajeNewEvent 20
% Time date
% Type string
% Container string
% Value string
%EndEventDef
%EventDef PajeSetVariable 30
% Time date
% Type string
% Container string
% Value double
%EndEventDef
%EventDef PajeAddVariable 31
% Time date
% Type string
% Container string
% Value double
%EndEventDef
%EventDef PajeSubVariable 32
% Time date
% Type string
% Container string
% Value double
%EndEventDef
%EventDef PajeStartLink 40
% Time date
% Type string
% Container string
% StartContainer string
% Value string
% Key string
%EndEventDef
%EventDef PajeEndLink 41
% Time date
% Type string
% Container string
% EndContainer string
% Value string
% Key string
%EndEventDef
0 "Program" "0" "CT_Program"
0 "Process" "CT_Program" "CT_Process"
0 "Thread" "CT_Process" "CT_Thread"
1 "Program state" "CT_Program" "ST_Program"
1 "Process state" "CT_Process" "ST_Process"
1 "Thread state" "CT_Thread" "ST_Thread"
1 "User state" "CT_Thread" "ST_User"
5 "ST_Thread" "EZTrace Flush" "1.0 1.0 1.0" "STV_FLUSH"
5 "ST_Thread" "Blocked" "1.0 0.0 0.0" "STV_Blocked"
5 "ST_Thread" "Working" "0.0 0.0 1.0" "STV_Working"
5 "ST_Thread" "Critical Section" "0.0 1.0 0.0" "STV_Critical"
5 "ST_User" "User Event" "0.0 1.0 0.0" "STV_User_Event_Green"
5 "ST_User" "User Event" "1.0 0.0 0.0" "STV_User_Event_Red"
5 "ST_User" "User Event" "0.1 0.5 0.8" "STV_User_Event_Blue"
5 "ST_User" "User Event" "1.0 1.0 0.0" "STV_User_Event_Yellow"
5 "ST_User" "User Event" "1.0 0.0 1.0" "STV_User_Event_Pink"
5 "ST_Thread" "EZTrace synchronization" "1.0 1.0 1.0" "STV_EZTRACE_SYNC"
2 "User Event" "CT_Thread" "E_UserEvent"
2 "SIGNAL Received" "CT_Thread" "E_SigSegv"
3 "Current CPU" "CT_Thread" "0 0 0" "V_CURCPU"
5 "ST_Thread" "stdio_read" "0.0 0.0 0.0" "stdio_read"
5 "ST_Thread" "stdio_pread" "0.0 0.0 0.0" "stdio_pread"
5 "ST_Thread" "stdio_readv" "0.0 0.0 0.0" "stdio_readv"
5 "ST_Thread" "stdio_fread" "0.0 0.0 0.0" "stdio_fread"
5 "ST_Thread" "stdio_write" "0.0 0.0 0.0" "stdio_write"
5 "ST_Thread" "stdio_pwrite" "0.0 0.0 0.0" "stdio_pwrite"
5 "ST_Thread" "stdio_writev" "0.0 0.0 0.0" "stdio_writev"
5 "ST_Thread" "stdio_fwrite" "0.0 0.0 0.0" "stdio_fwrite"
5 "ST_Thread" "stdio_select" "0.0 0.0 0.0" "stdio_select"
5 "ST_Thread" "stdio_pselect" "0.0 0.0 0.0" "stdio_pselect"
5 "ST_Thread" "stdio_lseek" "0.0 0.0 0.0" "stdio_lseek"
5 "ST_Thread" "stdio_poll" "0.0 0.0 0.0" "stdio_poll"
5 "ST_Thread" "stdio_ppoll" "0.0 0.0 0.0" "stdio_ppoll"
2 "SemPost" "CT_Thread" "E_SemPost"
2 "SemWait done" "CT_Thread" "E_SemWait_Done"
2 "Mutex Lock" "CT_Thread" "E_Mutex_Lock"
2 "Mutex Unlock" "CT_Thread" "E_Mutex_Unlock"
2 "Cond Signal" "CT_Thread" "E_CondSignal"
2 "Waiting for a lock" "CT_Thread" "E_LockStart"
2 "Lock acquired" "CT_Thread" "E_LockStop"
5 "ST_Thread" "Blocked on a semaphore" "1.0 0.0 0.0" "STV_Blocked_sem"
5 "ST_Thread" "Blocked on a spinlock" "1.0 0.0 0.0" "STV_Blocked_spin"
5 "ST_Thread" "Blocked on a mutex" "1.0 0.0 0.0" "STV_Blocked_mutex"
5 "ST_Thread" "Blocked on a condition" "1.0 0.0 0.0" "STV_Blocked_condition"
5 "ST_Thread" "Blocked on a rwlock" "1.0 0.0 0.0" "STV_Blocked_rwlock"
5 "ST_Thread" "Blocked on a barrier" "1.0 0.0 0.0" "STV_Blocked_barrier"
5 "ST_Thread" "Critical Section (semaphore)" "0.0 1.0 0.0" "STV_Critical_sem"
5 "ST_Thread" "Critical Section (spinlock)" "0.0 1.0 0.0" "STV_Critical_spin"
5 "ST_Thread" "Critical Section (mutex)" "0.0 1.0 0.0" "STV_Critical_mutex"
5 "ST_Thread" "Critical Section (condition)" "0.0 1.0 0.0" "STV_Critical_condition"
5 "ST_Thread" "Critical Section (rwlock)" "0.0 1.0 0.0" "STV_Critical_rwlock"
4 "OpenMP Parallel Section" "CT_Program" "CT_Thread" "CT_Thread" "GOMP_Section_Link"
5 "ST_Thread" "GOMP_Section_State" "1.0 0.0 1.0" "GOMP_Section_State"
5 "ST_Thread" "GOMP_Critical" "0.0 1.0 0.0" "GOMP_Critical"
5 "ST_Thread" "GOMP_Atomic" "0.0 1.0 0.0" "GOMP_Atomic"
5 "ST_Thread" "GOMP_Barrier" "1.0 0.6 0.0" "GOMP_Barrier"
5 "ST_Thread" "GOMP_Implicit_Barrier" "1.0 0.0 0.0" "GOMP_Implicit_Barrier"
5 "ST_Thread" "GOMP_For" "0.8 0.8 0.8" "GOMP_For"
5 "ST_Thread" "GOMP_Master" "1.0 1.0 1.0" "GOMP_Master"
5 "ST_Thread" "Blocked on an OpenMP lock" "1.0 0.0 0.0" "STV_GOMP_Lock"
5 "ST_Thread" "Holding an OpenMP lock" "0.0 1.0 0.0" "STV_GOMP_Locked"
5 "ST_Thread" "Blocked on an OpenMP nested lock" "1.0 0.0 0.0" "STV_GOMP_NLock"
5 "ST_Thread" "Holding an OpenMP nested lock" "0.0 1.0 0.0" "STV_GOMP_NLocked"
5 "ST_Thread" "GOMP_TaskWait" "1.0 0.6 0.0" "GOMP_TaskWait"
5 "ST_Thread" "GOMP_Task" "1.0 1.0 1.0" "GOMP_Task"
5 "ST_Thread" "GOMP_Untied_Task" "0.0 1.0 1.0" "GOMP_Untied_Task"
5 "ST_Thread" "Creating an OpenMP Task" "0.3 0.4 0.1" "GOMP_Task_Create"
5 "ST_Thread" "Creating an OpenMP Task" "0.1 0.5 0.8" "GOMP_Untied_Task_Create"
5 "ST_Thread" "Sending" "1.0 0.6 0.0" "STV_MPI_Send"
5 "ST_Thread" "MPI_Isend" "1.0 0.6 0.0" "STV_MPI_Isend"
5 "ST_Thread" "MPI_Ibsend" "1.0 0.6 0.0" "STV_MPI_Ibsend"
5 "ST_Thread" "MPI_Issend" "1.0 0.6 0.0" "STV_MPI_Issend"
5 "ST_Thread" "MPI_Irsend" "1.0 0.6 0.0" "STV_MPI_Irsend"
5 "ST_Thread" "SendRecv" "1.0 0.6 0.0" "STV_MPI_Sendrecv"
5 "ST_Thread" "Receiving" "0.6 0.1 0.9" "STV_MPI_Recv"
5 "ST_Thread" "MPI_Irecv" "0.6 0.1 0.9" "STV_MPI_Irecv"
5 "ST_Thread" "MPI_Wait" "1.0 0.0 0.0" "STV_MPI_Wait"
5 "ST_Thread" "MPI_Barrier" "1.0 0.0 1.0" "STV_MPI_Barrier"
5 "ST_Thread" "MPI_BCast" "1.0 0.0 1.0" "STV_MPI_BCast"
5 "ST_Thread" "MPI_Gather" "1.0 0.0 1.0" "STV_MPI_Gather"
5 "ST_Thread" "MPI_Scatter" "1.0 0.0 1.0" "STV_MPI_Scatter"
5 "ST_Thread" "MPI_Allgather" "1.0 0.0 1.0" "STV_MPI_Allgather"
5 "ST_Thread" "MPI_Alltoall" "1.0 0.0 1.0" "STV_MPI_Alltoall"
5 "ST_Thread" "MPI_Reduce" "1.0 0.0 1.0" "STV_MPI_Reduce"
5 "ST_Thread" "MPI_Allreduce" "1.0 0.0 1.0" "STV_MPI_Allreduce"
5 "ST_Thread" "MPI_Reduce_scatter" "1.0 0.0 1.0" "STV_MPI_reduce_scatter"
5 "ST_Thread" "MPI_Scan" "1.0 0.0 1.0" "STV_MPI_Scan"
5 "ST_Thread" "MPI_Ibarrier" "1.0 0.0 1.0" "STV_MPI_Ibarrier"
5 "ST_Thread" "MPI_Ibcast" "1.0 0.0 1.0" "STV_MPI_Ibcast"
5 "ST_Thread" "MPI_Igather" "1.0 0.0 1.0" "STV_MPI_Igather"
5 "ST_Thread" "MPI_Iscatter" "1.0 0.0 1.0" "STV_MPI_Iscatter"
5 "ST_Thread" "MPI_Iallgather" "1.0 0.0 1.0" "STV_MPI_Iallgather"
5 "ST_Thread" "MPI_Ialltoall" "1.0 0.0 1.0" "STV_MPI_Ialltoall"
5 "ST_Thread" "MPI_Ireduce" "1.0 0.0 1.0" "STV_MPI_Ireduce"
5 "ST_Thread" "MPI_Iallreduce" "1.0 0.0 1.0" "STV_MPI_Iallreduce"
5 "ST_Thread" "MPI_Ireduce_scatter" "1.0 0.0 1.0" "STV_MPI_Ireduce_scatter"
5 "ST_Thread" "MPI_Iscan" "1.0 0.0 1.0" "STV_MPI_Iscan"
5 "ST_Thread" "MPI_Probe" "0.6 0.1 0.9" "STV_MPI_Probe"
4 "MPI collective communication" "CT_Program" "CT_Thread" "CT_Thread" "L_MPI_Coll"
4 "MPI point to point communication" "CT_Program" "CT_Thread" "CT_Thread" "L_MPI_P2P"
4 "MPI SPAWN" "CT_Program" "CT_Thread" "CT_Thread" "L_MPI_SPAWN"
2 "MPI Send" "CT_Thread" "E_MPI_CommSend"
2 "MPI Recv" "CT_Thread" "E_MPI_CommRecv"
2 "End of an MPI communication" "CT_Thread" "E_MPI_EndComm"
2 "MPI_Probe" "CT_Thread" "E_MPI_Probe_success"
2 "MPI_IProbe success" "CT_Thread" "E_MPI_Iprobe_success"
2 "MPI_IProbe failed" "CT_Thread" "E_MPI_Iprobe_failed"
3 "Memory used" "CT_Process" "0 0 0" "V_Mem"
7 0.0000000000000e+00 "Program" "CT_Program" 0 "C_Prog"
7 0.0000000000000e+00 "P#0" "CT_Process" "C_Prog" "P#0"
7 0.0000000000000e+00 "P#0_T#3933951424" "CT_Thread" "P#0" "P#0_T#3933951424"
10 0.0000000000000e+00 "ST_Thread" "P#0_T#3933951424" "STV_Working"
7 0.0000000000000e+00 "P#1" "CT_Process" "C_Prog" "P#1"
7 0.0000000000000e+00 "P#1_T#2696803776" "CT_Thread" "P#1" "P#1_T#2696803776"
10 0.0000000000000e+00 "ST_Thread" "P#1_T#2696803776" "STV_Working"
7 0.0000000000000e+00 "P#10" "CT_Process" "C_Prog" "P#10"
7 0.0000000000000e+00 "P#10_T#2476815808" "CT_Thread" "P#10" "P#10_T#2476815808"
10 0.0000000000000e+00 "ST_Thread" "P#10_T#2476815808" "STV_Working"
7 0.0000000000000e+00 "P#11" "CT_Process" "C_Prog" "P#11"
7 0.0000000000000e+00 "P#11_T#1363334592" "CT_Thread" "P#11" "P#11_T#1363334592"
10 0.0000000000000e+00 "ST_Thread" "P#11_T#1363334592" "STV_Working"
7 0.0000000000000e+00 "P#12" "CT_Process" "C_Prog" "P#12"
7 0.0000000000000e+00 "P#12_T#3266468736" "CT_Thread" "P#12" "P#12_T#3266468736"
10 0.0000000000000e+00 "ST_Thread" "P#12_T#3266468736" "STV_Working"
7 0.0000000000000e+00 "P#2" "CT_Process" "C_Prog" "P#2"
7 0.0000000000000e+00 "P#2_T#1649153472" "CT_Thread" "P#2" "P#2_T#1649153472"
10 0.0000000000000e+00 "ST_Thread" "P#2_T#1649153472" "STV_Working"
7 0.0000000000000e+00 "P#3" "CT_Process" "C_Prog" "P#3"
7 0.0000000000000e+00 "P#3_T#3905246656" "CT_Thread" "P#3" "P#3_T#3905246656"
10 0.0000000000000e+00 "ST_Thread" "P#3_T#3905246656" "STV_Working"
7 0.0000000000000e+00 "P#4" "CT_Process" "C_Prog" "P#4"
7 0.0000000000000e+00 "P#4_T#103667136" "CT_Thread" "P#4" "P#4_T#103667136"
10 0.0000000000000e+00 "ST_Thread" "P#4_T#103667136" "STV_Working"
7 0.0000000000000e+00 "P#5" "CT_Process" "C_Prog" "P#5"
7 0.0000000000000e+00 "P#5_T#104146368" "CT_Thread" "P#5" "P#5_T#104146368"
10 0.0000000000000e+00 "ST_Thread" "P#5_T#104146368" "STV_Working"
7 0.0000000000000e+00 "P#6" "CT_Process" "C_Prog" "P#6"
7 0.0000000000000e+00 "P#6_T#3062117824" "CT_Thread" "P#6" "P#6_T#3062117824"
10 0.0000000000000e+00 "ST_Thread" "P#6_T#3062117824" "STV_Working"
7 0.0000000000000e+00 "P#7" "CT_Process" "C_Prog" "P#7"
7 0.0000000000000e+00 "P#7_T#3852604864" "CT_Thread" "P#7" "P#7_T#3852604864"
10 0.0000000000000e+00 "ST_Thread" "P#7_T#3852604864" "STV_Working"
7 0.0000000000000e+00 "P#8" "CT_Process" "C_Prog" "P#8"
7 0.0000000000000e+00 "P#8_T#4144903616" "CT_Thread" "P#8" "P#8_T#4144903616"
10 0.0000000000000e+00 "ST_Thread" "P#8_T#4144903616" "STV_Working"
7 0.0000000000000e+00 "P#9" "CT_Process" "C_Prog" "P#9"
7 0.0000000000000e+00 "P#9_T#1314772416" "CT_Thread" "P#9" "P#9_T#1314772416"
10 0.0000000000000e+00 "ST_Thread" "P#9_T#1314772416" "STV_Working"
11 1.2463000000000e-02 "ST_Thread" "P#3_T#3905246656" "STV_MPI_Recv"
11 1.2878000000000e-02 "ST_Thread" "P#11_T#1363334592" "STV_MPI_Recv"
11 1.3038000000000e-02 "ST_Thread" "P#1_T#2696803776" "STV_MPI_Recv"
11 1.3739000000000e-02 "ST_Thread" "P#9_T#1314772416" "STV_MPI_Recv"
11 1.4956000000000e-02 "ST_Thread" "P#5_T#104146368" "STV_MPI_Recv"
11 1.5448000000000e-02 "ST_Thread" "P#7_T#3852604864" "STV_MPI_Recv"
11 1.8812000000000e-02 "ST_Thread" "P#2_T#1649153472" "STV_MPI_Recv"
11 2.2204000000000e-02 "ST_Thread" "P#1_T#2696803776" "STV_EZTRACE_SYNC"
11 2.3795000000000e-02 "ST_Thread" "P#12_T#3266468736" "STV_MPI_Recv"
11 4.3273000000000e-02 "ST_Thread" "P#10_T#2476815808" "STV_MPI_Recv"
11 4.7398000000000e-02 "ST_Thread" "P#6_T#3062117824" "STV_MPI_Recv"
11 4.7798000000000e-02 "ST_Thread" "P#4_T#103667136" "STV_MPI_Recv"
11 4.8416000000000e-02 "ST_Thread" "P#8_T#4144903616" "STV_MPI_Recv"
11 4.4541600000000e-01 "ST_Thread" "P#0_T#3933951424" "STV_MPI_Send"
12 4.4541600000000e-01 "ST_Thread" "P#1_T#2696803776"
40 4.4541600000000e-01 "L_MPI_P2P" "C_Prog" "P#0_T#3933951424" "src=0, dest=1, len=4, tag=0" "0_1_                   0_0x5575c793b0"
41 4.4541600000000e-01 "L_MPI_P2P" "C_Prog" "P#1_T#2696803776" "src=0, dest=1, len=4, tag=0" "0_1_                   0_0x5575c793b0"
12 4.4541600000000e-01 "ST_Thread" "P#1_T#2696803776"
11 4.5026400000000e-01 "ST_Thread" "P#1_T#2696803776" "STV_MPI_Recv"
12 4.5170900000000e-01 "ST_Thread" "P#0_T#3933951424"
11 4.5182400000000e-01 "ST_Thread" "P#0_T#3933951424" "STV_MPI_Send"
40 4.5182400000000e-01 "L_MPI_P2P" "C_Prog" "P#0_T#3933951424" "src=0, dest=1, len=71550, tag=1" "0_1_                   1_0x5575c79438"
41 4.8152800000000e-01 "L_MPI_P2P" "C_Prog" "P#1_T#2696803776" "src=0, dest=1, len=71550, tag=1" "0_1_                   1_0x5575c79438"
12 4.8152800000000e-01 "ST_Thread" "P#1_T#2696803776"
11 1.3725640000000e+00 "ST_Thread" "P#2_T#1649153472" "STV_EZTRACE_SYNC"
12 1.6015180000000e+00 "ST_Thread" "P#0_T#3933951424"
11 1.6017220000000e+00 "ST_Thread" "P#0_T#3933951424" "STV_MPI_Send"
12 1.6017220000000e+00 "ST_Thread" "P#2_T#1649153472"
40 1.6017220000000e+00 "L_MPI_P2P" "C_Prog" "P#0_T#3933951424" "src=0, dest=2, len=4, tag=0" "0_2_                   0_0x5575c8bfd0"
41 1.6017220000000e+00 "L_MPI_P2P" "C_Prog" "P#2_T#1649153472" "src=0, dest=2, len=4, tag=0" "0_2_                   0_0x5575c8bfd0"
12 1.6017220000000e+00 "ST_Thread" "P#2_T#1649153472"
12 1.6021610000000e+00 "ST_Thread" "P#0_T#3933951424"
11 1.6022250000000e+00 "ST_Thread" "P#0_T#3933951424" "STV_MPI_Send"
40 1.6022250000000e+00 "L_MPI_P2P" "C_Prog" "P#0_T#3933951424" "src=0, dest=2, len=71550, tag=1" "0_2_                   1_0x5575c8c058"
11 1.6058940000000e+00 "ST_Thread" "P#2_T#1649153472" "STV_MPI_Recv"
11 1.7482630000000e+00 "ST_Thread" "P#3_T#3905246656" "STV_EZTRACE_SYNC"
41 2.4628620000000e+00 "L_MPI_P2P" "C_Prog" "P#2_T#1649153472" "src=0, dest=2, len=71550, tag=1" "0_2_                   1_0x5575c8c058"
12 2.4628620000000e+00 "ST_Thread" "P#2_T#1649153472"
12 2.6280450000000e+00 "ST_Thread" "P#0_T#3933951424"
11 2.6281760000000e+00 "ST_Thread" "P#0_T#3933951424" "STV_MPI_Send"
12 2.6281760000000e+00 "ST_Thread" "P#3_T#3905246656"
40 2.6281760000000e+00 "L_MPI_P2P" "C_Prog" "P#0_T#3933951424" "src=0, dest=3, len=4, tag=0" "0_3_                   0_0x5575c9ebf0"
41 2.6281760000000e+00 "L_MPI_P2P" "C_Prog" "P#3_T#3905246656" "src=0, dest=3, len=4, tag=0" "0_3_                   0_0x5575c9ebf0"
12 2.6281760000000e+00 "ST_Thread" "P#3_T#3905246656"
11 2.6306840000000e+00 "ST_Thread" "P#3_T#3905246656" "STV_MPI_Recv"
12 2.9041950000000e+00 "ST_Thread" "P#0_T#3933951424"
11 2.9044890000000e+00 "ST_Thread" "P#0_T#3933951424" "STV_MPI_Send"
40 2.9044890000000e+00 "L_MPI_P2P" "C_Prog" "P#0_T#3933951424" "src=0, dest=3, len=71550, tag=1" "0_3_                   1_0x5575c9ec78"
41 3.6152410000000e+00 "L_MPI_P2P" "C_Prog" "P#3_T#3905246656" "src=0, dest=3, len=71550, tag=1" "0_3_                   1_0x5575c9ec78"
12 3.6152410000000e+00 "ST_Thread" "P#3_T#3905246656"
11 3.6621770000000e+00 "ST_Thread" "P#5_T#104146368" "STV_EZTRACE_SYNC"
11 3.9042890000000e+00 "ST_Thread" "P#4_T#103667136" "STV_EZTRACE_SYNC"
12 4.2268530000000e+00 "ST_Thread" "P#0_T#3933951424"
11 4.2270440000000e+00 "ST_Thread" "P#0_T#3933951424" "STV_MPI_Send"
12 4.2270440000000e+00 "ST_Thread" "P#4_T#103667136"
40 4.2270440000000e+00 "L_MPI_P2P" "C_Prog" "P#0_T#3933951424" "src=0, dest=4, len=4, tag=0" "0_4_                   0_0x5575cb1810"
41 4.2270440000000e+00 "L_MPI_P2P" "C_Prog" "P#4_T#103667136" "src=0, dest=4, len=4, tag=0" "0_4_                   0_0x5575cb1810"
12 4.2270440000000e+00 "ST_Thread" "P#4_T#103667136"
12 4.2274580000000e+00 "ST_Thread" "P#0_T#3933951424"
11 4.2275150000000e+00 "ST_Thread" "P#0_T#3933951424" "STV_MPI_Send"
40 4.2275150000000e+00 "L_MPI_P2P" "C_Prog" "P#0_T#3933951424" "src=0, dest=4, len=71550, tag=1" "0_4_                   1_0x5575cb1898"
11 4.2729570000000e+00 "ST_Thread" "P#4_T#103667136" "STV_MPI_Recv"
41 5.1751840000000e+00 "L_MPI_P2P" "C_Prog" "P#4_T#103667136" "src=0, dest=4, len=71550, tag=1" "0_4_                   1_0x5575cb1898"
12 5.1751840000000e+00 "ST_Thread" "P#4_T#103667136"
12 5.3763830000000e+00 "ST_Thread" "P#0_T#3933951424"
11 5.3768240000000e+00 "ST_Thread" "P#0_T#3933951424" "STV_MPI_Send"
12 5.3768240000000e+00 "ST_Thread" "P#5_T#104146368"
40 5.3768240000000e+00 "L_MPI_P2P" "C_Prog" "P#0_T#3933951424" "src=0, dest=5, len=4, tag=0" "0_5_                   0_0x5575cc4430"
41 5.3768240000000e+00 "L_MPI_P2P" "C_Prog" "P#5_T#104146368" "src=0, dest=5, len=4, tag=0" "0_5_                   0_0x5575cc4430"
12 5.3768240000000e+00 "ST_Thread" "P#5_T#104146368"
12 5.3776770000000e+00 "ST_Thread" "P#0_T#3933951424"
11 5.3777530000000e+00 "ST_Thread" "P#0_T#3933951424" "STV_MPI_Send"
40 5.3777530000000e+00 "L_MPI_P2P" "C_Prog" "P#0_T#3933951424" "src=0, dest=5, len=71550, tag=1" "0_5_                   1_0x5575cc44b8"
11 5.3804560000000e+00 "ST_Thread" "P#5_T#104146368" "STV_MPI_Recv"
11 5.9547560000000e+00 "ST_Thread" "P#6_T#3062117824" "STV_EZTRACE_SYNC"
41 6.3148810000000e+00 "L_MPI_P2P" "C_Prog" "P#5_T#104146368" "src=0, dest=5, len=71550, tag=1" "0_5_                   1_0x5575cc44b8"
12 6.3148810000000e+00 "ST_Thread" "P#5_T#104146368"
12 6.6585500000000e+00 "ST_Thread" "P#0_T#3933951424"
11 6.6587370000000e+00 "ST_Thread" "P#0_T#3933951424" "STV_MPI_Send"
12 6.6587370000000e+00 "ST_Thread" "P#6_T#3062117824"
40 6.6587370000000e+00 "L_MPI_P2P" "C_Prog" "P#0_T#3933951424" "src=0, dest=6, len=4, tag=0" "0_6_                   0_0x5575cd7050"
41 6.6587370000000e+00 "L_MPI_P2P" "C_Prog" "P#6_T#3062117824" "src=0, dest=6, len=4, tag=0" "0_6_                   0_0x5575cd7050"
12 6.6587370000000e+00 "ST_Thread" "P#6_T#3062117824"
11 6.6764610000000e+00 "ST_Thread" "P#6_T#3062117824" "STV_MPI_Recv"
12 6.9374880000000e+00 "ST_Thread" "P#0_T#3933951424"
11 6.9377880000000e+00 "ST_Thread" "P#0_T#3933951424" "STV_MPI_Send"
40 6.9377880000000e+00 "L_MPI_P2P" "C_Prog" "P#0_T#3933951424" "src=0, dest=6, len=71550, tag=1" "0_6_                   1_0x5575cd70d8"
41 7.8444190000000e+00 "L_MPI_P2P" "C_Prog" "P#6_T#3062117824" "src=0, dest=6, len=71550, tag=1" "0_6_                   1_0x5575cd70d8"
12 7.8444190000000e+00 "ST_Thread" "P#6_T#3062117824"
12 8.5153270000000e+00 "ST_Thread" "P#0_T#3933951424"
11 8.5155440000000e+00 "ST_Thread" "P#0_T#3933951424" "STV_MPI_Send"
40 8.5155440000000e+00 "L_MPI_P2P" "C_Prog" "P#0_T#3933951424" "src=0, dest=7, len=4, tag=0" "0_7_                   0_0x5575ce9c70"
41 8.7737300000000e+00 "L_MPI_P2P" "C_Prog" "P#7_T#3852604864" "src=0, dest=7, len=4, tag=0" "0_7_                   0_0x5575ce9c70"
12 8.7737300000000e+00 "ST_Thread" "P#7_T#3852604864"
11 8.7768890000000e+00 "ST_Thread" "P#7_T#3852604864" "STV_MPI_Recv"
12 8.7835140000000e+00 "ST_Thread" "P#0_T#3933951424"
11 8.7837880000000e+00 "ST_Thread" "P#0_T#3933951424" "STV_MPI_Send"
40 8.7837880000000e+00 "L_MPI_P2P" "C_Prog" "P#0_T#3933951424" "src=0, dest=7, len=71550, tag=1" "0_7_                   1_0x5575ce9cf8"
11 8.8193150000000e+00 "ST_Thread" "P#8_T#4144903616" "STV_EZTRACE_SYNC"
41 9.4513760000000e+00 "L_MPI_P2P" "C_Prog" "P#7_T#3852604864" "src=0, dest=7, len=71550, tag=1" "0_7_                   1_0x5575ce9cf8"
12 9.4513760000000e+00 "ST_Thread" "P#7_T#3852604864"
12 9.8166680000000e+00 "ST_Thread" "P#0_T#3933951424"
11 9.8168360000000e+00 "ST_Thread" "P#0_T#3933951424" "STV_MPI_Send"
12 9.8168360000000e+00 "ST_Thread" "P#8_T#4144903616"
40 9.8168360000000e+00 "L_MPI_P2P" "C_Prog" "P#0_T#3933951424" "src=0, dest=8, len=4, tag=0" "0_8_                   0_0x5575cfc890"
41 9.8168360000000e+00 "L_MPI_P2P" "C_Prog" "P#8_T#4144903616" "src=0, dest=8, len=4, tag=0" "0_8_                   0_0x5575cfc890"
12 9.8168360000000e+00 "ST_Thread" "P#8_T#4144903616"
12 9.8172820000000e+00 "ST_Thread" "P#0_T#3933951424"
11 9.8173370000000e+00 "ST_Thread" "P#0_T#3933951424" "STV_MPI_Send"
40 9.8173370000000e+00 "L_MPI_P2P" "C_Prog" "P#0_T#3933951424" "src=0, dest=8, len=71550, tag=1" "0_8_                   1_0x5575cfc918"
11 9.8334560000000e+00 "ST_Thread" "P#8_T#4144903616" "STV_MPI_Recv"
41 1.0992921000000e+01 "L_MPI_P2P" "C_Prog" "P#8_T#4144903616" "src=0, dest=8, len=71550, tag=1" "0_8_                   1_0x5575cfc918"
12 1.0992921000000e+01 "ST_Thread" "P#8_T#4144903616"
11 1.1249706000000e+01 "ST_Thread" "P#9_T#1314772416" "STV_EZTRACE_SYNC"
12 1.1369673000000e+01 "ST_Thread" "P#0_T#3933951424"
11 1.1369814000000e+01 "ST_Thread" "P#0_T#3933951424" "STV_MPI_Send"
12 1.1369814000000e+01 "ST_Thread" "P#9_T#1314772416"
40 1.1369814000000e+01 "L_MPI_P2P" "C_Prog" "P#0_T#3933951424" "src=0, dest=9, len=4, tag=0" "0_9_                   0_0x5575d0f4b0"
41 1.1369814000000e+01 "L_MPI_P2P" "C_Prog" "P#9_T#1314772416" "src=0, dest=9, len=4, tag=0" "0_9_                   0_0x5575d0f4b0"
12 1.1369814000000e+01 "ST_Thread" "P#9_T#1314772416"
12 1.1370239000000e+01 "ST_Thread" "P#0_T#3933951424"
11 1.1370296000000e+01 "ST_Thread" "P#0_T#3933951424" "STV_MPI_Send"
40 1.1370296000000e+01 "L_MPI_P2P" "C_Prog" "P#0_T#3933951424" "src=0, dest=9, len=71550, tag=1" "0_9_                   1_0x5575d0f538"
11 1.1373109000000e+01 "ST_Thread" "P#9_T#1314772416" "STV_MPI_Recv"
11 1.1899890000000e+01 "ST_Thread" "P#10_T#2476815808" "STV_EZTRACE_SYNC"
41 1.2559027000000e+01 "L_MPI_P2P" "C_Prog" "P#9_T#1314772416" "src=0, dest=9, len=71550, tag=1" "0_9_                   1_0x5575d0f538"
12 1.2559027000000e+01 "ST_Thread" "P#9_T#1314772416"
12 1.2943472000000e+01 "ST_Thread" "P#0_T#3933951424"
11 1.2943925000000e+01 "ST_Thread" "P#0_T#3933951424" "STV_MPI_Send"
12 1.2943925000000e+01 "ST_Thread" "P#10_T#2476815808"
40 1.2943925000000e+01 "L_MPI_P2P" "C_Prog" "P#0_T#3933951424" "src=0, dest=10, len=4, tag=0" "0_10_                   0_0x5575d220d0"
41 1.2943925000000e+01 "L_MPI_P2P" "C_Prog" "P#10_T#2476815808" "src=0, dest=10, len=4, tag=0" "0_10_                   0_0x5575d220d0"
12 1.2943925000000e+01 "ST_Thread" "P#10_T#2476815808"
11 1.2956428000000e+01 "ST_Thread" "P#10_T#2476815808" "STV_MPI_Recv"
12 1.3236169000000e+01 "ST_Thread" "P#0_T#3933951424"
11 1.3236511000000e+01 "ST_Thread" "P#0_T#3933951424" "STV_MPI_Send"
40 1.3236511000000e+01 "L_MPI_P2P" "C_Prog" "P#0_T#3933951424" "src=0, dest=10, len=71550, tag=1" "0_10_                   1_0x5575d22158"
41 1.3858649000000e+01 "L_MPI_P2P" "C_Prog" "P#10_T#2476815808" "src=0, dest=10, len=71550, tag=1" "0_10_                   1_0x5575d22158"
12 1.3858649000000e+01 "ST_Thread" "P#10_T#2476815808"
11 1.4053730000000e+01 "ST_Thread" "P#11_T#1363334592" "STV_EZTRACE_SYNC"
12 1.4506079000000e+01 "ST_Thread" "P#0_T#3933951424"
11 1.4506287000000e+01 "ST_Thread" "P#0_T#3933951424" "STV_MPI_Send"
12 1.4506287000000e+01 "ST_Thread" "P#11_T#1363334592"
40 1.4506287000000e+01 "L_MPI_P2P" "C_Prog" "P#0_T#3933951424" "src=0, dest=11, len=4, tag=0" "0_11_                   0_0x5575d34cf0"
41 1.4506287000000e+01 "L_MPI_P2P" "C_Prog" "P#11_T#1363334592" "src=0, dest=11, len=4, tag=0" "0_11_                   0_0x5575d34cf0"
12 1.4506287000000e+01 "ST_Thread" "P#11_T#1363334592"
12 1.4506730000000e+01 "ST_Thread" "P#0_T#3933951424"
11 1.4506787000000e+01 "ST_Thread" "P#0_T#3933951424" "STV_MPI_Send"
40 1.4506787000000e+01 "L_MPI_P2P" "C_Prog" "P#0_T#3933951424" "src=0, dest=11, len=71550, tag=1" "0_11_                   1_0x5575d34d78"
11 1.4508829000000e+01 "ST_Thread" "P#11_T#1363334592" "STV_MPI_Recv"
11 1.5006033000000e+01 "ST_Thread" "P#12_T#3266468736" "STV_EZTRACE_SYNC"
41 1.5390038000000e+01 "L_MPI_P2P" "C_Prog" "P#11_T#1363334592" "src=0, dest=11, len=71550, tag=1" "0_11_                   1_0x5575d34d78"
12 1.5390038000000e+01 "ST_Thread" "P#11_T#1363334592"
12 1.5639118000000e+01 "ST_Thread" "P#0_T#3933951424"
11 1.5639308000000e+01 "ST_Thread" "P#0_T#3933951424" "STV_MPI_Send"
12 1.5639308000000e+01 "ST_Thread" "P#12_T#3266468736"
40 1.5639308000000e+01 "L_MPI_P2P" "C_Prog" "P#0_T#3933951424" "src=0, dest=12, len=4, tag=0" "0_12_                   0_0x5575d47910"
41 1.5639308000000e+01 "L_MPI_P2P" "C_Prog" "P#12_T#3266468736" "src=0, dest=12, len=4, tag=0" "0_12_                   0_0x5575d47910"
12 1.5639308000000e+01 "ST_Thread" "P#12_T#3266468736"
12 1.5639781000000e+01 "ST_Thread" "P#0_T#3933951424"
11 1.5639846000000e+01 "ST_Thread" "P#0_T#3933951424" "STV_MPI_Send"
40 1.5639846000000e+01 "L_MPI_P2P" "C_Prog" "P#0_T#3933951424" "src=0, dest=12, len=71542, tag=1" "0_12_                   1_0x5575d47998"
11 1.5644110000000e+01 "ST_Thread" "P#12_T#3266468736" "STV_MPI_Recv"
41 1.6678964000000e+01 "L_MPI_P2P" "C_Prog" "P#12_T#3266468736" "src=0, dest=12, len=71542, tag=1" "0_12_                   1_0x5575d47998"
12 1.6678964000000e+01 "ST_Thread" "P#12_T#3266468736"
12 1.6925405000000e+01 "ST_Thread" "P#0_T#3933951424"
11 4.6455155000000e+01 "ST_Thread" "P#1_T#2696803776" "STV_MPI_Reduce"
40 4.6455155000000e+01 "L_MPI_Coll" "C_Prog" "P#1_T#2696803776" "src=1, dest=0" "1_0_0x7f5c0fd020"
40 4.6455155000000e+01 "L_MPI_Coll" "C_Prog" "P#1_T#2696803776" "src=1, dest=2" "1_2_0x7f5c0fd020"
40 4.6455155000000e+01 "L_MPI_Coll" "C_Prog" "P#1_T#2696803776" "src=1, dest=3" "1_3_0x7f5c0fd020"
40 4.6455155000000e+01 "L_MPI_Coll" "C_Prog" "P#1_T#2696803776" "src=1, dest=4" "1_4_0x7f5c0fd020"
40 4.6455155000000e+01 "L_MPI_Coll" "C_Prog" "P#1_T#2696803776" "src=1, dest=5" "1_5_0x7f5c0fd020"
40 4.6455155000000e+01 "L_MPI_Coll" "C_Prog" "P#1_T#2696803776" "src=1, dest=6" "1_6_0x7f5c0fd020"
40 4.6455155000000e+01 "L_MPI_Coll" "C_Prog" "P#1_T#2696803776" "src=1, dest=7" "1_7_0x7f5c0fd020"
40 4.6455155000000e+01 "L_MPI_Coll" "C_Prog" "P#1_T#2696803776" "src=1, dest=8" "1_8_0x7f5c0fd020"
40 4.6455155000000e+01 "L_MPI_Coll" "C_Prog" "P#1_T#2696803776" "src=1, dest=9" "1_9_0x7f5c0fd020"
40 4.6455155000000e+01 "L_MPI_Coll" "C_Prog" "P#1_T#2696803776" "src=1, dest=10" "1_10_0x7f5c0fd020"
40 4.6455155000000e+01 "L_MPI_Coll" "C_Prog" "P#1_T#2696803776" "src=1, dest=11" "1_11_0x7f5c0fd020"
40 4.6455155000000e+01 "L_MPI_Coll" "C_Prog" "P#1_T#2696803776" "src=1, dest=12" "1_12_0x7f5c0fd020"
41 4.6468167000000e+01 "L_MPI_Coll" "C_Prog" "P#1_T#2696803776" "src=0, dest=1" "0_1_0x7f5c0fd020"
41 4.6468167000000e+01 "L_MPI_Coll" "C_Prog" "P#1_T#2696803776" "src=2, dest=1" "2_1_0x7f5c0fd020"
41 4.6468167000000e+01 "L_MPI_Coll" "C_Prog" "P#1_T#2696803776" "src=3, dest=1" "3_1_0x7f5c0fd020"
41 4.6468167000000e+01 "L_MPI_Coll" "C_Prog" "P#1_T#2696803776" "src=4, dest=1" "4_1_0x7f5c0fd020"
41 4.6468167000000e+01 "L_MPI_Coll" "C_Prog" "P#1_T#2696803776" "src=5, dest=1" "5_1_0x7f5c0fd020"
41 4.6468167000000e+01 "L_MPI_Coll" "C_Prog" "P#1_T#2696803776" "src=6, dest=1" "6_1_0x7f5c0fd020"
41 4.6468167000000e+01 "L_MPI_Coll" "C_Prog" "P#1_T#2696803776" "src=7, dest=1" "7_1_0x7f5c0fd020"
41 4.6468167000000e+01 "L_MPI_Coll" "C_Prog" "P#1_T#2696803776" "src=8, dest=1" "8_1_0x7f5c0fd020"
41 4.6468167000000e+01 "L_MPI_Coll" "C_Prog" "P#1_T#2696803776" "src=9, dest=1" "9_1_0x7f5c0fd020"
41 4.6468167000000e+01 "L_MPI_Coll" "C_Prog" "P#1_T#2696803776" "src=10, dest=1" "10_1_0x7f5c0fd020"
41 4.6468167000000e+01 "L_MPI_Coll" "C_Prog" "P#1_T#2696803776" "src=11, dest=1" "11_1_0x7f5c0fd020"
41 4.6468167000000e+01 "L_MPI_Coll" "C_Prog" "P#1_T#2696803776" "src=12, dest=1" "12_1_0x7f5c0fd020"
12 4.6468167000000e+01 "ST_Thread" "P#1_T#2696803776"
11 5.1158907000000e+01 "ST_Thread" "P#3_T#3905246656" "STV_MPI_Reduce"
40 5.1158907000000e+01 "L_MPI_Coll" "C_Prog" "P#3_T#3905246656" "src=3, dest=0" "3_0_0x7f5c0fd020"
40 5.1158907000000e+01 "L_MPI_Coll" "C_Prog" "P#3_T#3905246656" "src=3, dest=1" "3_1_0x7f5c0fd020"
40 5.1158907000000e+01 "L_MPI_Coll" "C_Prog" "P#3_T#3905246656" "src=3, dest=2" "3_2_0x7f5c0fd020"
40 5.1158907000000e+01 "L_MPI_Coll" "C_Prog" "P#3_T#3905246656" "src=3, dest=4" "3_4_0x7f5c0fd020"
40 5.1158907000000e+01 "L_MPI_Coll" "C_Prog" "P#3_T#3905246656" "src=3, dest=5" "3_5_0x7f5c0fd020"
40 5.1158907000000e+01 "L_MPI_Coll" "C_Prog" "P#3_T#3905246656" "src=3, dest=6" "3_6_0x7f5c0fd020"
40 5.1158907000000e+01 "L_MPI_Coll" "C_Prog" "P#3_T#3905246656" "src=3, dest=7" "3_7_0x7f5c0fd020"
40 5.1158907000000e+01 "L_MPI_Coll" "C_Prog" "P#3_T#3905246656" "src=3, dest=8" "3_8_0x7f5c0fd020"
40 5.1158907000000e+01 "L_MPI_Coll" "C_Prog" "P#3_T#3905246656" "src=3, dest=9" "3_9_0x7f5c0fd020"
40 5.1158907000000e+01 "L_MPI_Coll" "C_Prog" "P#3_T#3905246656" "src=3, dest=10" "3_10_0x7f5c0fd020"
40 5.1158907000000e+01 "L_MPI_Coll" "C_Prog" "P#3_T#3905246656" "src=3, dest=11" "3_11_0x7f5c0fd020"
40 5.1158907000000e+01 "L_MPI_Coll" "C_Prog" "P#3_T#3905246656" "src=3, dest=12" "3_12_0x7f5c0fd020"
41 5.1168175000000e+01 "L_MPI_Coll" "C_Prog" "P#3_T#3905246656" "src=0, dest=3" "0_3_0x7f5c0fd020"
41 5.1168175000000e+01 "L_MPI_Coll" "C_Prog" "P#3_T#3905246656" "src=1, dest=3" "1_3_0x7f5c0fd020"
41 5.1168175000000e+01 "L_MPI_Coll" "C_Prog" "P#3_T#3905246656" "src=2, dest=3" "2_3_0x7f5c0fd020"
41 5.1168175000000e+01 "L_MPI_Coll" "C_Prog" "P#3_T#3905246656" "src=4, dest=3" "4_3_0x7f5c0fd020"
41 5.1168175000000e+01 "L_MPI_Coll" "C_Prog" "P#3_T#3905246656" "src=5, dest=3" "5_3_0x7f5c0fd020"
41 5.1168175000000e+01 "L_MPI_Coll" "C_Prog" "P#3_T#3905246656" "src=6, dest=3" "6_3_0x7f5c0fd020"
41 5.1168175000000e+01 "L_MPI_Coll" "C_Prog" "P#3_T#3905246656" "src=7, dest=3" "7_3_0x7f5c0fd020"
41 5.1168175000000e+01 "L_MPI_Coll" "C_Prog" "P#3_T#3905246656" "src=8, dest=3" "8_3_0x7f5c0fd020"
41 5.1168175000000e+01 "L_MPI_Coll" "C_Prog" "P#3_T#3905246656" "src=9, dest=3" "9_3_0x7f5c0fd020"
41 5.1168175000000e+01 "L_MPI_Coll" "C_Prog" "P#3_T#3905246656" "src=10, dest=3" "10_3_0x7f5c0fd020"
41 5.1168175000000e+01 "L_MPI_Coll" "C_Prog" "P#3_T#3905246656" "src=11, dest=3" "11_3_0x7f5c0fd020"
41 5.1168175000000e+01 "L_MPI_Coll" "C_Prog" "P#3_T#3905246656" "src=12, dest=3" "12_3_0x7f5c0fd020"
12 5.1168175000000e+01 "ST_Thread" "P#3_T#3905246656"
11 5.6492141000000e+01 "ST_Thread" "P#5_T#104146368" "STV_MPI_Reduce"
40 5.6492141000000e+01 "L_MPI_Coll" "C_Prog" "P#5_T#104146368" "src=5, dest=0" "5_0_0x7f5c0fd020"
40 5.6492141000000e+01 "L_MPI_Coll" "C_Prog" "P#5_T#104146368" "src=5, dest=1" "5_1_0x7f5c0fd020"
40 5.6492141000000e+01 "L_MPI_Coll" "C_Prog" "P#5_T#104146368" "src=5, dest=2" "5_2_0x7f5c0fd020"
40 5.6492141000000e+01 "L_MPI_Coll" "C_Prog" "P#5_T#104146368" "src=5, dest=3" "5_3_0x7f5c0fd020"
40 5.6492141000000e+01 "L_MPI_Coll" "C_Prog" "P#5_T#104146368" "src=5, dest=4" "5_4_0x7f5c0fd020"
40 5.6492141000000e+01 "L_MPI_Coll" "C_Prog" "P#5_T#104146368" "src=5, dest=6" "5_6_0x7f5c0fd020"
40 5.6492141000000e+01 "L_MPI_Coll" "C_Prog" "P#5_T#104146368" "src=5, dest=7" "5_7_0x7f5c0fd020"
40 5.6492141000000e+01 "L_MPI_Coll" "C_Prog" "P#5_T#104146368" "src=5, dest=8" "5_8_0x7f5c0fd020"
40 5.6492141000000e+01 "L_MPI_Coll" "C_Prog" "P#5_T#104146368" "src=5, dest=9" "5_9_0x7f5c0fd020"
40 5.6492141000000e+01 "L_MPI_Coll" "C_Prog" "P#5_T#104146368" "src=5, dest=10" "5_10_0x7f5c0fd020"
40 5.6492141000000e+01 "L_MPI_Coll" "C_Prog" "P#5_T#104146368" "src=5, dest=11" "5_11_0x7f5c0fd020"
40 5.6492141000000e+01 "L_MPI_Coll" "C_Prog" "P#5_T#104146368" "src=5, dest=12" "5_12_0x7f5c0fd020"
41 5.6509580000000e+01 "L_MPI_Coll" "C_Prog" "P#5_T#104146368" "src=0, dest=5" "0_5_0x7f5c0fd020"
41 5.6509580000000e+01 "L_MPI_Coll" "C_Prog" "P#5_T#104146368" "src=1, dest=5" "1_5_0x7f5c0fd020"
41 5.6509580000000e+01 "L_MPI_Coll" "C_Prog" "P#5_T#104146368" "src=2, dest=5" "2_5_0x7f5c0fd020"
41 5.6509580000000e+01 "L_MPI_Coll" "C_Prog" "P#5_T#104146368" "src=3, dest=5" "3_5_0x7f5c0fd020"
41 5.6509580000000e+01 "L_MPI_Coll" "C_Prog" "P#5_T#104146368" "src=4, dest=5" "4_5_0x7f5c0fd020"
41 5.6509580000000e+01 "L_MPI_Coll" "C_Prog" "P#5_T#104146368" "src=6, dest=5" "6_5_0x7f5c0fd020"
41 5.6509580000000e+01 "L_MPI_Coll" "C_Prog" "P#5_T#104146368" "src=7, dest=5" "7_5_0x7f5c0fd020"
41 5.6509580000000e+01 "L_MPI_Coll" "C_Prog" "P#5_T#104146368" "src=8, dest=5" "8_5_0x7f5c0fd020"
41 5.6509580000000e+01 "L_MPI_Coll" "C_Prog" "P#5_T#104146368" "src=9, dest=5" "9_5_0x7f5c0fd020"
41 5.6509580000000e+01 "L_MPI_Coll" "C_Prog" "P#5_T#104146368" "src=10, dest=5" "10_5_0x7f5c0fd020"
41 5.6509580000000e+01 "L_MPI_Coll" "C_Prog" "P#5_T#104146368" "src=11, dest=5" "11_5_0x7f5c0fd020"
41 5.6509580000000e+01 "L_MPI_Coll" "C_Prog" "P#5_T#104146368" "src=12, dest=5" "12_5_0x7f5c0fd020"
12 5.6509580000000e+01 "ST_Thread" "P#5_T#104146368"
11 5.8685823000000e+01 "ST_Thread" "P#9_T#1314772416" "STV_MPI_Reduce"
40 5.8685823000000e+01 "L_MPI_Coll" "C_Prog" "P#9_T#1314772416" "src=9, dest=0" "9_0_0x7f5c0fd020"
40 5.8685823000000e+01 "L_MPI_Coll" "C_Prog" "P#9_T#1314772416" "src=9, dest=1" "9_1_0x7f5c0fd020"
40 5.8685823000000e+01 "L_MPI_Coll" "C_Prog" "P#9_T#1314772416" "src=9, dest=2" "9_2_0x7f5c0fd020"
40 5.8685823000000e+01 "L_MPI_Coll" "C_Prog" "P#9_T#1314772416" "src=9, dest=3" "9_3_0x7f5c0fd020"
40 5.8685823000000e+01 "L_MPI_Coll" "C_Prog" "P#9_T#1314772416" "src=9, dest=4" "9_4_0x7f5c0fd020"
40 5.8685823000000e+01 "L_MPI_Coll" "C_Prog" "P#9_T#1314772416" "src=9, dest=5" "9_5_0x7f5c0fd020"
40 5.8685823000000e+01 "L_MPI_Coll" "C_Prog" "P#9_T#1314772416" "src=9, dest=6" "9_6_0x7f5c0fd020"
40 5.8685823000000e+01 "L_MPI_Coll" "C_Prog" "P#9_T#1314772416" "src=9, dest=7" "9_7_0x7f5c0fd020"
40 5.8685823000000e+01 "L_MPI_Coll" "C_Prog" "P#9_T#1314772416" "src=9, dest=8" "9_8_0x7f5c0fd020"
40 5.8685823000000e+01 "L_MPI_Coll" "C_Prog" "P#9_T#1314772416" "src=9, dest=10" "9_10_0x7f5c0fd020"
40 5.8685823000000e+01 "L_MPI_Coll" "C_Prog" "P#9_T#1314772416" "src=9, dest=11" "9_11_0x7f5c0fd020"
40 5.8685823000000e+01 "L_MPI_Coll" "C_Prog" "P#9_T#1314772416" "src=9, dest=12" "9_12_0x7f5c0fd020"
41 5.8703723000000e+01 "L_MPI_Coll" "C_Prog" "P#9_T#1314772416" "src=0, dest=9" "0_9_0x7f5c0fd020"
41 5.8703723000000e+01 "L_MPI_Coll" "C_Prog" "P#9_T#1314772416" "src=1, dest=9" "1_9_0x7f5c0fd020"
41 5.8703723000000e+01 "L_MPI_Coll" "C_Prog" "P#9_T#1314772416" "src=2, dest=9" "2_9_0x7f5c0fd020"
41 5.8703723000000e+01 "L_MPI_Coll" "C_Prog" "P#9_T#1314772416" "src=3, dest=9" "3_9_0x7f5c0fd020"
41 5.8703723000000e+01 "L_MPI_Coll" "C_Prog" "P#9_T#1314772416" "src=4, dest=9" "4_9_0x7f5c0fd020"
41 5.8703723000000e+01 "L_MPI_Coll" "C_Prog" "P#9_T#1314772416" "src=5, dest=9" "5_9_0x7f5c0fd020"
41 5.8703723000000e+01 "L_MPI_Coll" "C_Prog" "P#9_T#1314772416" "src=6, dest=9" "6_9_0x7f5c0fd020"
41 5.8703723000000e+01 "L_MPI_Coll" "C_Prog" "P#9_T#1314772416" "src=7, dest=9" "7_9_0x7f5c0fd020"
41 5.8703723000000e+01 "L_MPI_Coll" "C_Prog" "P#9_T#1314772416" "src=8, dest=9" "8_9_0x7f5c0fd020"
41 5.8703723000000e+01 "L_MPI_Coll" "C_Prog" "P#9_T#1314772416" "src=10, dest=9" "10_9_0x7f5c0fd020"
41 5.8703723000000e+01 "L_MPI_Coll" "C_Prog" "P#9_T#1314772416" "src=11, dest=9" "11_9_0x7f5c0fd020"
41 5.8703723000000e+01 "L_MPI_Coll" "C_Prog" "P#9_T#1314772416" "src=12, dest=9" "12_9_0x7f5c0fd020"
12 5.8703723000000e+01 "ST_Thread" "P#9_T#1314772416"
11 5.8743487000000e+01 "ST_Thread" "P#7_T#3852604864" "STV_MPI_Reduce"
40 5.8743487000000e+01 "L_MPI_Coll" "C_Prog" "P#7_T#3852604864" "src=7, dest=0" "7_0_0x7f5c0fd020"
40 5.8743487000000e+01 "L_MPI_Coll" "C_Prog" "P#7_T#3852604864" "src=7, dest=1" "7_1_0x7f5c0fd020"
40 5.8743487000000e+01 "L_MPI_Coll" "C_Prog" "P#7_T#3852604864" "src=7, dest=2" "7_2_0x7f5c0fd020"
40 5.8743487000000e+01 "L_MPI_Coll" "C_Prog" "P#7_T#3852604864" "src=7, dest=3" "7_3_0x7f5c0fd020"
40 5.8743487000000e+01 "L_MPI_Coll" "C_Prog" "P#7_T#3852604864" "src=7, dest=4" "7_4_0x7f5c0fd020"
40 5.8743487000000e+01 "L_MPI_Coll" "C_Prog" "P#7_T#3852604864" "src=7, dest=5" "7_5_0x7f5c0fd020"
40 5.8743487000000e+01 "L_MPI_Coll" "C_Prog" "P#7_T#3852604864" "src=7, dest=6" "7_6_0x7f5c0fd020"
40 5.8743487000000e+01 "L_MPI_Coll" "C_Prog" "P#7_T#3852604864" "src=7, dest=8" "7_8_0x7f5c0fd020"
40 5.8743487000000e+01 "L_MPI_Coll" "C_Prog" "P#7_T#3852604864" "src=7, dest=9" "7_9_0x7f5c0fd020"
40 5.8743487000000e+01 "L_MPI_Coll" "C_Prog" "P#7_T#3852604864" "src=7, dest=10" "7_10_0x7f5c0fd020"
40 5.8743487000000e+01 "L_MPI_Coll" "C_Prog" "P#7_T#3852604864" "src=7, dest=11" "7_11_0x7f5c0fd020"
40 5.8743487000000e+01 "L_MPI_Coll" "C_Prog" "P#7_T#3852604864" "src=7, dest=12" "7_12_0x7f5c0fd020"
41 5.8759196000000e+01 "L_MPI_Coll" "C_Prog" "P#7_T#3852604864" "src=0, dest=7" "0_7_0x7f5c0fd020"
41 5.8759196000000e+01 "L_MPI_Coll" "C_Prog" "P#7_T#3852604864" "src=1, dest=7" "1_7_0x7f5c0fd020"
41 5.8759196000000e+01 "L_MPI_Coll" "C_Prog" "P#7_T#3852604864" "src=2, dest=7" "2_7_0x7f5c0fd020"
41 5.8759196000000e+01 "L_MPI_Coll" "C_Prog" "P#7_T#3852604864" "src=3, dest=7" "3_7_0x7f5c0fd020"
41 5.8759196000000e+01 "L_MPI_Coll" "C_Prog" "P#7_T#3852604864" "src=4, dest=7" "4_7_0x7f5c0fd020"
41 5.8759196000000e+01 "L_MPI_Coll" "C_Prog" "P#7_T#3852604864" "src=5, dest=7" "5_7_0x7f5c0fd020"
41 5.8759196000000e+01 "L_MPI_Coll" "C_Prog" "P#7_T#3852604864" "src=6, dest=7" "6_7_0x7f5c0fd020"
41 5.8759196000000e+01 "L_MPI_Coll" "C_Prog" "P#7_T#3852604864" "src=8, dest=7" "8_7_0x7f5c0fd020"
41 5.8759196000000e+01 "L_MPI_Coll" "C_Prog" "P#7_T#3852604864" "src=9, dest=7" "9_7_0x7f5c0fd020"
41 5.8759196000000e+01 "L_MPI_Coll" "C_Prog" "P#7_T#3852604864" "src=10, dest=7" "10_7_0x7f5c0fd020"
41 5.8759196000000e+01 "L_MPI_Coll" "C_Prog" "P#7_T#3852604864" "src=11, dest=7" "11_7_0x7f5c0fd020"
41 5.8759196000000e+01 "L_MPI_Coll" "C_Prog" "P#7_T#3852604864" "src=12, dest=7" "12_7_0x7f5c0fd020"
12 5.8759196000000e+01 "ST_Thread" "P#7_T#3852604864"
11 6.0198465000000e+01 "ST_Thread" "P#2_T#1649153472" "STV_MPI_Reduce"
40 6.0198465000000e+01 "L_MPI_Coll" "C_Prog" "P#2_T#1649153472" "src=2, dest=0" "2_0_0x7f5c0fd020"
40 6.0198465000000e+01 "L_MPI_Coll" "C_Prog" "P#2_T#1649153472" "src=2, dest=1" "2_1_0x7f5c0fd020"
40 6.0198465000000e+01 "L_MPI_Coll" "C_Prog" "P#2_T#1649153472" "src=2, dest=3" "2_3_0x7f5c0fd020"
40 6.0198465000000e+01 "L_MPI_Coll" "C_Prog" "P#2_T#1649153472" "src=2, dest=4" "2_4_0x7f5c0fd020"
40 6.0198465000000e+01 "L_MPI_Coll" "C_Prog" "P#2_T#1649153472" "src=2, dest=5" "2_5_0x7f5c0fd020"
40 6.0198465000000e+01 "L_MPI_Coll" "C_Prog" "P#2_T#1649153472" "src=2, dest=6" "2_6_0x7f5c0fd020"
40 6.0198465000000e+01 "L_MPI_Coll" "C_Prog" "P#2_T#1649153472" "src=2, dest=7" "2_7_0x7f5c0fd020"
40 6.0198465000000e+01 "L_MPI_Coll" "C_Prog" "P#2_T#1649153472" "src=2, dest=8" "2_8_0x7f5c0fd020"
40 6.0198465000000e+01 "L_MPI_Coll" "C_Prog" "P#2_T#1649153472" "src=2, dest=9" "2_9_0x7f5c0fd020"
40 6.0198465000000e+01 "L_MPI_Coll" "C_Prog" "P#2_T#1649153472" "src=2, dest=10" "2_10_0x7f5c0fd020"
40 6.0198465000000e+01 "L_MPI_Coll" "C_Prog" "P#2_T#1649153472" "src=2, dest=11" "2_11_0x7f5c0fd020"
40 6.0198465000000e+01 "L_MPI_Coll" "C_Prog" "P#2_T#1649153472" "src=2, dest=12" "2_12_0x7f5c0fd020"
41 6.0227843000000e+01 "L_MPI_Coll" "C_Prog" "P#2_T#1649153472" "src=0, dest=2" "0_2_0x7f5c0fd020"
41 6.0227843000000e+01 "L_MPI_Coll" "C_Prog" "P#2_T#1649153472" "src=1, dest=2" "1_2_0x7f5c0fd020"
41 6.0227843000000e+01 "L_MPI_Coll" "C_Prog" "P#2_T#1649153472" "src=3, dest=2" "3_2_0x7f5c0fd020"
41 6.0227843000000e+01 "L_MPI_Coll" "C_Prog" "P#2_T#1649153472" "src=4, dest=2" "4_2_0x7f5c0fd020"
41 6.0227843000000e+01 "L_MPI_Coll" "C_Prog" "P#2_T#1649153472" "src=5, dest=2" "5_2_0x7f5c0fd020"
41 6.0227843000000e+01 "L_MPI_Coll" "C_Prog" "P#2_T#1649153472" "src=6, dest=2" "6_2_0x7f5c0fd020"
41 6.0227843000000e+01 "L_MPI_Coll" "C_Prog" "P#2_T#1649153472" "src=7, dest=2" "7_2_0x7f5c0fd020"
41 6.0227843000000e+01 "L_MPI_Coll" "C_Prog" "P#2_T#1649153472" "src=8, dest=2" "8_2_0x7f5c0fd020"
41 6.0227843000000e+01 "L_MPI_Coll" "C_Prog" "P#2_T#1649153472" "src=9, dest=2" "9_2_0x7f5c0fd020"
41 6.0227843000000e+01 "L_MPI_Coll" "C_Prog" "P#2_T#1649153472" "src=10, dest=2" "10_2_0x7f5c0fd020"
41 6.0227843000000e+01 "L_MPI_Coll" "C_Prog" "P#2_T#1649153472" "src=11, dest=2" "11_2_0x7f5c0fd020"
41 6.0227843000000e+01 "L_MPI_Coll" "C_Prog" "P#2_T#1649153472" "src=12, dest=2" "12_2_0x7f5c0fd020"
12 6.0227843000000e+01 "ST_Thread" "P#2_T#1649153472"
11 6.0435723000000e+01 "ST_Thread" "P#11_T#1363334592" "STV_MPI_Reduce"
40 6.0435723000000e+01 "L_MPI_Coll" "C_Prog" "P#11_T#1363334592" "src=11, dest=0" "11_0_0x7f5c0fd020"
40 6.0435723000000e+01 "L_MPI_Coll" "C_Prog" "P#11_T#1363334592" "src=11, dest=1" "11_1_0x7f5c0fd020"
40 6.0435723000000e+01 "L_MPI_Coll" "C_Prog" "P#11_T#1363334592" "src=11, dest=2" "11_2_0x7f5c0fd020"
40 6.0435723000000e+01 "L_MPI_Coll" "C_Prog" "P#11_T#1363334592" "src=11, dest=3" "11_3_0x7f5c0fd020"
40 6.0435723000000e+01 "L_MPI_Coll" "C_Prog" "P#11_T#1363334592" "src=11, dest=4" "11_4_0x7f5c0fd020"
40 6.0435723000000e+01 "L_MPI_Coll" "C_Prog" "P#11_T#1363334592" "src=11, dest=5" "11_5_0x7f5c0fd020"
40 6.0435723000000e+01 "L_MPI_Coll" "C_Prog" "P#11_T#1363334592" "src=11, dest=6" "11_6_0x7f5c0fd020"
40 6.0435723000000e+01 "L_MPI_Coll" "C_Prog" "P#11_T#1363334592" "src=11, dest=7" "11_7_0x7f5c0fd020"
40 6.0435723000000e+01 "L_MPI_Coll" "C_Prog" "P#11_T#1363334592" "src=11, dest=8" "11_8_0x7f5c0fd020"
40 6.0435723000000e+01 "L_MPI_Coll" "C_Prog" "P#11_T#1363334592" "src=11, dest=9" "11_9_0x7f5c0fd020"
40 6.0435723000000e+01 "L_MPI_Coll" "C_Prog" "P#11_T#1363334592" "src=11, dest=10" "11_10_0x7f5c0fd020"
40 6.0435723000000e+01 "L_MPI_Coll" "C_Prog" "P#11_T#1363334592" "src=11, dest=12" "11_12_0x7f5c0fd020"
41 6.0448814000000e+01 "L_MPI_Coll" "C_Prog" "P#11_T#1363334592" "src=0, dest=11" "0_11_0x7f5c0fd020"
41 6.0448814000000e+01 "L_MPI_Coll" "C_Prog" "P#11_T#1363334592" "src=1, dest=11" "1_11_0x7f5c0fd020"
41 6.0448814000000e+01 "L_MPI_Coll" "C_Prog" "P#11_T#1363334592" "src=2, dest=11" "2_11_0x7f5c0fd020"
41 6.0448814000000e+01 "L_MPI_Coll" "C_Prog" "P#11_T#1363334592" "src=3, dest=11" "3_11_0x7f5c0fd020"
41 6.0448814000000e+01 "L_MPI_Coll" "C_Prog" "P#11_T#1363334592" "src=4, dest=11" "4_11_0x7f5c0fd020"
41 6.0448814000000e+01 "L_MPI_Coll" "C_Prog" "P#11_T#1363334592" "src=5, dest=11" "5_11_0x7f5c0fd020"
41 6.0448814000000e+01 "L_MPI_Coll" "C_Prog" "P#11_T#1363334592" "src=6, dest=11" "6_11_0x7f5c0fd020"
41 6.0448814000000e+01 "L_MPI_Coll" "C_Prog" "P#11_T#1363334592" "src=7, dest=11" "7_11_0x7f5c0fd020"
41 6.0448814000000e+01 "L_MPI_Coll" "C_Prog" "P#11_T#1363334592" "src=8, dest=11" "8_11_0x7f5c0fd020"
41 6.0448814000000e+01 "L_MPI_Coll" "C_Prog" "P#11_T#1363334592" "src=9, dest=11" "9_11_0x7f5c0fd020"
41 6.0448814000000e+01 "L_MPI_Coll" "C_Prog" "P#11_T#1363334592" "src=10, dest=11" "10_11_0x7f5c0fd020"
41 6.0448814000000e+01 "L_MPI_Coll" "C_Prog" "P#11_T#1363334592" "src=12, dest=11" "12_11_0x7f5c0fd020"
12 6.0448814000000e+01 "ST_Thread" "P#11_T#1363334592"
11 7.0604208000000e+01 "ST_Thread" "P#0_T#3933951424" "STV_MPI_Reduce"
40 7.0604208000000e+01 "L_MPI_Coll" "C_Prog" "P#0_T#3933951424" "src=0, dest=1" "0_1_0x7f5c0fd020"
40 7.0604208000000e+01 "L_MPI_Coll" "C_Prog" "P#0_T#3933951424" "src=0, dest=2" "0_2_0x7f5c0fd020"
40 7.0604208000000e+01 "L_MPI_Coll" "C_Prog" "P#0_T#3933951424" "src=0, dest=3" "0_3_0x7f5c0fd020"
40 7.0604208000000e+01 "L_MPI_Coll" "C_Prog" "P#0_T#3933951424" "src=0, dest=4" "0_4_0x7f5c0fd020"
40 7.0604208000000e+01 "L_MPI_Coll" "C_Prog" "P#0_T#3933951424" "src=0, dest=5" "0_5_0x7f5c0fd020"
40 7.0604208000000e+01 "L_MPI_Coll" "C_Prog" "P#0_T#3933951424" "src=0, dest=6" "0_6_0x7f5c0fd020"
40 7.0604208000000e+01 "L_MPI_Coll" "C_Prog" "P#0_T#3933951424" "src=0, dest=7" "0_7_0x7f5c0fd020"
40 7.0604208000000e+01 "L_MPI_Coll" "C_Prog" "P#0_T#3933951424" "src=0, dest=8" "0_8_0x7f5c0fd020"
40 7.0604208000000e+01 "L_MPI_Coll" "C_Prog" "P#0_T#3933951424" "src=0, dest=9" "0_9_0x7f5c0fd020"
40 7.0604208000000e+01 "L_MPI_Coll" "C_Prog" "P#0_T#3933951424" "src=0, dest=10" "0_10_0x7f5c0fd020"
40 7.0604208000000e+01 "L_MPI_Coll" "C_Prog" "P#0_T#3933951424" "src=0, dest=11" "0_11_0x7f5c0fd020"
40 7.0604208000000e+01 "L_MPI_Coll" "C_Prog" "P#0_T#3933951424" "src=0, dest=12" "0_12_0x7f5c0fd020"
11 7.3545764000000e+01 "ST_Thread" "P#4_T#103667136" "STV_MPI_Reduce"
40 7.3545764000000e+01 "L_MPI_Coll" "C_Prog" "P#4_T#103667136" "src=4, dest=0" "4_0_0x7f5c0fd020"
40 7.3545764000000e+01 "L_MPI_Coll" "C_Prog" "P#4_T#103667136" "src=4, dest=1" "4_1_0x7f5c0fd020"
40 7.3545764000000e+01 "L_MPI_Coll" "C_Prog" "P#4_T#103667136" "src=4, dest=2" "4_2_0x7f5c0fd020"
40 7.3545764000000e+01 "L_MPI_Coll" "C_Prog" "P#4_T#103667136" "src=4, dest=3" "4_3_0x7f5c0fd020"
40 7.3545764000000e+01 "L_MPI_Coll" "C_Prog" "P#4_T#103667136" "src=4, dest=5" "4_5_0x7f5c0fd020"
40 7.3545764000000e+01 "L_MPI_Coll" "C_Prog" "P#4_T#103667136" "src=4, dest=6" "4_6_0x7f5c0fd020"
40 7.3545764000000e+01 "L_MPI_Coll" "C_Prog" "P#4_T#103667136" "src=4, dest=7" "4_7_0x7f5c0fd020"
40 7.3545764000000e+01 "L_MPI_Coll" "C_Prog" "P#4_T#103667136" "src=4, dest=8" "4_8_0x7f5c0fd020"
40 7.3545764000000e+01 "L_MPI_Coll" "C_Prog" "P#4_T#103667136" "src=4, dest=9" "4_9_0x7f5c0fd020"
40 7.3545764000000e+01 "L_MPI_Coll" "C_Prog" "P#4_T#103667136" "src=4, dest=10" "4_10_0x7f5c0fd020"
40 7.3545764000000e+01 "L_MPI_Coll" "C_Prog" "P#4_T#103667136" "src=4, dest=11" "4_11_0x7f5c0fd020"
40 7.3545764000000e+01 "L_MPI_Coll" "C_Prog" "P#4_T#103667136" "src=4, dest=12" "4_12_0x7f5c0fd020"
11 7.4894443000000e+01 "ST_Thread" "P#6_T#3062117824" "STV_MPI_Reduce"
40 7.4894443000000e+01 "L_MPI_Coll" "C_Prog" "P#6_T#3062117824" "src=6, dest=0" "6_0_0x7f5c0fd020"
40 7.4894443000000e+01 "L_MPI_Coll" "C_Prog" "P#6_T#3062117824" "src=6, dest=1" "6_1_0x7f5c0fd020"
40 7.4894443000000e+01 "L_MPI_Coll" "C_Prog" "P#6_T#3062117824" "src=6, dest=2" "6_2_0x7f5c0fd020"
40 7.4894443000000e+01 "L_MPI_Coll" "C_Prog" "P#6_T#3062117824" "src=6, dest=3" "6_3_0x7f5c0fd020"
40 7.4894443000000e+01 "L_MPI_Coll" "C_Prog" "P#6_T#3062117824" "src=6, dest=4" "6_4_0x7f5c0fd020"
40 7.4894443000000e+01 "L_MPI_Coll" "C_Prog" "P#6_T#3062117824" "src=6, dest=5" "6_5_0x7f5c0fd020"
40 7.4894443000000e+01 "L_MPI_Coll" "C_Prog" "P#6_T#3062117824" "src=6, dest=7" "6_7_0x7f5c0fd020"
40 7.4894443000000e+01 "L_MPI_Coll" "C_Prog" "P#6_T#3062117824" "src=6, dest=8" "6_8_0x7f5c0fd020"
40 7.4894443000000e+01 "L_MPI_Coll" "C_Prog" "P#6_T#3062117824" "src=6, dest=9" "6_9_0x7f5c0fd020"
40 7.4894443000000e+01 "L_MPI_Coll" "C_Prog" "P#6_T#3062117824" "src=6, dest=10" "6_10_0x7f5c0fd020"
40 7.4894443000000e+01 "L_MPI_Coll" "C_Prog" "P#6_T#3062117824" "src=6, dest=11" "6_11_0x7f5c0fd020"
40 7.4894443000000e+01 "L_MPI_Coll" "C_Prog" "P#6_T#3062117824" "src=6, dest=12" "6_12_0x7f5c0fd020"
41 7.4916766000000e+01 "L_MPI_Coll" "C_Prog" "P#6_T#3062117824" "src=0, dest=6" "0_6_0x7f5c0fd020"
41 7.4916766000000e+01 "L_MPI_Coll" "C_Prog" "P#6_T#3062117824" "src=1, dest=6" "1_6_0x7f5c0fd020"
41 7.4916766000000e+01 "L_MPI_Coll" "C_Prog" "P#6_T#3062117824" "src=2, dest=6" "2_6_0x7f5c0fd020"
41 7.4916766000000e+01 "L_MPI_Coll" "C_Prog" "P#6_T#3062117824" "src=3, dest=6" "3_6_0x7f5c0fd020"
41 7.4916766000000e+01 "L_MPI_Coll" "C_Prog" "P#6_T#3062117824" "src=4, dest=6" "4_6_0x7f5c0fd020"
41 7.4916766000000e+01 "L_MPI_Coll" "C_Prog" "P#6_T#3062117824" "src=5, dest=6" "5_6_0x7f5c0fd020"
41 7.4916766000000e+01 "L_MPI_Coll" "C_Prog" "P#6_T#3062117824" "src=7, dest=6" "7_6_0x7f5c0fd020"
41 7.4916766000000e+01 "L_MPI_Coll" "C_Prog" "P#6_T#3062117824" "src=8, dest=6" "8_6_0x7f5c0fd020"
41 7.4916766000000e+01 "L_MPI_Coll" "C_Prog" "P#6_T#3062117824" "src=9, dest=6" "9_6_0x7f5c0fd020"
41 7.4916766000000e+01 "L_MPI_Coll" "C_Prog" "P#6_T#3062117824" "src=10, dest=6" "10_6_0x7f5c0fd020"
41 7.4916766000000e+01 "L_MPI_Coll" "C_Prog" "P#6_T#3062117824" "src=11, dest=6" "11_6_0x7f5c0fd020"
41 7.4916766000000e+01 "L_MPI_Coll" "C_Prog" "P#6_T#3062117824" "src=12, dest=6" "12_6_0x7f5c0fd020"
12 7.4916766000000e+01 "ST_Thread" "P#6_T#3062117824"
41 7.5418728000000e+01 "L_MPI_Coll" "C_Prog" "P#4_T#103667136" "src=0, dest=4" "0_4_0x7f5c0fd020"
41 7.5418728000000e+01 "L_MPI_Coll" "C_Prog" "P#4_T#103667136" "src=1, dest=4" "1_4_0x7f5c0fd020"
41 7.5418728000000e+01 "L_MPI_Coll" "C_Prog" "P#4_T#103667136" "src=2, dest=4" "2_4_0x7f5c0fd020"
41 7.5418728000000e+01 "L_MPI_Coll" "C_Prog" "P#4_T#103667136" "src=3, dest=4" "3_4_0x7f5c0fd020"
41 7.5418728000000e+01 "L_MPI_Coll" "C_Prog" "P#4_T#103667136" "src=5, dest=4" "5_4_0x7f5c0fd020"
41 7.5418728000000e+01 "L_MPI_Coll" "C_Prog" "P#4_T#103667136" "src=6, dest=4" "6_4_0x7f5c0fd020"
41 7.5418728000000e+01 "L_MPI_Coll" "C_Prog" "P#4_T#103667136" "src=7, dest=4" "7_4_0x7f5c0fd020"
41 7.5418728000000e+01 "L_MPI_Coll" "C_Prog" "P#4_T#103667136" "src=8, dest=4" "8_4_0x7f5c0fd020"
41 7.5418728000000e+01 "L_MPI_Coll" "C_Prog" "P#4_T#103667136" "src=9, dest=4" "9_4_0x7f5c0fd020"
41 7.5418728000000e+01 "L_MPI_Coll" "C_Prog" "P#4_T#103667136" "src=10, dest=4" "10_4_0x7f5c0fd020"
41 7.5418728000000e+01 "L_MPI_Coll" "C_Prog" "P#4_T#103667136" "src=11, dest=4" "11_4_0x7f5c0fd020"
41 7.5418728000000e+01 "L_MPI_Coll" "C_Prog" "P#4_T#103667136" "src=12, dest=4" "12_4_0x7f5c0fd020"
12 7.5418728000000e+01 "ST_Thread" "P#4_T#103667136"
11 7.7106790000000e+01 "ST_Thread" "P#8_T#4144903616" "STV_MPI_Reduce"
40 7.7106790000000e+01 "L_MPI_Coll" "C_Prog" "P#8_T#4144903616" "src=8, dest=0" "8_0_0x7f5c0fd020"
40 7.7106790000000e+01 "L_MPI_Coll" "C_Prog" "P#8_T#4144903616" "src=8, dest=1" "8_1_0x7f5c0fd020"
40 7.7106790000000e+01 "L_MPI_Coll" "C_Prog" "P#8_T#4144903616" "src=8, dest=2" "8_2_0x7f5c0fd020"
40 7.7106790000000e+01 "L_MPI_Coll" "C_Prog" "P#8_T#4144903616" "src=8, dest=3" "8_3_0x7f5c0fd020"
40 7.7106790000000e+01 "L_MPI_Coll" "C_Prog" "P#8_T#4144903616" "src=8, dest=4" "8_4_0x7f5c0fd020"
40 7.7106790000000e+01 "L_MPI_Coll" "C_Prog" "P#8_T#4144903616" "src=8, dest=5" "8_5_0x7f5c0fd020"
40 7.7106790000000e+01 "L_MPI_Coll" "C_Prog" "P#8_T#4144903616" "src=8, dest=6" "8_6_0x7f5c0fd020"
40 7.7106790000000e+01 "L_MPI_Coll" "C_Prog" "P#8_T#4144903616" "src=8, dest=7" "8_7_0x7f5c0fd020"
40 7.7106790000000e+01 "L_MPI_Coll" "C_Prog" "P#8_T#4144903616" "src=8, dest=9" "8_9_0x7f5c0fd020"
40 7.7106790000000e+01 "L_MPI_Coll" "C_Prog" "P#8_T#4144903616" "src=8, dest=10" "8_10_0x7f5c0fd020"
40 7.7106790000000e+01 "L_MPI_Coll" "C_Prog" "P#8_T#4144903616" "src=8, dest=11" "8_11_0x7f5c0fd020"
40 7.7106790000000e+01 "L_MPI_Coll" "C_Prog" "P#8_T#4144903616" "src=8, dest=12" "8_12_0x7f5c0fd020"
11 7.8033369000000e+01 "ST_Thread" "P#10_T#2476815808" "STV_MPI_Reduce"
40 7.8033369000000e+01 "L_MPI_Coll" "C_Prog" "P#10_T#2476815808" "src=10, dest=0" "10_0_0x7f5c0fd020"
40 7.8033369000000e+01 "L_MPI_Coll" "C_Prog" "P#10_T#2476815808" "src=10, dest=1" "10_1_0x7f5c0fd020"
40 7.8033369000000e+01 "L_MPI_Coll" "C_Prog" "P#10_T#2476815808" "src=10, dest=2" "10_2_0x7f5c0fd020"
40 7.8033369000000e+01 "L_MPI_Coll" "C_Prog" "P#10_T#2476815808" "src=10, dest=3" "10_3_0x7f5c0fd020"
40 7.8033369000000e+01 "L_MPI_Coll" "C_Prog" "P#10_T#2476815808" "src=10, dest=4" "10_4_0x7f5c0fd020"
40 7.8033369000000e+01 "L_MPI_Coll" "C_Prog" "P#10_T#2476815808" "src=10, dest=5" "10_5_0x7f5c0fd020"
40 7.8033369000000e+01 "L_MPI_Coll" "C_Prog" "P#10_T#2476815808" "src=10, dest=6" "10_6_0x7f5c0fd020"
40 7.8033369000000e+01 "L_MPI_Coll" "C_Prog" "P#10_T#2476815808" "src=10, dest=7" "10_7_0x7f5c0fd020"
40 7.8033369000000e+01 "L_MPI_Coll" "C_Prog" "P#10_T#2476815808" "src=10, dest=8" "10_8_0x7f5c0fd020"
40 7.8033369000000e+01 "L_MPI_Coll" "C_Prog" "P#10_T#2476815808" "src=10, dest=9" "10_9_0x7f5c0fd020"
40 7.8033369000000e+01 "L_MPI_Coll" "C_Prog" "P#10_T#2476815808" "src=10, dest=11" "10_11_0x7f5c0fd020"
40 7.8033369000000e+01 "L_MPI_Coll" "C_Prog" "P#10_T#2476815808" "src=10, dest=12" "10_12_0x7f5c0fd020"
41 7.8063915000000e+01 "L_MPI_Coll" "C_Prog" "P#10_T#2476815808" "src=0, dest=10" "0_10_0x7f5c0fd020"
41 7.8063915000000e+01 "L_MPI_Coll" "C_Prog" "P#10_T#2476815808" "src=1, dest=10" "1_10_0x7f5c0fd020"
41 7.8063915000000e+01 "L_MPI_Coll" "C_Prog" "P#10_T#2476815808" "src=2, dest=10" "2_10_0x7f5c0fd020"
41 7.8063915000000e+01 "L_MPI_Coll" "C_Prog" "P#10_T#2476815808" "src=3, dest=10" "3_10_0x7f5c0fd020"
41 7.8063915000000e+01 "L_MPI_Coll" "C_Prog" "P#10_T#2476815808" "src=4, dest=10" "4_10_0x7f5c0fd020"
41 7.8063915000000e+01 "L_MPI_Coll" "C_Prog" "P#10_T#2476815808" "src=5, dest=10" "5_10_0x7f5c0fd020"
41 7.8063915000000e+01 "L_MPI_Coll" "C_Prog" "P#10_T#2476815808" "src=6, dest=10" "6_10_0x7f5c0fd020"
41 7.8063915000000e+01 "L_MPI_Coll" "C_Prog" "P#10_T#2476815808" "src=7, dest=10" "7_10_0x7f5c0fd020"
41 7.8063915000000e+01 "L_MPI_Coll" "C_Prog" "P#10_T#2476815808" "src=8, dest=10" "8_10_0x7f5c0fd020"
41 7.8063915000000e+01 "L_MPI_Coll" "C_Prog" "P#10_T#2476815808" "src=9, dest=10" "9_10_0x7f5c0fd020"
41 7.8063915000000e+01 "L_MPI_Coll" "C_Prog" "P#10_T#2476815808" "src=11, dest=10" "11_10_0x7f5c0fd020"
41 7.8063915000000e+01 "L_MPI_Coll" "C_Prog" "P#10_T#2476815808" "src=12, dest=10" "12_10_0x7f5c0fd020"
12 7.8063915000000e+01 "ST_Thread" "P#10_T#2476815808"
11 1.0362374200000e+02 "ST_Thread" "P#12_T#3266468736" "STV_MPI_Reduce"
40 1.0362374200000e+02 "L_MPI_Coll" "C_Prog" "P#12_T#3266468736" "src=12, dest=0" "12_0_0x7f5c0fd020"
40 1.0362374200000e+02 "L_MPI_Coll" "C_Prog" "P#12_T#3266468736" "src=12, dest=1" "12_1_0x7f5c0fd020"
40 1.0362374200000e+02 "L_MPI_Coll" "C_Prog" "P#12_T#3266468736" "src=12, dest=2" "12_2_0x7f5c0fd020"
40 1.0362374200000e+02 "L_MPI_Coll" "C_Prog" "P#12_T#3266468736" "src=12, dest=3" "12_3_0x7f5c0fd020"
40 1.0362374200000e+02 "L_MPI_Coll" "C_Prog" "P#12_T#3266468736" "src=12, dest=4" "12_4_0x7f5c0fd020"
40 1.0362374200000e+02 "L_MPI_Coll" "C_Prog" "P#12_T#3266468736" "src=12, dest=5" "12_5_0x7f5c0fd020"
40 1.0362374200000e+02 "L_MPI_Coll" "C_Prog" "P#12_T#3266468736" "src=12, dest=6" "12_6_0x7f5c0fd020"
40 1.0362374200000e+02 "L_MPI_Coll" "C_Prog" "P#12_T#3266468736" "src=12, dest=7" "12_7_0x7f5c0fd020"
40 1.0362374200000e+02 "L_MPI_Coll" "C_Prog" "P#12_T#3266468736" "src=12, dest=8" "12_8_0x7f5c0fd020"
40 1.0362374200000e+02 "L_MPI_Coll" "C_Prog" "P#12_T#3266468736" "src=12, dest=9" "12_9_0x7f5c0fd020"
40 1.0362374200000e+02 "L_MPI_Coll" "C_Prog" "P#12_T#3266468736" "src=12, dest=10" "12_10_0x7f5c0fd020"
40 1.0362374200000e+02 "L_MPI_Coll" "C_Prog" "P#12_T#3266468736" "src=12, dest=11" "12_11_0x7f5c0fd020"
41 1.0365598100000e+02 "L_MPI_Coll" "C_Prog" "P#12_T#3266468736" "src=0, dest=12" "0_12_0x7f5c0fd020"
41 1.0365598100000e+02 "L_MPI_Coll" "C_Prog" "P#12_T#3266468736" "src=1, dest=12" "1_12_0x7f5c0fd020"
41 1.0365598100000e+02 "L_MPI_Coll" "C_Prog" "P#12_T#3266468736" "src=2, dest=12" "2_12_0x7f5c0fd020"
41 1.0365598100000e+02 "L_MPI_Coll" "C_Prog" "P#12_T#3266468736" "src=3, dest=12" "3_12_0x7f5c0fd020"
41 1.0365598100000e+02 "L_MPI_Coll" "C_Prog" "P#12_T#3266468736" "src=4, dest=12" "4_12_0x7f5c0fd020"
41 1.0365598100000e+02 "L_MPI_Coll" "C_Prog" "P#12_T#3266468736" "src=5, dest=12" "5_12_0x7f5c0fd020"
41 1.0365598100000e+02 "L_MPI_Coll" "C_Prog" "P#12_T#3266468736" "src=6, dest=12" "6_12_0x7f5c0fd020"
41 1.0365598100000e+02 "L_MPI_Coll" "C_Prog" "P#12_T#3266468736" "src=7, dest=12" "7_12_0x7f5c0fd020"
41 1.0365598100000e+02 "L_MPI_Coll" "C_Prog" "P#12_T#3266468736" "src=8, dest=12" "8_12_0x7f5c0fd020"
41 1.0365598100000e+02 "L_MPI_Coll" "C_Prog" "P#12_T#3266468736" "src=9, dest=12" "9_12_0x7f5c0fd020"
41 1.0365598100000e+02 "L_MPI_Coll" "C_Prog" "P#12_T#3266468736" "src=10, dest=12" "10_12_0x7f5c0fd020"
41 1.0365598100000e+02 "L_MPI_Coll" "C_Prog" "P#12_T#3266468736" "src=11, dest=12" "11_12_0x7f5c0fd020"
12 1.0365598100000e+02 "ST_Thread" "P#12_T#3266468736"
11 1.0373335100000e+02 "ST_Thread" "P#1_T#2696803776" "STV_Blocked"
41 1.0373700300000e+02 "L_MPI_Coll" "C_Prog" "P#8_T#4144903616" "src=0, dest=8" "0_8_0x7f5c0fd020"
41 1.0373700300000e+02 "L_MPI_Coll" "C_Prog" "P#8_T#4144903616" "src=1, dest=8" "1_8_0x7f5c0fd020"
41 1.0373700300000e+02 "L_MPI_Coll" "C_Prog" "P#8_T#4144903616" "src=2, dest=8" "2_8_0x7f5c0fd020"
41 1.0373700300000e+02 "L_MPI_Coll" "C_Prog" "P#8_T#4144903616" "src=3, dest=8" "3_8_0x7f5c0fd020"
41 1.0373700300000e+02 "L_MPI_Coll" "C_Prog" "P#8_T#4144903616" "src=4, dest=8" "4_8_0x7f5c0fd020"
41 1.0373700300000e+02 "L_MPI_Coll" "C_Prog" "P#8_T#4144903616" "src=5, dest=8" "5_8_0x7f5c0fd020"
41 1.0373700300000e+02 "L_MPI_Coll" "C_Prog" "P#8_T#4144903616" "src=6, dest=8" "6_8_0x7f5c0fd020"
41 1.0373700300000e+02 "L_MPI_Coll" "C_Prog" "P#8_T#4144903616" "src=7, dest=8" "7_8_0x7f5c0fd020"
41 1.0373700300000e+02 "L_MPI_Coll" "C_Prog" "P#8_T#4144903616" "src=9, dest=8" "9_8_0x7f5c0fd020"
41 1.0373700300000e+02 "L_MPI_Coll" "C_Prog" "P#8_T#4144903616" "src=10, dest=8" "10_8_0x7f5c0fd020"
41 1.0373700300000e+02 "L_MPI_Coll" "C_Prog" "P#8_T#4144903616" "src=11, dest=8" "11_8_0x7f5c0fd020"
41 1.0373700300000e+02 "L_MPI_Coll" "C_Prog" "P#8_T#4144903616" "src=12, dest=8" "12_8_0x7f5c0fd020"
12 1.0373700300000e+02 "ST_Thread" "P#8_T#4144903616"
7 1.0376886600000e+02 "P#1_T#2675107584" "CT_Thread" "P#1" "P#1_T#2675107584"
10 1.0376886600000e+02 "ST_Thread" "P#1_T#2675107584" "STV_Working"
8 1.0376886600000e+02 "P#1_T#2675107584" "CT_Thread"
12 1.0382600600000e+02 "ST_Thread" "P#1_T#2696803776"
11 1.0384060300000e+02 "ST_Thread" "P#1_T#2696803776" "STV_Blocked"
7 1.0388041300000e+02 "P#1_T#2666714880" "CT_Thread" "P#1" "P#1_T#2666714880"
10 1.0388041300000e+02 "ST_Thread" "P#1_T#2666714880" "STV_Working"
8 1.0388041300000e+02 "P#1_T#2666714880" "CT_Thread"
12 1.0393044700000e+02 "ST_Thread" "P#1_T#2696803776"
41 1.0399894100000e+02 "L_MPI_Coll" "C_Prog" "P#0_T#3933951424" "src=1, dest=0" "1_0_0x7f5c0fd020"
41 1.0399894100000e+02 "L_MPI_Coll" "C_Prog" "P#0_T#3933951424" "src=2, dest=0" "2_0_0x7f5c0fd020"
41 1.0399894100000e+02 "L_MPI_Coll" "C_Prog" "P#0_T#3933951424" "src=3, dest=0" "3_0_0x7f5c0fd020"
41 1.0399894100000e+02 "L_MPI_Coll" "C_Prog" "P#0_T#3933951424" "src=4, dest=0" "4_0_0x7f5c0fd020"
41 1.0399894100000e+02 "L_MPI_Coll" "C_Prog" "P#0_T#3933951424" "src=5, dest=0" "5_0_0x7f5c0fd020"
41 1.0399894100000e+02 "L_MPI_Coll" "C_Prog" "P#0_T#3933951424" "src=6, dest=0" "6_0_0x7f5c0fd020"
41 1.0399894100000e+02 "L_MPI_Coll" "C_Prog" "P#0_T#3933951424" "src=7, dest=0" "7_0_0x7f5c0fd020"
41 1.0399894100000e+02 "L_MPI_Coll" "C_Prog" "P#0_T#3933951424" "src=8, dest=0" "8_0_0x7f5c0fd020"
41 1.0399894100000e+02 "L_MPI_Coll" "C_Prog" "P#0_T#3933951424" "src=9, dest=0" "9_0_0x7f5c0fd020"
41 1.0399894100000e+02 "L_MPI_Coll" "C_Prog" "P#0_T#3933951424" "src=10, dest=0" "10_0_0x7f5c0fd020"
41 1.0399894100000e+02 "L_MPI_Coll" "C_Prog" "P#0_T#3933951424" "src=11, dest=0" "11_0_0x7f5c0fd020"
41 1.0399894100000e+02 "L_MPI_Coll" "C_Prog" "P#0_T#3933951424" "src=12, dest=0" "12_0_0x7f5c0fd020"
12 1.0399894100000e+02 "ST_Thread" "P#0_T#3933951424"
11 1.0415572600000e+02 "ST_Thread" "P#6_T#3062117824" "STV_Blocked"
7 1.0419470500000e+02 "P#6_T#3040421632" "CT_Thread" "P#6" "P#6_T#3040421632"
10 1.0419470500000e+02 "ST_Thread" "P#6_T#3040421632" "STV_Working"
8 1.0419470500000e+02 "P#6_T#3040421632" "CT_Thread"
12 1.0421590400000e+02 "ST_Thread" "P#6_T#3062117824"
8 1.0422500000000e+02 "P#1_T#2696803776" "CT_Thread"
11 1.0422626000000e+02 "ST_Thread" "P#6_T#3062117824" "STV_Blocked"
7 1.0423257200000e+02 "P#6_T#3032028928" "CT_Thread" "P#6" "P#6_T#3032028928"
10 1.0423257200000e+02 "ST_Thread" "P#6_T#3032028928" "STV_Working"
8 1.0423257200000e+02 "P#6_T#3032028928" "CT_Thread"
12 1.0424158900000e+02 "ST_Thread" "P#6_T#3062117824"
11 1.0434190400000e+02 "ST_Thread" "P#10_T#2476815808" "STV_Blocked"
7 1.0437551500000e+02 "P#10_T#2455119616" "CT_Thread" "P#10" "P#10_T#2455119616"
10 1.0437551500000e+02 "ST_Thread" "P#10_T#2455119616" "STV_Working"
8 1.0437551500000e+02 "P#10_T#2455119616" "CT_Thread"
12 1.0439828000000e+02 "ST_Thread" "P#10_T#2476815808"
11 1.0440814600000e+02 "ST_Thread" "P#10_T#2476815808" "STV_Blocked"
7 1.0444332600000e+02 "P#10_T#2446726912" "CT_Thread" "P#10" "P#10_T#2446726912"
10 1.0444332600000e+02 "ST_Thread" "P#10_T#2446726912" "STV_Working"
8 1.0444332600000e+02 "P#10_T#2446726912" "CT_Thread"
11 1.0444668600000e+02 "ST_Thread" "P#12_T#3266468736" "STV_Blocked"
12 1.0445439200000e+02 "ST_Thread" "P#10_T#2476815808"
8 1.0452046700000e+02 "P#6_T#3062117824" "CT_Thread"
7 1.0453744700000e+02 "P#12_T#3244775168" "CT_Thread" "P#12" "P#12_T#3244775168"
10 1.0453744700000e+02 "ST_Thread" "P#12_T#3244775168" "STV_Working"
8 1.0453744700000e+02 "P#12_T#3244775168" "CT_Thread"
11 1.0454336900000e+02 "ST_Thread" "P#7_T#3852604864" "STV_Blocked"
7 1.0454918300000e+02 "P#7_T#3830908672" "CT_Thread" "P#7" "P#7_T#3830908672"
10 1.0454918300000e+02 "ST_Thread" "P#7_T#3830908672" "STV_Working"
8 1.0454918300000e+02 "P#7_T#3830908672" "CT_Thread"
11 1.0459811500000e+02 "ST_Thread" "P#8_T#4144903616" "STV_Blocked"
12 1.0459926900000e+02 "ST_Thread" "P#12_T#3266468736"
12 1.0460127200000e+02 "ST_Thread" "P#7_T#3852604864"
11 1.0461649600000e+02 "ST_Thread" "P#7_T#3852604864" "STV_Blocked"
11 1.0461981900000e+02 "ST_Thread" "P#12_T#3266468736" "STV_Blocked"
7 1.0463199000000e+02 "P#8_T#4123207424" "CT_Thread" "P#8" "P#8_T#4123207424"
10 1.0463199000000e+02 "ST_Thread" "P#8_T#4123207424" "STV_Working"
8 1.0463199000000e+02 "P#8_T#4123207424" "CT_Thread"
7 1.0465124000000e+02 "P#7_T#3690985216" "CT_Thread" "P#7" "P#7_T#3690985216"
10 1.0465124000000e+02 "ST_Thread" "P#7_T#3690985216" "STV_Working"
8 1.0465124000000e+02 "P#7_T#3690985216" "CT_Thread"
12 1.0468573500000e+02 "ST_Thread" "P#7_T#3852604864"
7 1.0468759300000e+02 "P#12_T#3236382464" "CT_Thread" "P#12" "P#12_T#3236382464"
10 1.0468759300000e+02 "ST_Thread" "P#12_T#3236382464" "STV_Working"
8 1.0468759300000e+02 "P#12_T#3236382464" "CT_Thread"
12 1.0469096300000e+02 "ST_Thread" "P#8_T#4144903616"
11 1.0469899100000e+02 "ST_Thread" "P#3_T#3905246656" "STV_Blocked"
11 1.0470470800000e+02 "ST_Thread" "P#8_T#4144903616" "STV_Blocked"
12 1.0471433300000e+02 "ST_Thread" "P#12_T#3266468736"
7 1.0472085900000e+02 "P#3_T#3883550464" "CT_Thread" "P#3" "P#3_T#3883550464"
10 1.0472085900000e+02 "ST_Thread" "P#3_T#3883550464" "STV_Working"
8 1.0472085900000e+02 "P#3_T#3883550464" "CT_Thread"
11 1.0472895000000e+02 "ST_Thread" "P#9_T#1314772416" "STV_Blocked"
7 1.0473562600000e+02 "P#9_T#1293076224" "CT_Thread" "P#9" "P#9_T#1293076224"
10 1.0473562600000e+02 "ST_Thread" "P#9_T#1293076224" "STV_Working"
8 1.0473562600000e+02 "P#9_T#1293076224" "CT_Thread"
7 1.0473891100000e+02 "P#8_T#4114814720" "CT_Thread" "P#8" "P#8_T#4114814720"
10 1.0473891100000e+02 "ST_Thread" "P#8_T#4114814720" "STV_Working"
8 1.0473891100000e+02 "P#8_T#4114814720" "CT_Thread"
8 1.0477120400000e+02 "P#10_T#2476815808" "CT_Thread"
12 1.0477658500000e+02 "ST_Thread" "P#8_T#4144903616"
12 1.0478203000000e+02 "ST_Thread" "P#3_T#3905246656"
11 1.0478456000000e+02 "ST_Thread" "P#11_T#1363334592" "STV_Blocked"
11 1.0478663500000e+02 "ST_Thread" "P#4_T#103667136" "STV_Blocked"
11 1.0478860300000e+02 "ST_Thread" "P#0_T#3933951424" "STV_Blocked"
11 1.0479645100000e+02 "ST_Thread" "P#3_T#3905246656" "STV_Blocked"
7 1.0479718600000e+02 "P#0_T#3912255232" "CT_Thread" "P#0" "P#0_T#3912255232"
10 1.0479718600000e+02 "ST_Thread" "P#0_T#3912255232" "STV_Working"
8 1.0479718600000e+02 "P#0_T#3912255232" "CT_Thread"
12 1.0479762700000e+02 "ST_Thread" "P#9_T#1314772416"
11 1.0481344900000e+02 "ST_Thread" "P#9_T#1314772416" "STV_Blocked"
7 1.0481632800000e+02 "P#11_T#1341638400" "CT_Thread" "P#11" "P#11_T#1341638400"
10 1.0481632800000e+02 "ST_Thread" "P#11_T#1341638400" "STV_Working"
8 1.0481632800000e+02 "P#11_T#1341638400" "CT_Thread"
7 1.0482063400000e+02 "P#4_T#81970944" "CT_Thread" "P#4" "P#4_T#81970944"
10 1.0482063400000e+02 "ST_Thread" "P#4_T#81970944" "STV_Working"
8 1.0482063400000e+02 "P#4_T#81970944" "CT_Thread"
12 1.0482511800000e+02 "ST_Thread" "P#0_T#3933951424"
7 1.0482997700000e+02 "P#3_T#3758094080" "CT_Thread" "P#3" "P#3_T#3758094080"
10 1.0482997700000e+02 "ST_Thread" "P#3_T#3758094080" "STV_Working"
8 1.0482997700000e+02 "P#3_T#3758094080" "CT_Thread"
11 1.0483647400000e+02 "ST_Thread" "P#0_T#3933951424" "STV_Blocked"
7 1.0484229400000e+02 "P#0_T#3903862528" "CT_Thread" "P#0" "P#0_T#3903862528"
10 1.0484229400000e+02 "ST_Thread" "P#0_T#3903862528" "STV_Working"
8 1.0484229400000e+02 "P#0_T#3903862528" "CT_Thread"
7 1.0484724000000e+02 "P#9_T#1284683520" "CT_Thread" "P#9" "P#9_T#1284683520"
10 1.0484724000000e+02 "ST_Thread" "P#9_T#1284683520" "STV_Working"
8 1.0484724000000e+02 "P#9_T#1284683520" "CT_Thread"
12 1.0485239900000e+02 "ST_Thread" "P#0_T#3933951424"
12 1.0486770500000e+02 "ST_Thread" "P#11_T#1363334592"
11 1.0487843400000e+02 "ST_Thread" "P#11_T#1363334592" "STV_Blocked"
12 1.0487966900000e+02 "ST_Thread" "P#3_T#3905246656"
12 1.0488225700000e+02 "ST_Thread" "P#4_T#103667136"
7 1.0488558100000e+02 "P#11_T#1333245696" "CT_Thread" "P#11" "P#11_T#1333245696"
10 1.0488558100000e+02 "ST_Thread" "P#11_T#1333245696" "STV_Working"
8 1.0488558100000e+02 "P#11_T#1333245696" "CT_Thread"
12 1.0488695000000e+02 "ST_Thread" "P#9_T#1314772416"
11 1.0489707900000e+02 "ST_Thread" "P#4_T#103667136" "STV_Blocked"
7 1.0490326700000e+02 "P#4_T#73578240" "CT_Thread" "P#4" "P#4_T#73578240"
10 1.0490326700000e+02 "ST_Thread" "P#4_T#73578240" "STV_Working"
8 1.0490326700000e+02 "P#4_T#73578240" "CT_Thread"
11 1.0491608800000e+02 "ST_Thread" "P#5_T#104146368" "STV_Blocked"
12 1.0492375600000e+02 "ST_Thread" "P#11_T#1363334592"
12 1.0493056700000e+02 "ST_Thread" "P#4_T#103667136"
7 1.0493981700000e+02 "P#5_T#82450176" "CT_Thread" "P#5" "P#5_T#82450176"
10 1.0493981700000e+02 "ST_Thread" "P#5_T#82450176" "STV_Working"
8 1.0493981700000e+02 "P#5_T#82450176" "CT_Thread"
12 1.0496346500000e+02 "ST_Thread" "P#5_T#104146368"
8 1.0497188200000e+02 "P#7_T#3852604864" "CT_Thread"
11 1.0497501900000e+02 "ST_Thread" "P#2_T#1649153472" "STV_Blocked"
11 1.0499880500000e+02 "ST_Thread" "P#5_T#104146368" "STV_Blocked"
7 1.0502648200000e+02 "P#2_T#1627457280" "CT_Thread" "P#2" "P#2_T#1627457280"
10 1.0502648200000e+02 "ST_Thread" "P#2_T#1627457280" "STV_Working"
8 1.0502648200000e+02 "P#2_T#1627457280" "CT_Thread"
7 1.0503418400000e+02 "P#5_T#4234807040" "CT_Thread" "P#5" "P#5_T#4234807040"
10 1.0503418400000e+02 "ST_Thread" "P#5_T#4234807040" "STV_Working"
8 1.0503418400000e+02 "P#5_T#4234807040" "CT_Thread"
12 1.0504517200000e+02 "ST_Thread" "P#5_T#104146368"
8 1.0506004600000e+02 "P#8_T#4144903616" "CT_Thread"
12 1.0507812100000e+02 "ST_Thread" "P#2_T#1649153472"
11 1.0509342500000e+02 "ST_Thread" "P#2_T#1649153472" "STV_Blocked"
7 1.0512790300000e+02 "P#2_T#1484846848" "CT_Thread" "P#2" "P#2_T#1484846848"
10 1.0512790300000e+02 "ST_Thread" "P#2_T#1484846848" "STV_Working"
8 1.0512790300000e+02 "P#2_T#1484846848" "CT_Thread"
8 1.0516301300000e+02 "P#3_T#3905246656" "CT_Thread"
12 1.0516769500000e+02 "ST_Thread" "P#2_T#1649153472"
8 1.0522826800000e+02 "P#9_T#1314772416" "CT_Thread"
8 1.0523137000000e+02 "P#0_T#3933951424" "CT_Thread"
8 1.0524763600000e+02 "P#4_T#103667136" "CT_Thread"
8 1.0525364100000e+02 "P#11_T#1363334592" "CT_Thread"
8 1.0531817600000e+02 "P#5_T#104146368" "CT_Thread"
8 1.0538985200000e+02 "P#12_T#3266468736" "CT_Thread"
8 1.0546738500000e+02 "P#2_T#1649153472" "CT_Thread"
