%EventDef PajeDefineContainerType 0
% Name string
% Type string
% Alias string
%EndEventDef
%EventDef PajeDefineStateType 1
% Name string
% Type string
% Alias string
%EndEventDef
%EventDef PajeDefineEventType 2
% Name string
% Type string
% Alias string
%EndEventDef
%EventDef PajeDefineVariableType 3
% Name string
% Type string
% Color color
% Alias string
%EndEventDef
%EventDef PajeDefineLinkType 4
% Name string
% Type string
% StartContainerType string
% EndContainerType string
% Alias string
%EndEventDef
%EventDef PajeDefineEntityValue 5
% Type string
% Name string
% Color color
% Alias string
%EndEventDef
%EventDef PajeCreateContainer 7
% Time date
% Name string
% Type string
% Container string
% Alias string
%EndEventDef
%EventDef PajeDestroyContainer 8
% Time date
% Name string
% Type string
%EndEventDef
%EventDef PajeSetState 10
% Time date
% Type string
% Container string
% Value string
%EndEventDef
%EventDef PajePushState 11
% Time date
% Type string
% Container string
% Value string
%EndEventDef
%EventDef PajePushState 14
% Time date
% Type string
% Container string
% Value string
% Extra string
%EndEventDef
%EventDef PajePopState 12
% Time date
% Type string
% Container string
%EndEventDef
%EventDef PajeResetState 13
% Time date
% Type string
% Container string
%EndEventDef
%EventDef PajeNewEvent 20
% Time date
% Type string
% Container string
% Value string
%EndEventDef
%EventDef PajeSetVariable 30
% Time date
% Type string
% Container string
% Value double
%EndEventDef
%EventDef PajeAddVariable 31
% Time date
% Type string
% Container string
% Value double
%EndEventDef
%EventDef PajeSubVariable 32
% Time date
% Type string
% Container string
% Value double
%EndEventDef
%EventDef PajeStartLink 40
% Time date
% Type string
% Container string
% StartContainer string
% Value string
% Key string
%EndEventDef
%EventDef PajeEndLink 41
% Time date
% Type string
% Container string
% EndContainer string
% Value string
% Key string
%EndEventDef
0 "Program" "0" "CT_Program"
0 "Process" "CT_Program" "CT_Process"
0 "Thread" "CT_Process" "CT_Thread"
1 "Program state" "CT_Program" "ST_Program"
1 "Process state" "CT_Process" "ST_Process"
1 "Thread state" "CT_Thread" "ST_Thread"
1 "User state" "CT_Thread" "ST_User"
5 "ST_Thread" "EZTrace Flush" "1.0 1.0 1.0" "STV_FLUSH"
5 "ST_Thread" "Blocked" "1.0 0.0 0.0" "STV_Blocked"
5 "ST_Thread" "Working" "0.0 0.0 1.0" "STV_Working"
5 "ST_Thread" "Critical Section" "0.0 1.0 0.0" "STV_Critical"
5 "ST_User" "User Event" "0.0 1.0 0.0" "STV_User_Event_Green"
5 "ST_User" "User Event" "1.0 0.0 0.0" "STV_User_Event_Red"
5 "ST_User" "User Event" "0.1 0.5 0.8" "STV_User_Event_Blue"
5 "ST_User" "User Event" "1.0 1.0 0.0" "STV_User_Event_Yellow"
5 "ST_User" "User Event" "1.0 0.0 1.0" "STV_User_Event_Pink"
5 "ST_Thread" "EZTrace synchronization" "1.0 1.0 1.0" "STV_EZTRACE_SYNC"
2 "User Event" "CT_Thread" "E_UserEvent"
2 "SIGNAL Received" "CT_Thread" "E_SigSegv"
3 "Current CPU" "CT_Thread" "0 0 0" "V_CURCPU"
5 "ST_Thread" "stdio_read" "0.0 0.0 0.0" "stdio_read"
5 "ST_Thread" "stdio_pread" "0.0 0.0 0.0" "stdio_pread"
5 "ST_Thread" "stdio_readv" "0.0 0.0 0.0" "stdio_readv"
5 "ST_Thread" "stdio_fread" "0.0 0.0 0.0" "stdio_fread"
5 "ST_Thread" "stdio_write" "0.0 0.0 0.0" "stdio_write"
5 "ST_Thread" "stdio_pwrite" "0.0 0.0 0.0" "stdio_pwrite"
5 "ST_Thread" "stdio_writev" "0.0 0.0 0.0" "stdio_writev"
5 "ST_Thread" "stdio_fwrite" "0.0 0.0 0.0" "stdio_fwrite"
5 "ST_Thread" "stdio_select" "0.0 0.0 0.0" "stdio_select"
5 "ST_Thread" "stdio_pselect" "0.0 0.0 0.0" "stdio_pselect"
5 "ST_Thread" "stdio_lseek" "0.0 0.0 0.0" "stdio_lseek"
5 "ST_Thread" "stdio_poll" "0.0 0.0 0.0" "stdio_poll"
5 "ST_Thread" "stdio_ppoll" "0.0 0.0 0.0" "stdio_ppoll"
2 "SemPost" "CT_Thread" "E_SemPost"
2 "SemWait done" "CT_Thread" "E_SemWait_Done"
2 "Mutex Lock" "CT_Thread" "E_Mutex_Lock"
2 "Mutex Unlock" "CT_Thread" "E_Mutex_Unlock"
2 "Cond Signal" "CT_Thread" "E_CondSignal"
2 "Waiting for a lock" "CT_Thread" "E_LockStart"
2 "Lock acquired" "CT_Thread" "E_LockStop"
5 "ST_Thread" "Blocked on a semaphore" "1.0 0.0 0.0" "STV_Blocked_sem"
5 "ST_Thread" "Blocked on a spinlock" "1.0 0.0 0.0" "STV_Blocked_spin"
5 "ST_Thread" "Blocked on a mutex" "1.0 0.0 0.0" "STV_Blocked_mutex"
5 "ST_Thread" "Blocked on a condition" "1.0 0.0 0.0" "STV_Blocked_condition"
5 "ST_Thread" "Blocked on a rwlock" "1.0 0.0 0.0" "STV_Blocked_rwlock"
5 "ST_Thread" "Blocked on a barrier" "1.0 0.0 0.0" "STV_Blocked_barrier"
5 "ST_Thread" "Critical Section (semaphore)" "0.0 1.0 0.0" "STV_Critical_sem"
5 "ST_Thread" "Critical Section (spinlock)" "0.0 1.0 0.0" "STV_Critical_spin"
5 "ST_Thread" "Critical Section (mutex)" "0.0 1.0 0.0" "STV_Critical_mutex"
5 "ST_Thread" "Critical Section (condition)" "0.0 1.0 0.0" "STV_Critical_condition"
5 "ST_Thread" "Critical Section (rwlock)" "0.0 1.0 0.0" "STV_Critical_rwlock"
4 "OpenMP Parallel Section" "CT_Program" "CT_Thread" "CT_Thread" "GOMP_Section_Link"
5 "ST_Thread" "GOMP_Section_State" "1.0 0.0 1.0" "GOMP_Section_State"
5 "ST_Thread" "GOMP_Critical" "0.0 1.0 0.0" "GOMP_Critical"
5 "ST_Thread" "GOMP_Atomic" "0.0 1.0 0.0" "GOMP_Atomic"
5 "ST_Thread" "GOMP_Barrier" "1.0 0.6 0.0" "GOMP_Barrier"
5 "ST_Thread" "GOMP_Implicit_Barrier" "1.0 0.0 0.0" "GOMP_Implicit_Barrier"
5 "ST_Thread" "GOMP_For" "0.8 0.8 0.8" "GOMP_For"
5 "ST_Thread" "GOMP_Master" "1.0 1.0 1.0" "GOMP_Master"
5 "ST_Thread" "Blocked on an OpenMP lock" "1.0 0.0 0.0" "STV_GOMP_Lock"
5 "ST_Thread" "Holding an OpenMP lock" "0.0 1.0 0.0" "STV_GOMP_Locked"
5 "ST_Thread" "Blocked on an OpenMP nested lock" "1.0 0.0 0.0" "STV_GOMP_NLock"
5 "ST_Thread" "Holding an OpenMP nested lock" "0.0 1.0 0.0" "STV_GOMP_NLocked"
5 "ST_Thread" "GOMP_TaskWait" "1.0 0.6 0.0" "GOMP_TaskWait"
5 "ST_Thread" "GOMP_Task" "1.0 1.0 1.0" "GOMP_Task"
5 "ST_Thread" "GOMP_Untied_Task" "0.0 1.0 1.0" "GOMP_Untied_Task"
5 "ST_Thread" "Creating an OpenMP Task" "0.3 0.4 0.1" "GOMP_Task_Create"
5 "ST_Thread" "Creating an OpenMP Task" "0.1 0.5 0.8" "GOMP_Untied_Task_Create"
5 "ST_Thread" "Sending" "1.0 0.6 0.0" "STV_MPI_Send"
5 "ST_Thread" "MPI_Isend" "1.0 0.6 0.0" "STV_MPI_Isend"
5 "ST_Thread" "MPI_Ibsend" "1.0 0.6 0.0" "STV_MPI_Ibsend"
5 "ST_Thread" "MPI_Issend" "1.0 0.6 0.0" "STV_MPI_Issend"
5 "ST_Thread" "MPI_Irsend" "1.0 0.6 0.0" "STV_MPI_Irsend"
5 "ST_Thread" "SendRecv" "1.0 0.6 0.0" "STV_MPI_Sendrecv"
5 "ST_Thread" "Receiving" "0.6 0.1 0.9" "STV_MPI_Recv"
5 "ST_Thread" "MPI_Irecv" "0.6 0.1 0.9" "STV_MPI_Irecv"
5 "ST_Thread" "MPI_Wait" "1.0 0.0 0.0" "STV_MPI_Wait"
5 "ST_Thread" "MPI_Barrier" "1.0 0.0 1.0" "STV_MPI_Barrier"
5 "ST_Thread" "MPI_BCast" "1.0 0.0 1.0" "STV_MPI_BCast"
5 "ST_Thread" "MPI_Gather" "1.0 0.0 1.0" "STV_MPI_Gather"
5 "ST_Thread" "MPI_Scatter" "1.0 0.0 1.0" "STV_MPI_Scatter"
5 "ST_Thread" "MPI_Allgather" "1.0 0.0 1.0" "STV_MPI_Allgather"
5 "ST_Thread" "MPI_Alltoall" "1.0 0.0 1.0" "STV_MPI_Alltoall"
5 "ST_Thread" "MPI_Reduce" "1.0 0.0 1.0" "STV_MPI_Reduce"
5 "ST_Thread" "MPI_Allreduce" "1.0 0.0 1.0" "STV_MPI_Allreduce"
5 "ST_Thread" "MPI_Reduce_scatter" "1.0 0.0 1.0" "STV_MPI_reduce_scatter"
5 "ST_Thread" "MPI_Scan" "1.0 0.0 1.0" "STV_MPI_Scan"
5 "ST_Thread" "MPI_Ibarrier" "1.0 0.0 1.0" "STV_MPI_Ibarrier"
5 "ST_Thread" "MPI_Ibcast" "1.0 0.0 1.0" "STV_MPI_Ibcast"
5 "ST_Thread" "MPI_Igather" "1.0 0.0 1.0" "STV_MPI_Igather"
5 "ST_Thread" "MPI_Iscatter" "1.0 0.0 1.0" "STV_MPI_Iscatter"
5 "ST_Thread" "MPI_Iallgather" "1.0 0.0 1.0" "STV_MPI_Iallgather"
5 "ST_Thread" "MPI_Ialltoall" "1.0 0.0 1.0" "STV_MPI_Ialltoall"
5 "ST_Thread" "MPI_Ireduce" "1.0 0.0 1.0" "STV_MPI_Ireduce"
5 "ST_Thread" "MPI_Iallreduce" "1.0 0.0 1.0" "STV_MPI_Iallreduce"
5 "ST_Thread" "MPI_Ireduce_scatter" "1.0 0.0 1.0" "STV_MPI_Ireduce_scatter"
5 "ST_Thread" "MPI_Iscan" "1.0 0.0 1.0" "STV_MPI_Iscan"
5 "ST_Thread" "MPI_Probe" "0.6 0.1 0.9" "STV_MPI_Probe"
4 "MPI collective communication" "CT_Program" "CT_Thread" "CT_Thread" "L_MPI_Coll"
4 "MPI point to point communication" "CT_Program" "CT_Thread" "CT_Thread" "L_MPI_P2P"
4 "MPI SPAWN" "CT_Program" "CT_Thread" "CT_Thread" "L_MPI_SPAWN"
2 "MPI Send" "CT_Thread" "E_MPI_CommSend"
2 "MPI Recv" "CT_Thread" "E_MPI_CommRecv"
2 "End of an MPI communication" "CT_Thread" "E_MPI_EndComm"
2 "MPI_Probe" "CT_Thread" "E_MPI_Probe_success"
2 "MPI_IProbe success" "CT_Thread" "E_MPI_Iprobe_success"
2 "MPI_IProbe failed" "CT_Thread" "E_MPI_Iprobe_failed"
3 "Memory used" "CT_Process" "0 0 0" "V_Mem"
7 0.0000000000000e+00 "Program" "CT_Program" 0 "C_Prog"
7 0.0000000000000e+00 "P#0" "CT_Process" "C_Prog" "P#0"
7 0.0000000000000e+00 "P#0_T#3676165440" "CT_Thread" "P#0" "P#0_T#3676165440"
10 0.0000000000000e+00 "ST_Thread" "P#0_T#3676165440" "STV_Working"
40 1.3661140203476e+00 "GOMP_Section_Link" "C_Prog" "P#0_T#3676165440" "p#0_section#0_thread#4" "0_0_4"
40 1.3661140203476e+00 "GOMP_Section_Link" "C_Prog" "P#0_T#3676165440" "p#0_section#0_thread#3" "0_0_3"
40 1.3661140203476e+00 "GOMP_Section_Link" "C_Prog" "P#0_T#3676165440" "p#0_section#0_thread#0" "0_0_0"
40 1.3661140203476e+00 "GOMP_Section_Link" "C_Prog" "P#0_T#3676165440" "p#0_section#0_thread#5" "0_0_5"
40 1.3661140203476e+00 "GOMP_Section_Link" "C_Prog" "P#0_T#3676165440" "p#0_section#0_thread#1" "0_0_1"
40 1.3661140203476e+00 "GOMP_Section_Link" "C_Prog" "P#0_T#3676165440" "p#0_section#0_thread#2" "0_0_2"
11 1.3783200000000e+00 "ST_Thread" "P#0_T#3676165440" "STV_Blocked"
12 1.4686250000000e+00 "ST_Thread" "P#0_T#3676165440"
11 1.4696280000000e+00 "ST_Thread" "P#0_T#3676165440" "STV_Blocked"
12 1.5209490000000e+00 "ST_Thread" "P#0_T#3676165440"
11 1.5213830000000e+00 "ST_Thread" "P#0_T#3676165440" "STV_Blocked"
12 1.5801230000000e+00 "ST_Thread" "P#0_T#3676165440"
11 1.5808000000000e+00 "ST_Thread" "P#0_T#3676165440" "STV_Blocked"
12 1.8416448000000e+01 "ST_Thread" "P#0_T#3676165440"
11 1.8419883000000e+01 "ST_Thread" "P#0_T#3676165440" "STV_Blocked"
7 1.8541293000000e+01 "P#0_T#3658442496" "CT_Thread" "P#0" "P#0_T#3658442496"
10 1.8541293000000e+01 "ST_Thread" "P#0_T#3658442496" "STV_Working"
7 2.6286808000000e+01 "P#0_T#3650049792" "CT_Thread" "P#0" "P#0_T#3650049792"
10 2.6286808000000e+01 "ST_Thread" "P#0_T#3650049792" "STV_Working"
7 3.0379249000000e+01 "P#0_T#3641657088" "CT_Thread" "P#0" "P#0_T#3641657088"
10 3.0379249000000e+01 "ST_Thread" "P#0_T#3641657088" "STV_Working"
12 3.0381876000000e+01 "ST_Thread" "P#0_T#3676165440"
7 3.4559261000000e+01 "P#0_T#3633264384" "CT_Thread" "P#0" "P#0_T#3633264384"
10 3.4559261000000e+01 "ST_Thread" "P#0_T#3633264384" "STV_Working"
7 3.8698214000000e+01 "P#0_T#3506423552" "CT_Thread" "P#0" "P#0_T#3506423552"
10 3.8698214000000e+01 "ST_Thread" "P#0_T#3506423552" "STV_Working"
41 3.8704178000000e+01 "GOMP_Section_Link" "C_Prog" "P#0_T#3633264384" "p#0_section#0_thread#4" "0_0_4"
11 3.8704178000000e+01 "ST_Thread" "P#0_T#3633264384" "GOMP_Section_State"
41 3.8704186000000e+01 "GOMP_Section_Link" "C_Prog" "P#0_T#3641657088" "p#0_section#0_thread#3" "0_0_3"
11 3.8704186000000e+01 "ST_Thread" "P#0_T#3641657088" "GOMP_Section_State"
41 3.8704209000000e+01 "GOMP_Section_Link" "C_Prog" "P#0_T#3676165440" "p#0_section#0_thread#0" "0_0_0"
11 3.8704209000000e+01 "ST_Thread" "P#0_T#3676165440" "GOMP_Section_State"
11 3.8704359000000e+01 "ST_Thread" "P#0_T#3641657088" "GOMP_For"
11 3.8704374000000e+01 "ST_Thread" "P#0_T#3633264384" "GOMP_For"
11 3.8704378000000e+01 "ST_Thread" "P#0_T#3676165440" "GOMP_For"
41 3.8707402000000e+01 "GOMP_Section_Link" "C_Prog" "P#0_T#3506423552" "p#0_section#0_thread#5" "0_0_5"
11 3.8707402000000e+01 "ST_Thread" "P#0_T#3506423552" "GOMP_Section_State"
11 3.8707556000000e+01 "ST_Thread" "P#0_T#3506423552" "GOMP_For"
41 3.8739008000000e+01 "GOMP_Section_Link" "C_Prog" "P#0_T#3658442496" "p#0_section#0_thread#1" "0_0_1"
11 3.8739008000000e+01 "ST_Thread" "P#0_T#3658442496" "GOMP_Section_State"
11 3.8739252000000e+01 "ST_Thread" "P#0_T#3658442496" "GOMP_For"
41 3.8752482000000e+01 "GOMP_Section_Link" "C_Prog" "P#0_T#3650049792" "p#0_section#0_thread#2" "0_0_2"
11 3.8752482000000e+01 "ST_Thread" "P#0_T#3650049792" "GOMP_Section_State"
11 3.8752684000000e+01 "ST_Thread" "P#0_T#3650049792" "GOMP_For"
11 8.8249489100000e+02 "ST_Thread" "P#0_T#3641657088" "GOMP_Implicit_Barrier"
11 8.8249491600000e+02 "ST_Thread" "P#0_T#3658442496" "GOMP_Implicit_Barrier"
11 8.8249491800000e+02 "ST_Thread" "P#0_T#3506423552" "GOMP_Implicit_Barrier"
11 8.8249686700000e+02 "ST_Thread" "P#0_T#3676165440" "GOMP_Implicit_Barrier"
11 8.8250777400000e+02 "ST_Thread" "P#0_T#3633264384" "GOMP_Implicit_Barrier"
11 8.8252341600000e+02 "ST_Thread" "P#0_T#3650049792" "GOMP_Implicit_Barrier"
12 8.8252372700000e+02 "ST_Thread" "P#0_T#3633264384"
12 8.8252373400000e+02 "ST_Thread" "P#0_T#3676165440"
12 8.8252374400000e+02 "ST_Thread" "P#0_T#3641657088"
12 8.8252375600000e+02 "ST_Thread" "P#0_T#3506423552"
12 8.8252376400000e+02 "ST_Thread" "P#0_T#3658442496"
12 8.8252393500000e+02 "ST_Thread" "P#0_T#3506423552"
12 8.8252393900000e+02 "ST_Thread" "P#0_T#3676165440"
12 8.8252394300000e+02 "ST_Thread" "P#0_T#3641657088"
12 8.8252395200000e+02 "ST_Thread" "P#0_T#3633264384"
12 8.8252395500000e+02 "ST_Thread" "P#0_T#3658442496"
11 8.8252401600000e+02 "ST_Thread" "P#0_T#3676165440" "GOMP_Implicit_Barrier"
11 8.8252404600000e+02 "ST_Thread" "P#0_T#3633264384" "GOMP_Implicit_Barrier"
11 8.8252405600000e+02 "ST_Thread" "P#0_T#3658442496" "GOMP_Implicit_Barrier"
11 8.8252406700000e+02 "ST_Thread" "P#0_T#3506423552" "GOMP_Implicit_Barrier"
11 8.8252409200000e+02 "ST_Thread" "P#0_T#3641657088" "GOMP_Implicit_Barrier"
12 8.8252441700000e+02 "ST_Thread" "P#0_T#3650049792"
12 8.8252456000000e+02 "ST_Thread" "P#0_T#3650049792"
11 8.8252464600000e+02 "ST_Thread" "P#0_T#3650049792" "GOMP_Implicit_Barrier"
12 8.8252484500000e+02 "ST_Thread" "P#0_T#3633264384"
12 8.8252485700000e+02 "ST_Thread" "P#0_T#3676165440"
12 8.8252485800000e+02 "ST_Thread" "P#0_T#3641657088"
12 8.8252486000000e+02 "ST_Thread" "P#0_T#3506423552"
12 8.8252486100000e+02 "ST_Thread" "P#0_T#3658442496"
40 8.8252517200000e+02 "GOMP_Section_Link" "C_Prog" "P#0_T#3506423552" "p#0_section#0_thread#5" "0_0_5_end"
12 8.8252517200000e+02 "ST_Thread" "P#0_T#3506423552"
12 8.8252517600000e+02 "ST_Thread" "P#0_T#3650049792"
40 8.8252517600000e+02 "GOMP_Section_Link" "C_Prog" "P#0_T#3633264384" "p#0_section#0_thread#4" "0_0_4_end"
12 8.8252517600000e+02 "ST_Thread" "P#0_T#3633264384"
40 8.8252519100000e+02 "GOMP_Section_Link" "C_Prog" "P#0_T#3658442496" "p#0_section#0_thread#1" "0_0_1_end"
12 8.8252519100000e+02 "ST_Thread" "P#0_T#3658442496"
40 8.8252519700000e+02 "GOMP_Section_Link" "C_Prog" "P#0_T#3676165440" "p#0_section#0_thread#0" "0_0_0_end"
12 8.8252519700000e+02 "ST_Thread" "P#0_T#3676165440"
40 8.8252520400000e+02 "GOMP_Section_Link" "C_Prog" "P#0_T#3641657088" "p#0_section#0_thread#3" "0_0_3_end"
12 8.8252520400000e+02 "ST_Thread" "P#0_T#3641657088"
40 8.8252531400000e+02 "GOMP_Section_Link" "C_Prog" "P#0_T#3650049792" "p#0_section#0_thread#2" "0_0_2_end"
41 8.8252531400000e+02 "GOMP_Section_Link" "C_Prog" "P#0_T#3676165440" "p#0_section#0_thread#0" "0_0_0_end"
41 8.8252531400000e+02 "GOMP_Section_Link" "C_Prog" "P#0_T#3676165440" "p#0_section#0_thread#1" "0_0_1_end"
41 8.8252531400000e+02 "GOMP_Section_Link" "C_Prog" "P#0_T#3676165440" "p#0_section#0_thread#2" "0_0_2_end"
41 8.8252531400000e+02 "GOMP_Section_Link" "C_Prog" "P#0_T#3676165440" "p#0_section#0_thread#3" "0_0_3_end"
41 8.8252531400000e+02 "GOMP_Section_Link" "C_Prog" "P#0_T#3676165440" "p#0_section#0_thread#4" "0_0_4_end"
41 8.8252531400000e+02 "GOMP_Section_Link" "C_Prog" "P#0_T#3676165440" "p#0_section#0_thread#5" "0_0_5_end"
12 8.8252531400000e+02 "ST_Thread" "P#0_T#3650049792"
40 8.8252752685547e+02 "GOMP_Section_Link" "C_Prog" "P#0_T#3676165440" "p#0_section#1_thread#4" "0_1_4"
40 8.8252752685547e+02 "GOMP_Section_Link" "C_Prog" "P#0_T#3676165440" "p#0_section#1_thread#3" "0_1_3"
40 8.8252752685547e+02 "GOMP_Section_Link" "C_Prog" "P#0_T#3676165440" "p#0_section#1_thread#1" "0_1_1"
40 8.8252752685547e+02 "GOMP_Section_Link" "C_Prog" "P#0_T#3676165440" "p#0_section#1_thread#5" "0_1_5"
40 8.8252752685547e+02 "GOMP_Section_Link" "C_Prog" "P#0_T#3676165440" "p#0_section#1_thread#2" "0_1_2"
40 8.8252752685547e+02 "GOMP_Section_Link" "C_Prog" "P#0_T#3676165440" "p#0_section#1_thread#0" "0_1_0"
41 8.8252869600000e+02 "GOMP_Section_Link" "C_Prog" "P#0_T#3633264384" "p#0_section#1_thread#4" "0_1_4"
11 8.8252869600000e+02 "ST_Thread" "P#0_T#3633264384" "GOMP_Section_State"
41 8.8252874400000e+02 "GOMP_Section_Link" "C_Prog" "P#0_T#3641657088" "p#0_section#1_thread#3" "0_1_3"
11 8.8252874400000e+02 "ST_Thread" "P#0_T#3641657088" "GOMP_Section_State"
41 8.8252875100000e+02 "GOMP_Section_Link" "C_Prog" "P#0_T#3658442496" "p#0_section#1_thread#1" "0_1_1"
11 8.8252875100000e+02 "ST_Thread" "P#0_T#3658442496" "GOMP_Section_State"
41 8.8252877800000e+02 "GOMP_Section_Link" "C_Prog" "P#0_T#3506423552" "p#0_section#1_thread#5" "0_1_5"
11 8.8252877800000e+02 "ST_Thread" "P#0_T#3506423552" "GOMP_Section_State"
11 8.8252879200000e+02 "ST_Thread" "P#0_T#3633264384" "GOMP_For"
41 8.8252881400000e+02 "GOMP_Section_Link" "C_Prog" "P#0_T#3650049792" "p#0_section#1_thread#2" "0_1_2"
11 8.8252881400000e+02 "ST_Thread" "P#0_T#3650049792" "GOMP_Section_State"
11 8.8252883900000e+02 "ST_Thread" "P#0_T#3658442496" "GOMP_For"
11 8.8252888800000e+02 "ST_Thread" "P#0_T#3641657088" "GOMP_For"
11 8.8252890900000e+02 "ST_Thread" "P#0_T#3650049792" "GOMP_For"
11 8.8252892000000e+02 "ST_Thread" "P#0_T#3506423552" "GOMP_For"
41 8.8252913900000e+02 "GOMP_Section_Link" "C_Prog" "P#0_T#3676165440" "p#0_section#1_thread#0" "0_1_0"
11 8.8252913900000e+02 "ST_Thread" "P#0_T#3676165440" "GOMP_Section_State"
11 8.8252921000000e+02 "ST_Thread" "P#0_T#3676165440" "GOMP_For"
11 1.7788000700000e+03 "ST_Thread" "P#0_T#3650049792" "GOMP_Implicit_Barrier"
11 1.7788000800000e+03 "ST_Thread" "P#0_T#3676165440" "GOMP_Implicit_Barrier"
11 1.7788000850000e+03 "ST_Thread" "P#0_T#3506423552" "GOMP_Implicit_Barrier"
11 1.7788023290000e+03 "ST_Thread" "P#0_T#3658442496" "GOMP_Implicit_Barrier"
11 1.7788029470000e+03 "ST_Thread" "P#0_T#3641657088" "GOMP_Implicit_Barrier"
11 1.8009109820000e+03 "ST_Thread" "P#0_T#3633264384" "GOMP_Implicit_Barrier"
12 1.8009167770000e+03 "ST_Thread" "P#0_T#3633264384"
12 1.8009169570000e+03 "ST_Thread" "P#0_T#3633264384"
11 1.8009170380000e+03 "ST_Thread" "P#0_T#3633264384" "GOMP_Implicit_Barrier"
12 1.8009398200000e+03 "ST_Thread" "P#0_T#3676165440"
12 1.8009400120000e+03 "ST_Thread" "P#0_T#3676165440"
11 1.8009401250000e+03 "ST_Thread" "P#0_T#3676165440" "GOMP_Implicit_Barrier"
12 1.8009713370000e+03 "ST_Thread" "P#0_T#3506423552"
12 1.8009713760000e+03 "ST_Thread" "P#0_T#3658442496"
12 1.8009714520000e+03 "ST_Thread" "P#0_T#3641657088"
12 1.8009715440000e+03 "ST_Thread" "P#0_T#3506423552"
12 1.8009715840000e+03 "ST_Thread" "P#0_T#3658442496"
12 1.8009716470000e+03 "ST_Thread" "P#0_T#3641657088"
11 1.8009716650000e+03 "ST_Thread" "P#0_T#3506423552" "GOMP_Implicit_Barrier"
11 1.8009717330000e+03 "ST_Thread" "P#0_T#3658442496" "GOMP_Implicit_Barrier"
11 1.8009717610000e+03 "ST_Thread" "P#0_T#3641657088" "GOMP_Implicit_Barrier"
12 1.8009717770000e+03 "ST_Thread" "P#0_T#3650049792"
12 1.8009720130000e+03 "ST_Thread" "P#0_T#3650049792"
11 1.8009721360000e+03 "ST_Thread" "P#0_T#3650049792" "GOMP_Implicit_Barrier"
12 1.8009724230000e+03 "ST_Thread" "P#0_T#3506423552"
12 1.8009724430000e+03 "ST_Thread" "P#0_T#3658442496"
12 1.8009724510000e+03 "ST_Thread" "P#0_T#3641657088"
12 1.8009724540000e+03 "ST_Thread" "P#0_T#3633264384"
12 1.8009724600000e+03 "ST_Thread" "P#0_T#3676165440"
40 1.8009726490000e+03 "GOMP_Section_Link" "C_Prog" "P#0_T#3676165440" "p#0_section#1_thread#0" "0_1_0_end"
12 1.8009726490000e+03 "ST_Thread" "P#0_T#3676165440"
40 1.8009726520000e+03 "GOMP_Section_Link" "C_Prog" "P#0_T#3633264384" "p#0_section#1_thread#4" "0_1_4_end"
12 1.8009726520000e+03 "ST_Thread" "P#0_T#3633264384"
40 1.8009726830000e+03 "GOMP_Section_Link" "C_Prog" "P#0_T#3641657088" "p#0_section#1_thread#3" "0_1_3_end"
12 1.8009726830000e+03 "ST_Thread" "P#0_T#3641657088"
40 1.8009726850000e+03 "GOMP_Section_Link" "C_Prog" "P#0_T#3658442496" "p#0_section#1_thread#1" "0_1_1_end"
12 1.8009726850000e+03 "ST_Thread" "P#0_T#3658442496"
40 1.8009726970000e+03 "GOMP_Section_Link" "C_Prog" "P#0_T#3506423552" "p#0_section#1_thread#5" "0_1_5_end"
12 1.8009726970000e+03 "ST_Thread" "P#0_T#3506423552"
12 1.8009732500000e+03 "ST_Thread" "P#0_T#3650049792"
40 1.8009733860000e+03 "GOMP_Section_Link" "C_Prog" "P#0_T#3650049792" "p#0_section#1_thread#2" "0_1_2_end"
41 1.8009733860000e+03 "GOMP_Section_Link" "C_Prog" "P#0_T#3676165440" "p#0_section#1_thread#0" "0_1_0_end"
41 1.8009733860000e+03 "GOMP_Section_Link" "C_Prog" "P#0_T#3676165440" "p#0_section#1_thread#1" "0_1_1_end"
41 1.8009733860000e+03 "GOMP_Section_Link" "C_Prog" "P#0_T#3676165440" "p#0_section#1_thread#2" "0_1_2_end"
41 1.8009733860000e+03 "GOMP_Section_Link" "C_Prog" "P#0_T#3676165440" "p#0_section#1_thread#3" "0_1_3_end"
41 1.8009733860000e+03 "GOMP_Section_Link" "C_Prog" "P#0_T#3676165440" "p#0_section#1_thread#4" "0_1_4_end"
41 1.8009733860000e+03 "GOMP_Section_Link" "C_Prog" "P#0_T#3676165440" "p#0_section#1_thread#5" "0_1_5_end"
12 1.8009733860000e+03 "ST_Thread" "P#0_T#3650049792"
40 1.8009747314453e+03 "GOMP_Section_Link" "C_Prog" "P#0_T#3676165440" "p#0_section#2_thread#2" "0_2_2"
40 1.8009747314453e+03 "GOMP_Section_Link" "C_Prog" "P#0_T#3676165440" "p#0_section#2_thread#4" "0_2_4"
40 1.8009747314453e+03 "GOMP_Section_Link" "C_Prog" "P#0_T#3676165440" "p#0_section#2_thread#3" "0_2_3"
40 1.8009747314453e+03 "GOMP_Section_Link" "C_Prog" "P#0_T#3676165440" "p#0_section#2_thread#1" "0_2_1"
40 1.8009747314453e+03 "GOMP_Section_Link" "C_Prog" "P#0_T#3676165440" "p#0_section#2_thread#5" "0_2_5"
40 1.8009747314453e+03 "GOMP_Section_Link" "C_Prog" "P#0_T#3676165440" "p#0_section#2_thread#0" "0_2_0"
41 1.8009759090000e+03 "GOMP_Section_Link" "C_Prog" "P#0_T#3650049792" "p#0_section#2_thread#2" "0_2_2"
11 1.8009759090000e+03 "ST_Thread" "P#0_T#3650049792" "GOMP_Section_State"
41 1.8009759240000e+03 "GOMP_Section_Link" "C_Prog" "P#0_T#3633264384" "p#0_section#2_thread#4" "0_2_4"
11 1.8009759240000e+03 "ST_Thread" "P#0_T#3633264384" "GOMP_Section_State"
41 1.8009759320000e+03 "GOMP_Section_Link" "C_Prog" "P#0_T#3641657088" "p#0_section#2_thread#3" "0_2_3"
11 1.8009759320000e+03 "ST_Thread" "P#0_T#3641657088" "GOMP_Section_State"
41 1.8009759520000e+03 "GOMP_Section_Link" "C_Prog" "P#0_T#3658442496" "p#0_section#2_thread#1" "0_2_1"
11 1.8009759520000e+03 "ST_Thread" "P#0_T#3658442496" "GOMP_Section_State"
11 1.8009760130000e+03 "ST_Thread" "P#0_T#3650049792" "GOMP_For"
41 1.8009760130000e+03 "GOMP_Section_Link" "C_Prog" "P#0_T#3506423552" "p#0_section#2_thread#5" "0_2_5"
11 1.8009760130000e+03 "ST_Thread" "P#0_T#3506423552" "GOMP_Section_State"
11 1.8009760430000e+03 "ST_Thread" "P#0_T#3633264384" "GOMP_For"
11 1.8009760730000e+03 "ST_Thread" "P#0_T#3641657088" "GOMP_For"
11 1.8009760810000e+03 "ST_Thread" "P#0_T#3658442496" "GOMP_For"
11 1.8009761180000e+03 "ST_Thread" "P#0_T#3506423552" "GOMP_For"
41 1.8009769930000e+03 "GOMP_Section_Link" "C_Prog" "P#0_T#3676165440" "p#0_section#2_thread#0" "0_2_0"
11 1.8009769930000e+03 "ST_Thread" "P#0_T#3676165440" "GOMP_Section_State"
11 1.8009770890000e+03 "ST_Thread" "P#0_T#3676165440" "GOMP_For"
11 2.6801782510000e+03 "ST_Thread" "P#0_T#3658442496" "GOMP_Implicit_Barrier"
11 2.6801782620000e+03 "ST_Thread" "P#0_T#3676165440" "GOMP_Implicit_Barrier"
11 2.6801838270000e+03 "ST_Thread" "P#0_T#3641657088" "GOMP_Implicit_Barrier"
11 2.6801860030000e+03 "ST_Thread" "P#0_T#3650049792" "GOMP_Implicit_Barrier"
11 2.6801957030000e+03 "ST_Thread" "P#0_T#3633264384" "GOMP_Implicit_Barrier"
11 2.6802116420000e+03 "ST_Thread" "P#0_T#3506423552" "GOMP_Implicit_Barrier"
12 2.6802120180000e+03 "ST_Thread" "P#0_T#3650049792"
12 2.6802120520000e+03 "ST_Thread" "P#0_T#3676165440"
12 2.6802120550000e+03 "ST_Thread" "P#0_T#3658442496"
12 2.6802120650000e+03 "ST_Thread" "P#0_T#3633264384"
12 2.6802121100000e+03 "ST_Thread" "P#0_T#3641657088"
12 2.6802122600000e+03 "ST_Thread" "P#0_T#3650049792"
12 2.6802122610000e+03 "ST_Thread" "P#0_T#3641657088"
12 2.6802122760000e+03 "ST_Thread" "P#0_T#3633264384"
12 2.6802122830000e+03 "ST_Thread" "P#0_T#3658442496"
12 2.6802123110000e+03 "ST_Thread" "P#0_T#3676165440"
11 2.6802123590000e+03 "ST_Thread" "P#0_T#3650049792" "GOMP_Implicit_Barrier"
11 2.6802123690000e+03 "ST_Thread" "P#0_T#3641657088" "GOMP_Implicit_Barrier"
11 2.6802123800000e+03 "ST_Thread" "P#0_T#3633264384" "GOMP_Implicit_Barrier"
11 2.6802123940000e+03 "ST_Thread" "P#0_T#3676165440" "GOMP_Implicit_Barrier"
11 2.6802124170000e+03 "ST_Thread" "P#0_T#3658442496" "GOMP_Implicit_Barrier"
12 2.6802132830000e+03 "ST_Thread" "P#0_T#3506423552"
12 2.6802134210000e+03 "ST_Thread" "P#0_T#3506423552"
11 2.6802135050000e+03 "ST_Thread" "P#0_T#3506423552" "GOMP_Implicit_Barrier"
12 2.6802136960000e+03 "ST_Thread" "P#0_T#3641657088"
12 2.6802137080000e+03 "ST_Thread" "P#0_T#3650049792"
12 2.6802137140000e+03 "ST_Thread" "P#0_T#3633264384"
12 2.6802137160000e+03 "ST_Thread" "P#0_T#3658442496"
12 2.6802137480000e+03 "ST_Thread" "P#0_T#3676165440"
40 2.6802140420000e+03 "GOMP_Section_Link" "C_Prog" "P#0_T#3650049792" "p#0_section#2_thread#2" "0_2_2_end"
12 2.6802140420000e+03 "ST_Thread" "P#0_T#3650049792"
40 2.6802140670000e+03 "GOMP_Section_Link" "C_Prog" "P#0_T#3633264384" "p#0_section#2_thread#4" "0_2_4_end"
12 2.6802140670000e+03 "ST_Thread" "P#0_T#3633264384"
40 2.6802140690000e+03 "GOMP_Section_Link" "C_Prog" "P#0_T#3676165440" "p#0_section#2_thread#0" "0_2_0_end"
12 2.6802140690000e+03 "ST_Thread" "P#0_T#3676165440"
40 2.6802141010000e+03 "GOMP_Section_Link" "C_Prog" "P#0_T#3658442496" "p#0_section#2_thread#1" "0_2_1_end"
12 2.6802141010000e+03 "ST_Thread" "P#0_T#3658442496"
40 2.6802141050000e+03 "GOMP_Section_Link" "C_Prog" "P#0_T#3641657088" "p#0_section#2_thread#3" "0_2_3_end"
12 2.6802141050000e+03 "ST_Thread" "P#0_T#3641657088"
12 2.6802141090000e+03 "ST_Thread" "P#0_T#3506423552"
40 2.6802142880000e+03 "GOMP_Section_Link" "C_Prog" "P#0_T#3506423552" "p#0_section#2_thread#5" "0_2_5_end"
41 2.6802142880000e+03 "GOMP_Section_Link" "C_Prog" "P#0_T#3676165440" "p#0_section#2_thread#0" "0_2_0_end"
41 2.6802142880000e+03 "GOMP_Section_Link" "C_Prog" "P#0_T#3676165440" "p#0_section#2_thread#1" "0_2_1_end"
41 2.6802142880000e+03 "GOMP_Section_Link" "C_Prog" "P#0_T#3676165440" "p#0_section#2_thread#2" "0_2_2_end"
41 2.6802142880000e+03 "GOMP_Section_Link" "C_Prog" "P#0_T#3676165440" "p#0_section#2_thread#3" "0_2_3_end"
41 2.6802142880000e+03 "GOMP_Section_Link" "C_Prog" "P#0_T#3676165440" "p#0_section#2_thread#4" "0_2_4_end"
41 2.6802142880000e+03 "GOMP_Section_Link" "C_Prog" "P#0_T#3676165440" "p#0_section#2_thread#5" "0_2_5_end"
12 2.6802142880000e+03 "ST_Thread" "P#0_T#3506423552"
8 2.6806720250000e+03 "P#0_T#3676165440" "CT_Thread"
