%EventDef PajeDefineContainerType 0
% Name string
% Type string
% Alias string
%EndEventDef
%EventDef PajeDefineStateType 1
% Name string
% Type string
% Alias string
%EndEventDef
%EventDef PajeDefineEventType 2
% Name string
% Type string
% Alias string
%EndEventDef
%EventDef PajeDefineVariableType 3
% Name string
% Type string
% Color color
% Alias string
%EndEventDef
%EventDef PajeDefineLinkType 4
% Name string
% Type string
% StartContainerType string
% EndContainerType string
% Alias string
%EndEventDef
%EventDef PajeDefineEntityValue 5
% Type string
% Name string
% Color color
% Alias string
%EndEventDef
%EventDef PajeCreateContainer 7
% Time date
% Name string
% Type string
% Container string
% Alias string
%EndEventDef
%EventDef PajeDestroyContainer 8
% Time date
% Name string
% Type string
%EndEventDef
%EventDef PajeSetState 10
% Time date
% Type string
% Container string
% Value string
%EndEventDef
%EventDef PajePushState 11
% Time date
% Type string
% Container string
% Value string
%EndEventDef
%EventDef PajePushState 14
% Time date
% Type string
% Container string
% Value string
% Extra string
%EndEventDef
%EventDef PajePopState 12
% Time date
% Type string
% Container string
%EndEventDef
%EventDef PajeResetState 13
% Time date
% Type string
% Container string
%EndEventDef
%EventDef PajeNewEvent 20
% Time date
% Type string
% Container string
% Value string
%EndEventDef
%EventDef PajeSetVariable 30
% Time date
% Type string
% Container string
% Value double
%EndEventDef
%EventDef PajeAddVariable 31
% Time date
% Type string
% Container string
% Value double
%EndEventDef
%EventDef PajeSubVariable 32
% Time date
% Type string
% Container string
% Value double
%EndEventDef
%EventDef PajeStartLink 40
% Time date
% Type string
% Container string
% StartContainer string
% Value string
% Key string
%EndEventDef
%EventDef PajeEndLink 41
% Time date
% Type string
% Container string
% EndContainer string
% Value string
% Key string
%EndEventDef
0 "Program" "0" "CT_Program"
0 "Process" "CT_Program" "CT_Process"
0 "Thread" "CT_Process" "CT_Thread"
1 "Program state" "CT_Program" "ST_Program"
1 "Process state" "CT_Process" "ST_Process"
1 "Thread state" "CT_Thread" "ST_Thread"
1 "User state" "CT_Thread" "ST_User"
5 "ST_Thread" "EZTrace Flush" "1.0 1.0 1.0" "STV_FLUSH"
5 "ST_Thread" "Blocked" "1.0 0.0 0.0" "STV_Blocked"
5 "ST_Thread" "Working" "0.0 0.0 1.0" "STV_Working"
5 "ST_Thread" "Critical Section" "0.0 1.0 0.0" "STV_Critical"
5 "ST_User" "User Event" "0.0 1.0 0.0" "STV_User_Event_Green"
5 "ST_User" "User Event" "1.0 0.0 0.0" "STV_User_Event_Red"
5 "ST_User" "User Event" "0.1 0.5 0.8" "STV_User_Event_Blue"
5 "ST_User" "User Event" "1.0 1.0 0.0" "STV_User_Event_Yellow"
5 "ST_User" "User Event" "1.0 0.0 1.0" "STV_User_Event_Pink"
5 "ST_Thread" "EZTrace synchronization" "1.0 1.0 1.0" "STV_EZTRACE_SYNC"
2 "User Event" "CT_Thread" "E_UserEvent"
2 "SIGNAL Received" "CT_Thread" "E_SigSegv"
3 "Current CPU" "CT_Thread" "0 0 0" "V_CURCPU"
5 "ST_Thread" "stdio_read" "0.0 0.0 0.0" "stdio_read"
5 "ST_Thread" "stdio_pread" "0.0 0.0 0.0" "stdio_pread"
5 "ST_Thread" "stdio_readv" "0.0 0.0 0.0" "stdio_readv"
5 "ST_Thread" "stdio_fread" "0.0 0.0 0.0" "stdio_fread"
5 "ST_Thread" "stdio_write" "0.0 0.0 0.0" "stdio_write"
5 "ST_Thread" "stdio_pwrite" "0.0 0.0 0.0" "stdio_pwrite"
5 "ST_Thread" "stdio_writev" "0.0 0.0 0.0" "stdio_writev"
5 "ST_Thread" "stdio_fwrite" "0.0 0.0 0.0" "stdio_fwrite"
5 "ST_Thread" "stdio_select" "0.0 0.0 0.0" "stdio_select"
5 "ST_Thread" "stdio_pselect" "0.0 0.0 0.0" "stdio_pselect"
5 "ST_Thread" "stdio_lseek" "0.0 0.0 0.0" "stdio_lseek"
5 "ST_Thread" "stdio_poll" "0.0 0.0 0.0" "stdio_poll"
5 "ST_Thread" "stdio_ppoll" "0.0 0.0 0.0" "stdio_ppoll"
2 "SemPost" "CT_Thread" "E_SemPost"
2 "SemWait done" "CT_Thread" "E_SemWait_Done"
2 "Mutex Lock" "CT_Thread" "E_Mutex_Lock"
2 "Mutex Unlock" "CT_Thread" "E_Mutex_Unlock"
2 "Cond Signal" "CT_Thread" "E_CondSignal"
2 "Waiting for a lock" "CT_Thread" "E_LockStart"
2 "Lock acquired" "CT_Thread" "E_LockStop"
5 "ST_Thread" "Blocked on a semaphore" "1.0 0.0 0.0" "STV_Blocked_sem"
5 "ST_Thread" "Blocked on a spinlock" "1.0 0.0 0.0" "STV_Blocked_spin"
5 "ST_Thread" "Blocked on a mutex" "1.0 0.0 0.0" "STV_Blocked_mutex"
5 "ST_Thread" "Blocked on a condition" "1.0 0.0 0.0" "STV_Blocked_condition"
5 "ST_Thread" "Blocked on a rwlock" "1.0 0.0 0.0" "STV_Blocked_rwlock"
5 "ST_Thread" "Blocked on a barrier" "1.0 0.0 0.0" "STV_Blocked_barrier"
5 "ST_Thread" "Critical Section (semaphore)" "0.0 1.0 0.0" "STV_Critical_sem"
5 "ST_Thread" "Critical Section (spinlock)" "0.0 1.0 0.0" "STV_Critical_spin"
5 "ST_Thread" "Critical Section (mutex)" "0.0 1.0 0.0" "STV_Critical_mutex"
5 "ST_Thread" "Critical Section (condition)" "0.0 1.0 0.0" "STV_Critical_condition"
5 "ST_Thread" "Critical Section (rwlock)" "0.0 1.0 0.0" "STV_Critical_rwlock"
4 "OpenMP Parallel Section" "CT_Program" "CT_Thread" "CT_Thread" "GOMP_Section_Link"
5 "ST_Thread" "GOMP_Section_State" "1.0 0.0 1.0" "GOMP_Section_State"
5 "ST_Thread" "GOMP_Critical" "0.0 1.0 0.0" "GOMP_Critical"
5 "ST_Thread" "GOMP_Atomic" "0.0 1.0 0.0" "GOMP_Atomic"
5 "ST_Thread" "GOMP_Barrier" "1.0 0.6 0.0" "GOMP_Barrier"
5 "ST_Thread" "GOMP_Implicit_Barrier" "1.0 0.0 0.0" "GOMP_Implicit_Barrier"
5 "ST_Thread" "GOMP_For" "0.8 0.8 0.8" "GOMP_For"
5 "ST_Thread" "GOMP_Master" "1.0 1.0 1.0" "GOMP_Master"
5 "ST_Thread" "Blocked on an OpenMP lock" "1.0 0.0 0.0" "STV_GOMP_Lock"
5 "ST_Thread" "Holding an OpenMP lock" "0.0 1.0 0.0" "STV_GOMP_Locked"
5 "ST_Thread" "Blocked on an OpenMP nested lock" "1.0 0.0 0.0" "STV_GOMP_NLock"
5 "ST_Thread" "Holding an OpenMP nested lock" "0.0 1.0 0.0" "STV_GOMP_NLocked"
5 "ST_Thread" "GOMP_TaskWait" "1.0 0.6 0.0" "GOMP_TaskWait"
5 "ST_Thread" "GOMP_Task" "1.0 1.0 1.0" "GOMP_Task"
5 "ST_Thread" "GOMP_Untied_Task" "0.0 1.0 1.0" "GOMP_Untied_Task"
5 "ST_Thread" "Creating an OpenMP Task" "0.3 0.4 0.1" "GOMP_Task_Create"
5 "ST_Thread" "Creating an OpenMP Task" "0.1 0.5 0.8" "GOMP_Untied_Task_Create"
5 "ST_Thread" "Sending" "1.0 0.6 0.0" "STV_MPI_Send"
5 "ST_Thread" "MPI_Isend" "1.0 0.6 0.0" "STV_MPI_Isend"
5 "ST_Thread" "MPI_Ibsend" "1.0 0.6 0.0" "STV_MPI_Ibsend"
5 "ST_Thread" "MPI_Issend" "1.0 0.6 0.0" "STV_MPI_Issend"
5 "ST_Thread" "MPI_Irsend" "1.0 0.6 0.0" "STV_MPI_Irsend"
5 "ST_Thread" "SendRecv" "1.0 0.6 0.0" "STV_MPI_Sendrecv"
5 "ST_Thread" "Receiving" "0.6 0.1 0.9" "STV_MPI_Recv"
5 "ST_Thread" "MPI_Irecv" "0.6 0.1 0.9" "STV_MPI_Irecv"
5 "ST_Thread" "MPI_Wait" "1.0 0.0 0.0" "STV_MPI_Wait"
5 "ST_Thread" "MPI_Barrier" "1.0 0.0 1.0" "STV_MPI_Barrier"
5 "ST_Thread" "MPI_BCast" "1.0 0.0 1.0" "STV_MPI_BCast"
5 "ST_Thread" "MPI_Gather" "1.0 0.0 1.0" "STV_MPI_Gather"
5 "ST_Thread" "MPI_Scatter" "1.0 0.0 1.0" "STV_MPI_Scatter"
5 "ST_Thread" "MPI_Allgather" "1.0 0.0 1.0" "STV_MPI_Allgather"
5 "ST_Thread" "MPI_Alltoall" "1.0 0.0 1.0" "STV_MPI_Alltoall"
5 "ST_Thread" "MPI_Reduce" "1.0 0.0 1.0" "STV_MPI_Reduce"
5 "ST_Thread" "MPI_Allreduce" "1.0 0.0 1.0" "STV_MPI_Allreduce"
5 "ST_Thread" "MPI_Reduce_scatter" "1.0 0.0 1.0" "STV_MPI_reduce_scatter"
5 "ST_Thread" "MPI_Scan" "1.0 0.0 1.0" "STV_MPI_Scan"
5 "ST_Thread" "MPI_Ibarrier" "1.0 0.0 1.0" "STV_MPI_Ibarrier"
5 "ST_Thread" "MPI_Ibcast" "1.0 0.0 1.0" "STV_MPI_Ibcast"
5 "ST_Thread" "MPI_Igather" "1.0 0.0 1.0" "STV_MPI_Igather"
5 "ST_Thread" "MPI_Iscatter" "1.0 0.0 1.0" "STV_MPI_Iscatter"
5 "ST_Thread" "MPI_Iallgather" "1.0 0.0 1.0" "STV_MPI_Iallgather"
5 "ST_Thread" "MPI_Ialltoall" "1.0 0.0 1.0" "STV_MPI_Ialltoall"
5 "ST_Thread" "MPI_Ireduce" "1.0 0.0 1.0" "STV_MPI_Ireduce"
5 "ST_Thread" "MPI_Iallreduce" "1.0 0.0 1.0" "STV_MPI_Iallreduce"
5 "ST_Thread" "MPI_Ireduce_scatter" "1.0 0.0 1.0" "STV_MPI_Ireduce_scatter"
5 "ST_Thread" "MPI_Iscan" "1.0 0.0 1.0" "STV_MPI_Iscan"
5 "ST_Thread" "MPI_Probe" "0.6 0.1 0.9" "STV_MPI_Probe"
4 "MPI collective communication" "CT_Program" "CT_Thread" "CT_Thread" "L_MPI_Coll"
4 "MPI point to point communication" "CT_Program" "CT_Thread" "CT_Thread" "L_MPI_P2P"
4 "MPI SPAWN" "CT_Program" "CT_Thread" "CT_Thread" "L_MPI_SPAWN"
2 "MPI Send" "CT_Thread" "E_MPI_CommSend"
2 "MPI Recv" "CT_Thread" "E_MPI_CommRecv"
2 "End of an MPI communication" "CT_Thread" "E_MPI_EndComm"
2 "MPI_Probe" "CT_Thread" "E_MPI_Probe_success"
2 "MPI_IProbe success" "CT_Thread" "E_MPI_Iprobe_success"
2 "MPI_IProbe failed" "CT_Thread" "E_MPI_Iprobe_failed"
3 "Memory used" "CT_Process" "0 0 0" "V_Mem"
7 0.0000000000000e+00 "Program" "CT_Program" 0 "C_Prog"
7 0.0000000000000e+00 "P#0" "CT_Process" "C_Prog" "P#0"
7 0.0000000000000e+00 "P#0_T#3108361536" "CT_Thread" "P#0" "P#0_T#3108361536"
10 0.0000000000000e+00 "ST_Thread" "P#0_T#3108361536" "STV_Working"
40 1.3639680147171e+00 "GOMP_Section_Link" "C_Prog" "P#0_T#3108361536" "p#0_section#0_thread#4" "0_0_4"
40 1.3639680147171e+00 "GOMP_Section_Link" "C_Prog" "P#0_T#3108361536" "p#0_section#0_thread#3" "0_0_3"
40 1.3639680147171e+00 "GOMP_Section_Link" "C_Prog" "P#0_T#3108361536" "p#0_section#0_thread#0" "0_0_0"
40 1.3639680147171e+00 "GOMP_Section_Link" "C_Prog" "P#0_T#3108361536" "p#0_section#0_thread#2" "0_0_2"
40 1.3639680147171e+00 "GOMP_Section_Link" "C_Prog" "P#0_T#3108361536" "p#0_section#0_thread#5" "0_0_5"
40 1.3639680147171e+00 "GOMP_Section_Link" "C_Prog" "P#0_T#3108361536" "p#0_section#0_thread#1" "0_0_1"
11 1.3767870000000e+00 "ST_Thread" "P#0_T#3108361536" "STV_Blocked"
12 1.4709410000000e+00 "ST_Thread" "P#0_T#3108361536"
11 1.4720620000000e+00 "ST_Thread" "P#0_T#3108361536" "STV_Blocked"
12 1.5190970000000e+00 "ST_Thread" "P#0_T#3108361536"
11 1.5196070000000e+00 "ST_Thread" "P#0_T#3108361536" "STV_Blocked"
12 1.5988160000000e+00 "ST_Thread" "P#0_T#3108361536"
11 1.5996690000000e+00 "ST_Thread" "P#0_T#3108361536" "STV_Blocked"
7 1.8795445000000e+01 "P#0_T#3090638592" "CT_Thread" "P#0" "P#0_T#3090638592"
10 1.8795445000000e+01 "ST_Thread" "P#0_T#3090638592" "STV_Working"
12 3.3750150000000e+01 "ST_Thread" "P#0_T#3108361536"
11 3.3753553000000e+01 "ST_Thread" "P#0_T#3108361536" "STV_Blocked"
12 3.3837054000000e+01 "ST_Thread" "P#0_T#3108361536"
7 3.3838870000000e+01 "P#0_T#3082245888" "CT_Thread" "P#0" "P#0_T#3082245888"
10 3.3838870000000e+01 "ST_Thread" "P#0_T#3082245888" "STV_Working"
7 4.2523023000000e+01 "P#0_T#2952787712" "CT_Thread" "P#0" "P#0_T#2952787712"
10 4.2523023000000e+01 "ST_Thread" "P#0_T#2952787712" "STV_Working"
7 4.9079200000000e+01 "P#0_T#3057071872" "CT_Thread" "P#0" "P#0_T#3057071872"
10 4.9079200000000e+01 "ST_Thread" "P#0_T#3057071872" "STV_Working"
7 5.4498508000000e+01 "P#0_T#3031897856" "CT_Thread" "P#0" "P#0_T#3031897856"
10 5.4498508000000e+01 "ST_Thread" "P#0_T#3031897856" "STV_Working"
41 5.4505192000000e+01 "GOMP_Section_Link" "C_Prog" "P#0_T#3057071872" "p#0_section#0_thread#4" "0_0_4"
11 5.4505192000000e+01 "ST_Thread" "P#0_T#3057071872" "GOMP_Section_State"
41 5.4505245000000e+01 "GOMP_Section_Link" "C_Prog" "P#0_T#2952787712" "p#0_section#0_thread#3" "0_0_3"
11 5.4505245000000e+01 "ST_Thread" "P#0_T#2952787712" "GOMP_Section_State"
41 5.4505253000000e+01 "GOMP_Section_Link" "C_Prog" "P#0_T#3108361536" "p#0_section#0_thread#0" "0_0_0"
11 5.4505253000000e+01 "ST_Thread" "P#0_T#3108361536" "GOMP_Section_State"
41 5.4505280000000e+01 "GOMP_Section_Link" "C_Prog" "P#0_T#3082245888" "p#0_section#0_thread#2" "0_0_2"
11 5.4505280000000e+01 "ST_Thread" "P#0_T#3082245888" "GOMP_Section_State"
11 5.4505648000000e+01 "ST_Thread" "P#0_T#3057071872" "GOMP_For"
11 5.4505684000000e+01 "ST_Thread" "P#0_T#3108361536" "GOMP_For"
11 5.4505701000000e+01 "ST_Thread" "P#0_T#3082245888" "GOMP_For"
11 5.4505727000000e+01 "ST_Thread" "P#0_T#2952787712" "GOMP_For"
41 5.4508647000000e+01 "GOMP_Section_Link" "C_Prog" "P#0_T#3031897856" "p#0_section#0_thread#5" "0_0_5"
11 5.4508647000000e+01 "ST_Thread" "P#0_T#3031897856" "GOMP_Section_State"
11 5.4508975000000e+01 "ST_Thread" "P#0_T#3031897856" "GOMP_For"
41 5.4543968000000e+01 "GOMP_Section_Link" "C_Prog" "P#0_T#3090638592" "p#0_section#0_thread#1" "0_0_1"
11 5.4543968000000e+01 "ST_Thread" "P#0_T#3090638592" "GOMP_Section_State"
11 5.4544188000000e+01 "ST_Thread" "P#0_T#3090638592" "GOMP_For"
11 1.1356639843000e+04 "ST_Thread" "P#0_T#3082245888" "GOMP_Implicit_Barrier"
11 1.1356639843000e+04 "ST_Thread" "P#0_T#3031897856" "GOMP_Implicit_Barrier"
11 1.1356639848000e+04 "ST_Thread" "P#0_T#3057071872" "GOMP_Implicit_Barrier"
11 1.1356639854000e+04 "ST_Thread" "P#0_T#3090638592" "GOMP_Implicit_Barrier"
11 1.1356639859000e+04 "ST_Thread" "P#0_T#3108361536" "GOMP_Implicit_Barrier"
11 1.1356639958000e+04 "ST_Thread" "P#0_T#2952787712" "GOMP_Implicit_Barrier"
12 1.1356640397000e+04 "ST_Thread" "P#0_T#3108361536"
12 1.1356640399000e+04 "ST_Thread" "P#0_T#3057071872"
12 1.1356640402000e+04 "ST_Thread" "P#0_T#3090638592"
12 1.1356640412000e+04 "ST_Thread" "P#0_T#3082245888"
12 1.1356640434000e+04 "ST_Thread" "P#0_T#3031897856"
12 1.1356640621000e+04 "ST_Thread" "P#0_T#3031897856"
12 1.1356640626000e+04 "ST_Thread" "P#0_T#3090638592"
12 1.1356640628000e+04 "ST_Thread" "P#0_T#3082245888"
12 1.1356640649000e+04 "ST_Thread" "P#0_T#3108361536"
12 1.1356640661000e+04 "ST_Thread" "P#0_T#3057071872"
40 1.1356640831000e+04 "GOMP_Section_Link" "C_Prog" "P#0_T#3108361536" "p#0_section#0_thread#0" "0_0_0_end"
12 1.1356640831000e+04 "ST_Thread" "P#0_T#3108361536"
40 1.1356640850000e+04 "GOMP_Section_Link" "C_Prog" "P#0_T#3031897856" "p#0_section#0_thread#5" "0_0_5_end"
12 1.1356640850000e+04 "ST_Thread" "P#0_T#3031897856"
40 1.1356640853000e+04 "GOMP_Section_Link" "C_Prog" "P#0_T#3082245888" "p#0_section#0_thread#2" "0_0_2_end"
12 1.1356640853000e+04 "ST_Thread" "P#0_T#3082245888"
40 1.1356640860000e+04 "GOMP_Section_Link" "C_Prog" "P#0_T#3057071872" "p#0_section#0_thread#4" "0_0_4_end"
12 1.1356640860000e+04 "ST_Thread" "P#0_T#3057071872"
40 1.1356640880000e+04 "GOMP_Section_Link" "C_Prog" "P#0_T#3090638592" "p#0_section#0_thread#1" "0_0_1_end"
12 1.1356640880000e+04 "ST_Thread" "P#0_T#3090638592"
12 1.1356641251000e+04 "ST_Thread" "P#0_T#2952787712"
12 1.1356641394000e+04 "ST_Thread" "P#0_T#2952787712"
40 1.1356641545000e+04 "GOMP_Section_Link" "C_Prog" "P#0_T#2952787712" "p#0_section#0_thread#3" "0_0_3_end"
41 1.1356641545000e+04 "GOMP_Section_Link" "C_Prog" "P#0_T#3108361536" "p#0_section#0_thread#0" "0_0_0_end"
41 1.1356641545000e+04 "GOMP_Section_Link" "C_Prog" "P#0_T#3108361536" "p#0_section#0_thread#1" "0_0_1_end"
41 1.1356641545000e+04 "GOMP_Section_Link" "C_Prog" "P#0_T#3108361536" "p#0_section#0_thread#2" "0_0_2_end"
41 1.1356641545000e+04 "GOMP_Section_Link" "C_Prog" "P#0_T#3108361536" "p#0_section#0_thread#3" "0_0_3_end"
41 1.1356641545000e+04 "GOMP_Section_Link" "C_Prog" "P#0_T#3108361536" "p#0_section#0_thread#4" "0_0_4_end"
41 1.1356641545000e+04 "GOMP_Section_Link" "C_Prog" "P#0_T#3108361536" "p#0_section#0_thread#5" "0_0_5_end"
12 1.1356641545000e+04 "ST_Thread" "P#0_T#2952787712"
40 1.1356642578125e+04 "GOMP_Section_Link" "C_Prog" "P#0_T#3108361536" "p#0_section#1_thread#2" "0_1_2"
40 1.1356642578125e+04 "GOMP_Section_Link" "C_Prog" "P#0_T#3108361536" "p#0_section#1_thread#3" "0_1_3"
40 1.1356642578125e+04 "GOMP_Section_Link" "C_Prog" "P#0_T#3108361536" "p#0_section#1_thread#5" "0_1_5"
40 1.1356642578125e+04 "GOMP_Section_Link" "C_Prog" "P#0_T#3108361536" "p#0_section#1_thread#4" "0_1_4"
40 1.1356642578125e+04 "GOMP_Section_Link" "C_Prog" "P#0_T#3108361536" "p#0_section#1_thread#1" "0_1_1"
40 1.1356642578125e+04 "GOMP_Section_Link" "C_Prog" "P#0_T#3108361536" "p#0_section#1_thread#0" "0_1_0"
41 1.1356643871000e+04 "GOMP_Section_Link" "C_Prog" "P#0_T#3082245888" "p#0_section#1_thread#2" "0_1_2"
11 1.1356643871000e+04 "ST_Thread" "P#0_T#3082245888" "GOMP_Section_State"
41 1.1356643896000e+04 "GOMP_Section_Link" "C_Prog" "P#0_T#2952787712" "p#0_section#1_thread#3" "0_1_3"
11 1.1356643896000e+04 "ST_Thread" "P#0_T#2952787712" "GOMP_Section_State"
41 1.1356643915000e+04 "GOMP_Section_Link" "C_Prog" "P#0_T#3031897856" "p#0_section#1_thread#5" "0_1_5"
11 1.1356643915000e+04 "ST_Thread" "P#0_T#3031897856" "GOMP_Section_State"
41 1.1356643939000e+04 "GOMP_Section_Link" "C_Prog" "P#0_T#3057071872" "p#0_section#1_thread#4" "0_1_4"
11 1.1356643939000e+04 "ST_Thread" "P#0_T#3057071872" "GOMP_Section_State"
41 1.1356643952000e+04 "GOMP_Section_Link" "C_Prog" "P#0_T#3090638592" "p#0_section#1_thread#1" "0_1_1"
11 1.1356643952000e+04 "ST_Thread" "P#0_T#3090638592" "GOMP_Section_State"
11 1.1356644006000e+04 "ST_Thread" "P#0_T#2952787712" "GOMP_For"
11 1.1356644008000e+04 "ST_Thread" "P#0_T#3082245888" "GOMP_For"
11 1.1356644057000e+04 "ST_Thread" "P#0_T#3031897856" "GOMP_For"
11 1.1356644071000e+04 "ST_Thread" "P#0_T#3057071872" "GOMP_For"
11 1.1356644112000e+04 "ST_Thread" "P#0_T#3090638592" "GOMP_For"
41 1.1356644499000e+04 "GOMP_Section_Link" "C_Prog" "P#0_T#3108361536" "p#0_section#1_thread#0" "0_1_0"
11 1.1356644499000e+04 "ST_Thread" "P#0_T#3108361536" "GOMP_Section_State"
11 1.1356644608000e+04 "ST_Thread" "P#0_T#3108361536" "GOMP_For"
11 2.2849386279000e+04 "ST_Thread" "P#0_T#3031897856" "GOMP_Implicit_Barrier"
11 2.2849386284000e+04 "ST_Thread" "P#0_T#2952787712" "GOMP_Implicit_Barrier"
11 2.2849386296000e+04 "ST_Thread" "P#0_T#3082245888" "GOMP_Implicit_Barrier"
11 2.2849386305000e+04 "ST_Thread" "P#0_T#3057071872" "GOMP_Implicit_Barrier"
11 2.2849386320000e+04 "ST_Thread" "P#0_T#3090638592" "GOMP_Implicit_Barrier"
11 2.2849386501000e+04 "ST_Thread" "P#0_T#3108361536" "GOMP_Implicit_Barrier"
12 2.2849386943000e+04 "ST_Thread" "P#0_T#3108361536"
12 2.2849386952000e+04 "ST_Thread" "P#0_T#3090638592"
12 2.2849386956000e+04 "ST_Thread" "P#0_T#3057071872"
12 2.2849386970000e+04 "ST_Thread" "P#0_T#3082245888"
12 2.2849387005000e+04 "ST_Thread" "P#0_T#3031897856"
12 2.2849387175000e+04 "ST_Thread" "P#0_T#3108361536"
12 2.2849387186000e+04 "ST_Thread" "P#0_T#3082245888"
12 2.2849387189000e+04 "ST_Thread" "P#0_T#3057071872"
12 2.2849387190000e+04 "ST_Thread" "P#0_T#3090638592"
12 2.2849387197000e+04 "ST_Thread" "P#0_T#3031897856"
40 2.2849387374000e+04 "GOMP_Section_Link" "C_Prog" "P#0_T#3031897856" "p#0_section#1_thread#5" "0_1_5_end"
12 2.2849387374000e+04 "ST_Thread" "P#0_T#3031897856"
40 2.2849387388000e+04 "GOMP_Section_Link" "C_Prog" "P#0_T#3082245888" "p#0_section#1_thread#2" "0_1_2_end"
12 2.2849387388000e+04 "ST_Thread" "P#0_T#3082245888"
40 2.2849387398000e+04 "GOMP_Section_Link" "C_Prog" "P#0_T#3057071872" "p#0_section#1_thread#4" "0_1_4_end"
12 2.2849387398000e+04 "ST_Thread" "P#0_T#3057071872"
40 2.2849387401000e+04 "GOMP_Section_Link" "C_Prog" "P#0_T#3108361536" "p#0_section#1_thread#0" "0_1_0_end"
12 2.2849387401000e+04 "ST_Thread" "P#0_T#3108361536"
40 2.2849387428000e+04 "GOMP_Section_Link" "C_Prog" "P#0_T#3090638592" "p#0_section#1_thread#1" "0_1_1_end"
12 2.2849387428000e+04 "ST_Thread" "P#0_T#3090638592"
12 2.2849387773000e+04 "ST_Thread" "P#0_T#2952787712"
12 2.2849387895000e+04 "ST_Thread" "P#0_T#2952787712"
40 2.2849388049000e+04 "GOMP_Section_Link" "C_Prog" "P#0_T#2952787712" "p#0_section#1_thread#3" "0_1_3_end"
41 2.2849388049000e+04 "GOMP_Section_Link" "C_Prog" "P#0_T#3108361536" "p#0_section#1_thread#0" "0_1_0_end"
41 2.2849388049000e+04 "GOMP_Section_Link" "C_Prog" "P#0_T#3108361536" "p#0_section#1_thread#1" "0_1_1_end"
41 2.2849388049000e+04 "GOMP_Section_Link" "C_Prog" "P#0_T#3108361536" "p#0_section#1_thread#2" "0_1_2_end"
41 2.2849388049000e+04 "GOMP_Section_Link" "C_Prog" "P#0_T#3108361536" "p#0_section#1_thread#3" "0_1_3_end"
41 2.2849388049000e+04 "GOMP_Section_Link" "C_Prog" "P#0_T#3108361536" "p#0_section#1_thread#4" "0_1_4_end"
41 2.2849388049000e+04 "GOMP_Section_Link" "C_Prog" "P#0_T#3108361536" "p#0_section#1_thread#5" "0_1_5_end"
12 2.2849388049000e+04 "ST_Thread" "P#0_T#2952787712"
40 2.2849390625000e+04 "GOMP_Section_Link" "C_Prog" "P#0_T#3108361536" "p#0_section#2_thread#5" "0_2_5"
40 2.2849390625000e+04 "GOMP_Section_Link" "C_Prog" "P#0_T#3108361536" "p#0_section#2_thread#2" "0_2_2"
40 2.2849390625000e+04 "GOMP_Section_Link" "C_Prog" "P#0_T#3108361536" "p#0_section#2_thread#1" "0_2_1"
40 2.2849390625000e+04 "GOMP_Section_Link" "C_Prog" "P#0_T#3108361536" "p#0_section#2_thread#4" "0_2_4"
40 2.2849390625000e+04 "GOMP_Section_Link" "C_Prog" "P#0_T#3108361536" "p#0_section#2_thread#3" "0_2_3"
40 2.2849390625000e+04 "GOMP_Section_Link" "C_Prog" "P#0_T#3108361536" "p#0_section#2_thread#0" "0_2_0"
41 2.2849391012000e+04 "GOMP_Section_Link" "C_Prog" "P#0_T#3031897856" "p#0_section#2_thread#5" "0_2_5"
11 2.2849391012000e+04 "ST_Thread" "P#0_T#3031897856" "GOMP_Section_State"
41 2.2849391013000e+04 "GOMP_Section_Link" "C_Prog" "P#0_T#3082245888" "p#0_section#2_thread#2" "0_2_2"
11 2.2849391013000e+04 "ST_Thread" "P#0_T#3082245888" "GOMP_Section_State"
41 2.2849391016000e+04 "GOMP_Section_Link" "C_Prog" "P#0_T#3090638592" "p#0_section#2_thread#1" "0_2_1"
11 2.2849391016000e+04 "ST_Thread" "P#0_T#3090638592" "GOMP_Section_State"
41 2.2849391020000e+04 "GOMP_Section_Link" "C_Prog" "P#0_T#3057071872" "p#0_section#2_thread#4" "0_2_4"
11 2.2849391020000e+04 "ST_Thread" "P#0_T#3057071872" "GOMP_Section_State"
41 2.2849391023000e+04 "GOMP_Section_Link" "C_Prog" "P#0_T#2952787712" "p#0_section#2_thread#3" "0_2_3"
11 2.2849391023000e+04 "ST_Thread" "P#0_T#2952787712" "GOMP_Section_State"
11 2.2849391134000e+04 "ST_Thread" "P#0_T#3057071872" "GOMP_For"
11 2.2849391135000e+04 "ST_Thread" "P#0_T#2952787712" "GOMP_For"
11 2.2849391148000e+04 "ST_Thread" "P#0_T#3090638592" "GOMP_For"
11 2.2849391148000e+04 "ST_Thread" "P#0_T#3082245888" "GOMP_For"
11 2.2849391168000e+04 "ST_Thread" "P#0_T#3031897856" "GOMP_For"
41 2.2849391631000e+04 "GOMP_Section_Link" "C_Prog" "P#0_T#3108361536" "p#0_section#2_thread#0" "0_2_0"
11 2.2849391631000e+04 "ST_Thread" "P#0_T#3108361536" "GOMP_Section_State"
11 2.2849391726000e+04 "ST_Thread" "P#0_T#3108361536" "GOMP_For"
11 3.4357753180000e+04 "ST_Thread" "P#0_T#3057071872" "GOMP_Implicit_Barrier"
11 3.4357753184000e+04 "ST_Thread" "P#0_T#2952787712" "GOMP_Implicit_Barrier"
11 3.4357753327000e+04 "ST_Thread" "P#0_T#3090638592" "GOMP_Implicit_Barrier"
11 3.4357753565000e+04 "ST_Thread" "P#0_T#3108361536" "GOMP_Implicit_Barrier"
11 3.4357753685000e+04 "ST_Thread" "P#0_T#3031897856" "GOMP_Implicit_Barrier"
11 3.4357753894000e+04 "ST_Thread" "P#0_T#3082245888" "GOMP_Implicit_Barrier"
12 3.4357754611000e+04 "ST_Thread" "P#0_T#3108361536"
12 3.4357754626000e+04 "ST_Thread" "P#0_T#2952787712"
12 3.4357754638000e+04 "ST_Thread" "P#0_T#3090638592"
12 3.4357754639000e+04 "ST_Thread" "P#0_T#3057071872"
12 3.4357754640000e+04 "ST_Thread" "P#0_T#3031897856"
12 3.4357754739000e+04 "ST_Thread" "P#0_T#2952787712"
12 3.4357754753000e+04 "ST_Thread" "P#0_T#3108361536"
12 3.4357754791000e+04 "ST_Thread" "P#0_T#3031897856"
12 3.4357754795000e+04 "ST_Thread" "P#0_T#3057071872"
12 3.4357754817000e+04 "ST_Thread" "P#0_T#3090638592"
40 3.4357754979000e+04 "GOMP_Section_Link" "C_Prog" "P#0_T#3057071872" "p#0_section#2_thread#4" "0_2_4_end"
12 3.4357754979000e+04 "ST_Thread" "P#0_T#3057071872"
40 3.4357754984000e+04 "GOMP_Section_Link" "C_Prog" "P#0_T#3108361536" "p#0_section#2_thread#0" "0_2_0_end"
12 3.4357754984000e+04 "ST_Thread" "P#0_T#3108361536"
40 3.4357754989000e+04 "GOMP_Section_Link" "C_Prog" "P#0_T#2952787712" "p#0_section#2_thread#3" "0_2_3_end"
12 3.4357754989000e+04 "ST_Thread" "P#0_T#2952787712"
40 3.4357755003000e+04 "GOMP_Section_Link" "C_Prog" "P#0_T#3090638592" "p#0_section#2_thread#1" "0_2_1_end"
12 3.4357755003000e+04 "ST_Thread" "P#0_T#3090638592"
40 3.4357755009000e+04 "GOMP_Section_Link" "C_Prog" "P#0_T#3031897856" "p#0_section#2_thread#5" "0_2_5_end"
12 3.4357755009000e+04 "ST_Thread" "P#0_T#3031897856"
12 3.4357755247000e+04 "ST_Thread" "P#0_T#3082245888"
12 3.4357755371000e+04 "ST_Thread" "P#0_T#3082245888"
40 3.4357755514000e+04 "GOMP_Section_Link" "C_Prog" "P#0_T#3082245888" "p#0_section#2_thread#2" "0_2_2_end"
41 3.4357755514000e+04 "GOMP_Section_Link" "C_Prog" "P#0_T#3108361536" "p#0_section#2_thread#0" "0_2_0_end"
41 3.4357755514000e+04 "GOMP_Section_Link" "C_Prog" "P#0_T#3108361536" "p#0_section#2_thread#1" "0_2_1_end"
41 3.4357755514000e+04 "GOMP_Section_Link" "C_Prog" "P#0_T#3108361536" "p#0_section#2_thread#2" "0_2_2_end"
41 3.4357755514000e+04 "GOMP_Section_Link" "C_Prog" "P#0_T#3108361536" "p#0_section#2_thread#3" "0_2_3_end"
41 3.4357755514000e+04 "GOMP_Section_Link" "C_Prog" "P#0_T#3108361536" "p#0_section#2_thread#4" "0_2_4_end"
41 3.4357755514000e+04 "GOMP_Section_Link" "C_Prog" "P#0_T#3108361536" "p#0_section#2_thread#5" "0_2_5_end"
12 3.4357755514000e+04 "ST_Thread" "P#0_T#3082245888"
41 3.4357757801000e+04 "GOMP_Section_Link" "C_Prog" "P#0_T#3031897856" "p#0_section#3_thread#5" "0_3_5"
11 3.4357757801000e+04 "ST_Thread" "P#0_T#3031897856" "GOMP_Section_State"
40 3.4357757812500e+04 "GOMP_Section_Link" "C_Prog" "P#0_T#3108361536" "p#0_section#3_thread#5" "0_3_5"
40 3.4357757812500e+04 "GOMP_Section_Link" "C_Prog" "P#0_T#3108361536" "p#0_section#3_thread#4" "0_3_4"
40 3.4357757812500e+04 "GOMP_Section_Link" "C_Prog" "P#0_T#3108361536" "p#0_section#3_thread#1" "0_3_1"
40 3.4357757812500e+04 "GOMP_Section_Link" "C_Prog" "P#0_T#3108361536" "p#0_section#3_thread#3" "0_3_3"
40 3.4357757812500e+04 "GOMP_Section_Link" "C_Prog" "P#0_T#3108361536" "p#0_section#3_thread#2" "0_3_2"
40 3.4357757812500e+04 "GOMP_Section_Link" "C_Prog" "P#0_T#3108361536" "p#0_section#3_thread#0" "0_3_0"
41 3.4357757817000e+04 "GOMP_Section_Link" "C_Prog" "P#0_T#3057071872" "p#0_section#3_thread#4" "0_3_4"
11 3.4357757817000e+04 "ST_Thread" "P#0_T#3057071872" "GOMP_Section_State"
41 3.4357757830000e+04 "GOMP_Section_Link" "C_Prog" "P#0_T#3090638592" "p#0_section#3_thread#1" "0_3_1"
11 3.4357757830000e+04 "ST_Thread" "P#0_T#3090638592" "GOMP_Section_State"
41 3.4357757834000e+04 "GOMP_Section_Link" "C_Prog" "P#0_T#2952787712" "p#0_section#3_thread#3" "0_3_3"
11 3.4357757834000e+04 "ST_Thread" "P#0_T#2952787712" "GOMP_Section_State"
41 3.4357757845000e+04 "GOMP_Section_Link" "C_Prog" "P#0_T#3082245888" "p#0_section#3_thread#2" "0_3_2"
11 3.4357757845000e+04 "ST_Thread" "P#0_T#3082245888" "GOMP_Section_State"
11 3.4357757939000e+04 "ST_Thread" "P#0_T#3031897856" "GOMP_For"
11 3.4357757944000e+04 "ST_Thread" "P#0_T#3082245888" "GOMP_For"
11 3.4357757970000e+04 "ST_Thread" "P#0_T#3057071872" "GOMP_For"
11 3.4357757987000e+04 "ST_Thread" "P#0_T#3090638592" "GOMP_For"
11 3.4357757993000e+04 "ST_Thread" "P#0_T#2952787712" "GOMP_For"
41 3.4357758304000e+04 "GOMP_Section_Link" "C_Prog" "P#0_T#3108361536" "p#0_section#3_thread#0" "0_3_0"
11 3.4357758304000e+04 "ST_Thread" "P#0_T#3108361536" "GOMP_Section_State"
11 3.4357758409000e+04 "ST_Thread" "P#0_T#3108361536" "GOMP_For"
11 4.5868874374000e+04 "ST_Thread" "P#0_T#3057071872" "GOMP_Implicit_Barrier"
11 4.5868874403000e+04 "ST_Thread" "P#0_T#2952787712" "GOMP_Implicit_Barrier"
11 4.5868874411000e+04 "ST_Thread" "P#0_T#3108361536" "GOMP_Implicit_Barrier"
11 4.5868874414000e+04 "ST_Thread" "P#0_T#3090638592" "GOMP_Implicit_Barrier"
11 4.5868874419000e+04 "ST_Thread" "P#0_T#3031897856" "GOMP_Implicit_Barrier"
11 4.5869136931000e+04 "ST_Thread" "P#0_T#3082245888" "GOMP_Implicit_Barrier"
12 4.5869137394000e+04 "ST_Thread" "P#0_T#3057071872"
12 4.5869137404000e+04 "ST_Thread" "P#0_T#3031897856"
12 4.5869137414000e+04 "ST_Thread" "P#0_T#3090638592"
12 4.5869137644000e+04 "ST_Thread" "P#0_T#2952787712"
12 4.5869137697000e+04 "ST_Thread" "P#0_T#3031897856"
12 4.5869137700000e+04 "ST_Thread" "P#0_T#3057071872"
12 4.5869137710000e+04 "ST_Thread" "P#0_T#3090638592"
12 4.5869137752000e+04 "ST_Thread" "P#0_T#2952787712"
40 4.5869137946000e+04 "GOMP_Section_Link" "C_Prog" "P#0_T#2952787712" "p#0_section#3_thread#3" "0_3_3_end"
12 4.5869137946000e+04 "ST_Thread" "P#0_T#2952787712"
40 4.5869137949000e+04 "GOMP_Section_Link" "C_Prog" "P#0_T#3057071872" "p#0_section#3_thread#4" "0_3_4_end"
12 4.5869137949000e+04 "ST_Thread" "P#0_T#3057071872"
40 4.5869137961000e+04 "GOMP_Section_Link" "C_Prog" "P#0_T#3031897856" "p#0_section#3_thread#5" "0_3_5_end"
12 4.5869137961000e+04 "ST_Thread" "P#0_T#3031897856"
40 4.5869137974000e+04 "GOMP_Section_Link" "C_Prog" "P#0_T#3090638592" "p#0_section#3_thread#1" "0_3_1_end"
12 4.5869137974000e+04 "ST_Thread" "P#0_T#3090638592"
12 4.5869138374000e+04 "ST_Thread" "P#0_T#3082245888"
12 4.5869138516000e+04 "ST_Thread" "P#0_T#3082245888"
40 4.5869138693000e+04 "GOMP_Section_Link" "C_Prog" "P#0_T#3082245888" "p#0_section#3_thread#2" "0_3_2_end"
12 4.5869138693000e+04 "ST_Thread" "P#0_T#3082245888"
12 4.5869379128000e+04 "ST_Thread" "P#0_T#3108361536"
12 4.5869379284000e+04 "ST_Thread" "P#0_T#3108361536"
40 4.5869379435000e+04 "GOMP_Section_Link" "C_Prog" "P#0_T#3108361536" "p#0_section#3_thread#0" "0_3_0_end"
41 4.5869379435000e+04 "GOMP_Section_Link" "C_Prog" "P#0_T#3108361536" "p#0_section#3_thread#0" "0_3_0_end"
41 4.5869379435000e+04 "GOMP_Section_Link" "C_Prog" "P#0_T#3108361536" "p#0_section#3_thread#1" "0_3_1_end"
41 4.5869379435000e+04 "GOMP_Section_Link" "C_Prog" "P#0_T#3108361536" "p#0_section#3_thread#2" "0_3_2_end"
41 4.5869379435000e+04 "GOMP_Section_Link" "C_Prog" "P#0_T#3108361536" "p#0_section#3_thread#3" "0_3_3_end"
41 4.5869379435000e+04 "GOMP_Section_Link" "C_Prog" "P#0_T#3108361536" "p#0_section#3_thread#4" "0_3_4_end"
41 4.5869379435000e+04 "GOMP_Section_Link" "C_Prog" "P#0_T#3108361536" "p#0_section#3_thread#5" "0_3_5_end"
12 4.5869379435000e+04 "ST_Thread" "P#0_T#3108361536"
40 4.5869382812500e+04 "GOMP_Section_Link" "C_Prog" "P#0_T#3108361536" "p#0_section#4_thread#1" "0_4_1"
40 4.5869382812500e+04 "GOMP_Section_Link" "C_Prog" "P#0_T#3108361536" "p#0_section#4_thread#4" "0_4_4"
40 4.5869382812500e+04 "GOMP_Section_Link" "C_Prog" "P#0_T#3108361536" "p#0_section#4_thread#3" "0_4_3"
40 4.5869382812500e+04 "GOMP_Section_Link" "C_Prog" "P#0_T#3108361536" "p#0_section#4_thread#5" "0_4_5"
40 4.5869382812500e+04 "GOMP_Section_Link" "C_Prog" "P#0_T#3108361536" "p#0_section#4_thread#2" "0_4_2"
40 4.5869382812500e+04 "GOMP_Section_Link" "C_Prog" "P#0_T#3108361536" "p#0_section#4_thread#0" "0_4_0"
41 4.5869511318000e+04 "GOMP_Section_Link" "C_Prog" "P#0_T#3090638592" "p#0_section#4_thread#1" "0_4_1"
11 4.5869511318000e+04 "ST_Thread" "P#0_T#3090638592" "GOMP_Section_State"
41 4.5869511322000e+04 "GOMP_Section_Link" "C_Prog" "P#0_T#3057071872" "p#0_section#4_thread#4" "0_4_4"
11 4.5869511322000e+04 "ST_Thread" "P#0_T#3057071872" "GOMP_Section_State"
41 4.5869511328000e+04 "GOMP_Section_Link" "C_Prog" "P#0_T#2952787712" "p#0_section#4_thread#3" "0_4_3"
11 4.5869511328000e+04 "ST_Thread" "P#0_T#2952787712" "GOMP_Section_State"
41 4.5869511342000e+04 "GOMP_Section_Link" "C_Prog" "P#0_T#3031897856" "p#0_section#4_thread#5" "0_4_5"
11 4.5869511342000e+04 "ST_Thread" "P#0_T#3031897856" "GOMP_Section_State"
11 4.5869511451000e+04 "ST_Thread" "P#0_T#2952787712" "GOMP_For"
11 4.5869511466000e+04 "ST_Thread" "P#0_T#3090638592" "GOMP_For"
11 4.5869511468000e+04 "ST_Thread" "P#0_T#3031897856" "GOMP_For"
11 4.5869511476000e+04 "ST_Thread" "P#0_T#3057071872" "GOMP_For"
41 4.5869512175000e+04 "GOMP_Section_Link" "C_Prog" "P#0_T#3082245888" "p#0_section#4_thread#2" "0_4_2"
11 4.5869512175000e+04 "ST_Thread" "P#0_T#3082245888" "GOMP_Section_State"
11 4.5869512355000e+04 "ST_Thread" "P#0_T#3082245888" "GOMP_For"
41 4.5869514849000e+04 "GOMP_Section_Link" "C_Prog" "P#0_T#3108361536" "p#0_section#4_thread#0" "0_4_0"
11 4.5869514849000e+04 "ST_Thread" "P#0_T#3108361536" "GOMP_Section_State"
11 4.5869514974000e+04 "ST_Thread" "P#0_T#3108361536" "GOMP_For"
11 5.7359333732000e+04 "ST_Thread" "P#0_T#3108361536" "GOMP_Implicit_Barrier"
11 5.7359333735000e+04 "ST_Thread" "P#0_T#3057071872" "GOMP_Implicit_Barrier"
11 5.7359333739000e+04 "ST_Thread" "P#0_T#2952787712" "GOMP_Implicit_Barrier"
11 5.7359333744000e+04 "ST_Thread" "P#0_T#3082245888" "GOMP_Implicit_Barrier"
11 5.7359333746000e+04 "ST_Thread" "P#0_T#3031897856" "GOMP_Implicit_Barrier"
11 5.7359333858000e+04 "ST_Thread" "P#0_T#3090638592" "GOMP_Implicit_Barrier"
12 5.7359334233000e+04 "ST_Thread" "P#0_T#2952787712"
12 5.7359334234000e+04 "ST_Thread" "P#0_T#3090638592"
12 5.7359334250000e+04 "ST_Thread" "P#0_T#3057071872"
12 5.7359334251000e+04 "ST_Thread" "P#0_T#3108361536"
12 5.7359334254000e+04 "ST_Thread" "P#0_T#3082245888"
12 5.7359334357000e+04 "ST_Thread" "P#0_T#2952787712"
12 5.7359334362000e+04 "ST_Thread" "P#0_T#3108361536"
12 5.7359334385000e+04 "ST_Thread" "P#0_T#3057071872"
12 5.7359334426000e+04 "ST_Thread" "P#0_T#3090638592"
12 5.7359334431000e+04 "ST_Thread" "P#0_T#3082245888"
40 5.7359334623000e+04 "GOMP_Section_Link" "C_Prog" "P#0_T#3082245888" "p#0_section#4_thread#2" "0_4_2_end"
12 5.7359334623000e+04 "ST_Thread" "P#0_T#3082245888"
40 5.7359334628000e+04 "GOMP_Section_Link" "C_Prog" "P#0_T#2952787712" "p#0_section#4_thread#3" "0_4_3_end"
12 5.7359334628000e+04 "ST_Thread" "P#0_T#2952787712"
40 5.7359334638000e+04 "GOMP_Section_Link" "C_Prog" "P#0_T#3090638592" "p#0_section#4_thread#1" "0_4_1_end"
12 5.7359334638000e+04 "ST_Thread" "P#0_T#3090638592"
40 5.7359334638000e+04 "GOMP_Section_Link" "C_Prog" "P#0_T#3057071872" "p#0_section#4_thread#4" "0_4_4_end"
12 5.7359334638000e+04 "ST_Thread" "P#0_T#3057071872"
40 5.7359334652000e+04 "GOMP_Section_Link" "C_Prog" "P#0_T#3108361536" "p#0_section#4_thread#0" "0_4_0_end"
12 5.7359334652000e+04 "ST_Thread" "P#0_T#3108361536"
12 5.7359334907000e+04 "ST_Thread" "P#0_T#3031897856"
12 5.7359335047000e+04 "ST_Thread" "P#0_T#3031897856"
40 5.7359335193000e+04 "GOMP_Section_Link" "C_Prog" "P#0_T#3031897856" "p#0_section#4_thread#5" "0_4_5_end"
41 5.7359335193000e+04 "GOMP_Section_Link" "C_Prog" "P#0_T#3108361536" "p#0_section#4_thread#0" "0_4_0_end"
41 5.7359335193000e+04 "GOMP_Section_Link" "C_Prog" "P#0_T#3108361536" "p#0_section#4_thread#1" "0_4_1_end"
41 5.7359335193000e+04 "GOMP_Section_Link" "C_Prog" "P#0_T#3108361536" "p#0_section#4_thread#2" "0_4_2_end"
41 5.7359335193000e+04 "GOMP_Section_Link" "C_Prog" "P#0_T#3108361536" "p#0_section#4_thread#3" "0_4_3_end"
41 5.7359335193000e+04 "GOMP_Section_Link" "C_Prog" "P#0_T#3108361536" "p#0_section#4_thread#4" "0_4_4_end"
41 5.7359335193000e+04 "GOMP_Section_Link" "C_Prog" "P#0_T#3108361536" "p#0_section#4_thread#5" "0_4_5_end"
12 5.7359335193000e+04 "ST_Thread" "P#0_T#3031897856"
40 5.7359335937500e+04 "GOMP_Section_Link" "C_Prog" "P#0_T#3108361536" "p#0_section#5_thread#5" "0_5_5"
40 5.7359335937500e+04 "GOMP_Section_Link" "C_Prog" "P#0_T#3108361536" "p#0_section#5_thread#1" "0_5_1"
40 5.7359335937500e+04 "GOMP_Section_Link" "C_Prog" "P#0_T#3108361536" "p#0_section#5_thread#2" "0_5_2"
40 5.7359335937500e+04 "GOMP_Section_Link" "C_Prog" "P#0_T#3108361536" "p#0_section#5_thread#4" "0_5_4"
40 5.7359335937500e+04 "GOMP_Section_Link" "C_Prog" "P#0_T#3108361536" "p#0_section#5_thread#3" "0_5_3"
40 5.7359335937500e+04 "GOMP_Section_Link" "C_Prog" "P#0_T#3108361536" "p#0_section#5_thread#0" "0_5_0"
41 5.7359337771000e+04 "GOMP_Section_Link" "C_Prog" "P#0_T#3031897856" "p#0_section#5_thread#5" "0_5_5"
11 5.7359337771000e+04 "ST_Thread" "P#0_T#3031897856" "GOMP_Section_State"
41 5.7359337785000e+04 "GOMP_Section_Link" "C_Prog" "P#0_T#3090638592" "p#0_section#5_thread#1" "0_5_1"
11 5.7359337785000e+04 "ST_Thread" "P#0_T#3090638592" "GOMP_Section_State"
41 5.7359337801000e+04 "GOMP_Section_Link" "C_Prog" "P#0_T#3082245888" "p#0_section#5_thread#2" "0_5_2"
11 5.7359337801000e+04 "ST_Thread" "P#0_T#3082245888" "GOMP_Section_State"
41 5.7359337809000e+04 "GOMP_Section_Link" "C_Prog" "P#0_T#3057071872" "p#0_section#5_thread#4" "0_5_4"
11 5.7359337809000e+04 "ST_Thread" "P#0_T#3057071872" "GOMP_Section_State"
41 5.7359337811000e+04 "GOMP_Section_Link" "C_Prog" "P#0_T#2952787712" "p#0_section#5_thread#3" "0_5_3"
11 5.7359337811000e+04 "ST_Thread" "P#0_T#2952787712" "GOMP_Section_State"
11 5.7359337921000e+04 "ST_Thread" "P#0_T#3031897856" "GOMP_For"
11 5.7359337922000e+04 "ST_Thread" "P#0_T#3057071872" "GOMP_For"
11 5.7359337929000e+04 "ST_Thread" "P#0_T#3090638592" "GOMP_For"
11 5.7359337934000e+04 "ST_Thread" "P#0_T#2952787712" "GOMP_For"
11 5.7359337936000e+04 "ST_Thread" "P#0_T#3082245888" "GOMP_For"
41 5.7359338386000e+04 "GOMP_Section_Link" "C_Prog" "P#0_T#3108361536" "p#0_section#5_thread#0" "0_5_0"
11 5.7359338386000e+04 "ST_Thread" "P#0_T#3108361536" "GOMP_Section_State"
11 5.7359338492000e+04 "ST_Thread" "P#0_T#3108361536" "GOMP_For"
11 6.8842334130000e+04 "ST_Thread" "P#0_T#3082245888" "GOMP_Implicit_Barrier"
11 6.8842334131000e+04 "ST_Thread" "P#0_T#3108361536" "GOMP_Implicit_Barrier"
11 6.8842334138000e+04 "ST_Thread" "P#0_T#2952787712" "GOMP_Implicit_Barrier"
11 6.8842334141000e+04 "ST_Thread" "P#0_T#3057071872" "GOMP_Implicit_Barrier"
11 6.8842334141000e+04 "ST_Thread" "P#0_T#3031897856" "GOMP_Implicit_Barrier"
11 6.8842334246000e+04 "ST_Thread" "P#0_T#3090638592" "GOMP_Implicit_Barrier"
12 6.8842334660000e+04 "ST_Thread" "P#0_T#2952787712"
12 6.8842334675000e+04 "ST_Thread" "P#0_T#3082245888"
12 6.8842334690000e+04 "ST_Thread" "P#0_T#3057071872"
12 6.8842334700000e+04 "ST_Thread" "P#0_T#3108361536"
12 6.8842334771000e+04 "ST_Thread" "P#0_T#3031897856"
12 6.8842334805000e+04 "ST_Thread" "P#0_T#3108361536"
12 6.8842334811000e+04 "ST_Thread" "P#0_T#2952787712"
12 6.8842334844000e+04 "ST_Thread" "P#0_T#3082245888"
12 6.8842334848000e+04 "ST_Thread" "P#0_T#3057071872"
12 6.8842334941000e+04 "ST_Thread" "P#0_T#3031897856"
40 6.8842335012000e+04 "GOMP_Section_Link" "C_Prog" "P#0_T#2952787712" "p#0_section#5_thread#3" "0_5_3_end"
12 6.8842335012000e+04 "ST_Thread" "P#0_T#2952787712"
40 6.8842335019000e+04 "GOMP_Section_Link" "C_Prog" "P#0_T#3108361536" "p#0_section#5_thread#0" "0_5_0_end"
12 6.8842335019000e+04 "ST_Thread" "P#0_T#3108361536"
40 6.8842335031000e+04 "GOMP_Section_Link" "C_Prog" "P#0_T#3082245888" "p#0_section#5_thread#2" "0_5_2_end"
12 6.8842335031000e+04 "ST_Thread" "P#0_T#3082245888"
40 6.8842335051000e+04 "GOMP_Section_Link" "C_Prog" "P#0_T#3057071872" "p#0_section#5_thread#4" "0_5_4_end"
12 6.8842335051000e+04 "ST_Thread" "P#0_T#3057071872"
40 6.8842335132000e+04 "GOMP_Section_Link" "C_Prog" "P#0_T#3031897856" "p#0_section#5_thread#5" "0_5_5_end"
12 6.8842335132000e+04 "ST_Thread" "P#0_T#3031897856"
12 6.8842335401000e+04 "ST_Thread" "P#0_T#3090638592"
12 6.8842335529000e+04 "ST_Thread" "P#0_T#3090638592"
40 6.8842335695000e+04 "GOMP_Section_Link" "C_Prog" "P#0_T#3090638592" "p#0_section#5_thread#1" "0_5_1_end"
41 6.8842335695000e+04 "GOMP_Section_Link" "C_Prog" "P#0_T#3108361536" "p#0_section#5_thread#0" "0_5_0_end"
41 6.8842335695000e+04 "GOMP_Section_Link" "C_Prog" "P#0_T#3108361536" "p#0_section#5_thread#1" "0_5_1_end"
41 6.8842335695000e+04 "GOMP_Section_Link" "C_Prog" "P#0_T#3108361536" "p#0_section#5_thread#2" "0_5_2_end"
41 6.8842335695000e+04 "GOMP_Section_Link" "C_Prog" "P#0_T#3108361536" "p#0_section#5_thread#3" "0_5_3_end"
41 6.8842335695000e+04 "GOMP_Section_Link" "C_Prog" "P#0_T#3108361536" "p#0_section#5_thread#4" "0_5_4_end"
41 6.8842335695000e+04 "GOMP_Section_Link" "C_Prog" "P#0_T#3108361536" "p#0_section#5_thread#5" "0_5_5_end"
12 6.8842335695000e+04 "ST_Thread" "P#0_T#3090638592"
40 6.8842335937500e+04 "GOMP_Section_Link" "C_Prog" "P#0_T#3108361536" "p#0_section#6_thread#2" "0_6_2"
40 6.8842335937500e+04 "GOMP_Section_Link" "C_Prog" "P#0_T#3108361536" "p#0_section#6_thread#5" "0_6_5"
40 6.8842335937500e+04 "GOMP_Section_Link" "C_Prog" "P#0_T#3108361536" "p#0_section#6_thread#4" "0_6_4"
40 6.8842335937500e+04 "GOMP_Section_Link" "C_Prog" "P#0_T#3108361536" "p#0_section#6_thread#1" "0_6_1"
40 6.8842335937500e+04 "GOMP_Section_Link" "C_Prog" "P#0_T#3108361536" "p#0_section#6_thread#3" "0_6_3"
40 6.8842335937500e+04 "GOMP_Section_Link" "C_Prog" "P#0_T#3108361536" "p#0_section#6_thread#0" "0_6_0"
41 6.8842338351000e+04 "GOMP_Section_Link" "C_Prog" "P#0_T#3082245888" "p#0_section#6_thread#2" "0_6_2"
11 6.8842338351000e+04 "ST_Thread" "P#0_T#3082245888" "GOMP_Section_State"
41 6.8842338390000e+04 "GOMP_Section_Link" "C_Prog" "P#0_T#3031897856" "p#0_section#6_thread#5" "0_6_5"
11 6.8842338390000e+04 "ST_Thread" "P#0_T#3031897856" "GOMP_Section_State"
41 6.8842338396000e+04 "GOMP_Section_Link" "C_Prog" "P#0_T#3057071872" "p#0_section#6_thread#4" "0_6_4"
11 6.8842338396000e+04 "ST_Thread" "P#0_T#3057071872" "GOMP_Section_State"
41 6.8842338418000e+04 "GOMP_Section_Link" "C_Prog" "P#0_T#3090638592" "p#0_section#6_thread#1" "0_6_1"
11 6.8842338418000e+04 "ST_Thread" "P#0_T#3090638592" "GOMP_Section_State"
41 6.8842338419000e+04 "GOMP_Section_Link" "C_Prog" "P#0_T#2952787712" "p#0_section#6_thread#3" "0_6_3"
11 6.8842338419000e+04 "ST_Thread" "P#0_T#2952787712" "GOMP_Section_State"
11 6.8842338560000e+04 "ST_Thread" "P#0_T#3031897856" "GOMP_For"
11 6.8842338568000e+04 "ST_Thread" "P#0_T#3057071872" "GOMP_For"
11 6.8842338572000e+04 "ST_Thread" "P#0_T#3090638592" "GOMP_For"
11 6.8842338572000e+04 "ST_Thread" "P#0_T#2952787712" "GOMP_For"
11 6.8842338576000e+04 "ST_Thread" "P#0_T#3082245888" "GOMP_For"
41 6.8842338853000e+04 "GOMP_Section_Link" "C_Prog" "P#0_T#3108361536" "p#0_section#6_thread#0" "0_6_0"
11 6.8842338853000e+04 "ST_Thread" "P#0_T#3108361536" "GOMP_Section_State"
11 6.8842338965000e+04 "ST_Thread" "P#0_T#3108361536" "GOMP_For"
8 7.4046490229000e+04 "P#0_T#3108361536" "CT_Thread"
