%EventDef PajeDefineContainerType 0
% Name string
% Type string
% Alias string
%EndEventDef
%EventDef PajeDefineStateType 1
% Name string
% Type string
% Alias string
%EndEventDef
%EventDef PajeDefineEventType 2
% Name string
% Type string
% Alias string
%EndEventDef
%EventDef PajeDefineVariableType 3
% Name string
% Type string
% Color color
% Alias string
%EndEventDef
%EventDef PajeDefineLinkType 4
% Name string
% Type string
% StartContainerType string
% EndContainerType string
% Alias string
%EndEventDef
%EventDef PajeDefineEntityValue 5
% Type string
% Name string
% Color color
% Alias string
%EndEventDef
%EventDef PajeCreateContainer 7
% Time date
% Name string
% Type string
% Container string
% Alias string
%EndEventDef
%EventDef PajeDestroyContainer 8
% Time date
% Name string
% Type string
%EndEventDef
%EventDef PajeSetState 10
% Time date
% Type string
% Container string
% Value string
%EndEventDef
%EventDef PajePushState 11
% Time date
% Type string
% Container string
% Value string
%EndEventDef
%EventDef PajePushState 14
% Time date
% Type string
% Container string
% Value string
% Extra string
%EndEventDef
%EventDef PajePopState 12
% Time date
% Type string
% Container string
%EndEventDef
%EventDef PajeResetState 13
% Time date
% Type string
% Container string
%EndEventDef
%EventDef PajeNewEvent 20
% Time date
% Type string
% Container string
% Value string
%EndEventDef
%EventDef PajeSetVariable 30
% Time date
% Type string
% Container string
% Value double
%EndEventDef
%EventDef PajeAddVariable 31
% Time date
% Type string
% Container string
% Value double
%EndEventDef
%EventDef PajeSubVariable 32
% Time date
% Type string
% Container string
% Value double
%EndEventDef
%EventDef PajeStartLink 40
% Time date
% Type string
% Container string
% StartContainer string
% Value string
% Key string
%EndEventDef
%EventDef PajeEndLink 41
% Time date
% Type string
% Container string
% EndContainer string
% Value string
% Key string
%EndEventDef
0 "Program" "0" "CT_Program"
0 "Process" "CT_Program" "CT_Process"
0 "Thread" "CT_Process" "CT_Thread"
1 "Program state" "CT_Program" "ST_Program"
1 "Process state" "CT_Process" "ST_Process"
1 "Thread state" "CT_Thread" "ST_Thread"
1 "User state" "CT_Thread" "ST_User"
5 "ST_Thread" "EZTrace Flush" "1.0 1.0 1.0" "STV_FLUSH"
5 "ST_Thread" "Blocked" "1.0 0.0 0.0" "STV_Blocked"
5 "ST_Thread" "Working" "0.0 0.0 1.0" "STV_Working"
5 "ST_Thread" "Critical Section" "0.0 1.0 0.0" "STV_Critical"
5 "ST_User" "User Event" "0.0 1.0 0.0" "STV_User_Event_Green"
5 "ST_User" "User Event" "1.0 0.0 0.0" "STV_User_Event_Red"
5 "ST_User" "User Event" "0.1 0.5 0.8" "STV_User_Event_Blue"
5 "ST_User" "User Event" "1.0 1.0 0.0" "STV_User_Event_Yellow"
5 "ST_User" "User Event" "1.0 0.0 1.0" "STV_User_Event_Pink"
5 "ST_Thread" "EZTrace synchronization" "1.0 1.0 1.0" "STV_EZTRACE_SYNC"
2 "User Event" "CT_Thread" "E_UserEvent"
2 "SIGNAL Received" "CT_Thread" "E_SigSegv"
3 "Current CPU" "CT_Thread" "0 0 0" "V_CURCPU"
5 "ST_Thread" "stdio_read" "0.0 0.0 0.0" "stdio_read"
5 "ST_Thread" "stdio_pread" "0.0 0.0 0.0" "stdio_pread"
5 "ST_Thread" "stdio_readv" "0.0 0.0 0.0" "stdio_readv"
5 "ST_Thread" "stdio_fread" "0.0 0.0 0.0" "stdio_fread"
5 "ST_Thread" "stdio_write" "0.0 0.0 0.0" "stdio_write"
5 "ST_Thread" "stdio_pwrite" "0.0 0.0 0.0" "stdio_pwrite"
5 "ST_Thread" "stdio_writev" "0.0 0.0 0.0" "stdio_writev"
5 "ST_Thread" "stdio_fwrite" "0.0 0.0 0.0" "stdio_fwrite"
5 "ST_Thread" "stdio_select" "0.0 0.0 0.0" "stdio_select"
5 "ST_Thread" "stdio_pselect" "0.0 0.0 0.0" "stdio_pselect"
5 "ST_Thread" "stdio_lseek" "0.0 0.0 0.0" "stdio_lseek"
5 "ST_Thread" "stdio_poll" "0.0 0.0 0.0" "stdio_poll"
5 "ST_Thread" "stdio_ppoll" "0.0 0.0 0.0" "stdio_ppoll"
2 "SemPost" "CT_Thread" "E_SemPost"
2 "SemWait done" "CT_Thread" "E_SemWait_Done"
2 "Mutex Lock" "CT_Thread" "E_Mutex_Lock"
2 "Mutex Unlock" "CT_Thread" "E_Mutex_Unlock"
2 "Cond Signal" "CT_Thread" "E_CondSignal"
2 "Waiting for a lock" "CT_Thread" "E_LockStart"
2 "Lock acquired" "CT_Thread" "E_LockStop"
5 "ST_Thread" "Blocked on a semaphore" "1.0 0.0 0.0" "STV_Blocked_sem"
5 "ST_Thread" "Blocked on a spinlock" "1.0 0.0 0.0" "STV_Blocked_spin"
5 "ST_Thread" "Blocked on a mutex" "1.0 0.0 0.0" "STV_Blocked_mutex"
5 "ST_Thread" "Blocked on a condition" "1.0 0.0 0.0" "STV_Blocked_condition"
5 "ST_Thread" "Blocked on a rwlock" "1.0 0.0 0.0" "STV_Blocked_rwlock"
5 "ST_Thread" "Blocked on a barrier" "1.0 0.0 0.0" "STV_Blocked_barrier"
5 "ST_Thread" "Critical Section (semaphore)" "0.0 1.0 0.0" "STV_Critical_sem"
5 "ST_Thread" "Critical Section (spinlock)" "0.0 1.0 0.0" "STV_Critical_spin"
5 "ST_Thread" "Critical Section (mutex)" "0.0 1.0 0.0" "STV_Critical_mutex"
5 "ST_Thread" "Critical Section (condition)" "0.0 1.0 0.0" "STV_Critical_condition"
5 "ST_Thread" "Critical Section (rwlock)" "0.0 1.0 0.0" "STV_Critical_rwlock"
4 "OpenMP Parallel Section" "CT_Program" "CT_Thread" "CT_Thread" "GOMP_Section_Link"
5 "ST_Thread" "GOMP_Section_State" "1.0 0.0 1.0" "GOMP_Section_State"
5 "ST_Thread" "GOMP_Critical" "0.0 1.0 0.0" "GOMP_Critical"
5 "ST_Thread" "GOMP_Atomic" "0.0 1.0 0.0" "GOMP_Atomic"
5 "ST_Thread" "GOMP_Barrier" "1.0 0.6 0.0" "GOMP_Barrier"
5 "ST_Thread" "GOMP_Implicit_Barrier" "1.0 0.0 0.0" "GOMP_Implicit_Barrier"
5 "ST_Thread" "GOMP_For" "0.8 0.8 0.8" "GOMP_For"
5 "ST_Thread" "GOMP_Master" "1.0 1.0 1.0" "GOMP_Master"
5 "ST_Thread" "Blocked on an OpenMP lock" "1.0 0.0 0.0" "STV_GOMP_Lock"
5 "ST_Thread" "Holding an OpenMP lock" "0.0 1.0 0.0" "STV_GOMP_Locked"
5 "ST_Thread" "Blocked on an OpenMP nested lock" "1.0 0.0 0.0" "STV_GOMP_NLock"
5 "ST_Thread" "Holding an OpenMP nested lock" "0.0 1.0 0.0" "STV_GOMP_NLocked"
5 "ST_Thread" "GOMP_TaskWait" "1.0 0.6 0.0" "GOMP_TaskWait"
5 "ST_Thread" "GOMP_Task" "1.0 1.0 1.0" "GOMP_Task"
5 "ST_Thread" "GOMP_Untied_Task" "0.0 1.0 1.0" "GOMP_Untied_Task"
5 "ST_Thread" "Creating an OpenMP Task" "0.3 0.4 0.1" "GOMP_Task_Create"
5 "ST_Thread" "Creating an OpenMP Task" "0.1 0.5 0.8" "GOMP_Untied_Task_Create"
5 "ST_Thread" "Sending" "1.0 0.6 0.0" "STV_MPI_Send"
5 "ST_Thread" "MPI_Isend" "1.0 0.6 0.0" "STV_MPI_Isend"
5 "ST_Thread" "MPI_Ibsend" "1.0 0.6 0.0" "STV_MPI_Ibsend"
5 "ST_Thread" "MPI_Issend" "1.0 0.6 0.0" "STV_MPI_Issend"
5 "ST_Thread" "MPI_Irsend" "1.0 0.6 0.0" "STV_MPI_Irsend"
5 "ST_Thread" "SendRecv" "1.0 0.6 0.0" "STV_MPI_Sendrecv"
5 "ST_Thread" "Receiving" "0.6 0.1 0.9" "STV_MPI_Recv"
5 "ST_Thread" "MPI_Irecv" "0.6 0.1 0.9" "STV_MPI_Irecv"
5 "ST_Thread" "MPI_Wait" "1.0 0.0 0.0" "STV_MPI_Wait"
5 "ST_Thread" "MPI_Barrier" "1.0 0.0 1.0" "STV_MPI_Barrier"
5 "ST_Thread" "MPI_BCast" "1.0 0.0 1.0" "STV_MPI_BCast"
5 "ST_Thread" "MPI_Gather" "1.0 0.0 1.0" "STV_MPI_Gather"
5 "ST_Thread" "MPI_Scatter" "1.0 0.0 1.0" "STV_MPI_Scatter"
5 "ST_Thread" "MPI_Allgather" "1.0 0.0 1.0" "STV_MPI_Allgather"
5 "ST_Thread" "MPI_Alltoall" "1.0 0.0 1.0" "STV_MPI_Alltoall"
5 "ST_Thread" "MPI_Reduce" "1.0 0.0 1.0" "STV_MPI_Reduce"
5 "ST_Thread" "MPI_Allreduce" "1.0 0.0 1.0" "STV_MPI_Allreduce"
5 "ST_Thread" "MPI_Reduce_scatter" "1.0 0.0 1.0" "STV_MPI_reduce_scatter"
5 "ST_Thread" "MPI_Scan" "1.0 0.0 1.0" "STV_MPI_Scan"
5 "ST_Thread" "MPI_Ibarrier" "1.0 0.0 1.0" "STV_MPI_Ibarrier"
5 "ST_Thread" "MPI_Ibcast" "1.0 0.0 1.0" "STV_MPI_Ibcast"
5 "ST_Thread" "MPI_Igather" "1.0 0.0 1.0" "STV_MPI_Igather"
5 "ST_Thread" "MPI_Iscatter" "1.0 0.0 1.0" "STV_MPI_Iscatter"
5 "ST_Thread" "MPI_Iallgather" "1.0 0.0 1.0" "STV_MPI_Iallgather"
5 "ST_Thread" "MPI_Ialltoall" "1.0 0.0 1.0" "STV_MPI_Ialltoall"
5 "ST_Thread" "MPI_Ireduce" "1.0 0.0 1.0" "STV_MPI_Ireduce"
5 "ST_Thread" "MPI_Iallreduce" "1.0 0.0 1.0" "STV_MPI_Iallreduce"
5 "ST_Thread" "MPI_Ireduce_scatter" "1.0 0.0 1.0" "STV_MPI_Ireduce_scatter"
5 "ST_Thread" "MPI_Iscan" "1.0 0.0 1.0" "STV_MPI_Iscan"
5 "ST_Thread" "MPI_Probe" "0.6 0.1 0.9" "STV_MPI_Probe"
4 "MPI collective communication" "CT_Program" "CT_Thread" "CT_Thread" "L_MPI_Coll"
4 "MPI point to point communication" "CT_Program" "CT_Thread" "CT_Thread" "L_MPI_P2P"
4 "MPI SPAWN" "CT_Program" "CT_Thread" "CT_Thread" "L_MPI_SPAWN"
2 "MPI Send" "CT_Thread" "E_MPI_CommSend"
2 "MPI Recv" "CT_Thread" "E_MPI_CommRecv"
2 "End of an MPI communication" "CT_Thread" "E_MPI_EndComm"
2 "MPI_Probe" "CT_Thread" "E_MPI_Probe_success"
2 "MPI_IProbe success" "CT_Thread" "E_MPI_Iprobe_success"
2 "MPI_IProbe failed" "CT_Thread" "E_MPI_Iprobe_failed"
3 "Memory used" "CT_Process" "0 0 0" "V_Mem"
7 0.0000000000000e+00 "Program" "CT_Program" 0 "C_Prog"
7 0.0000000000000e+00 "P#0" "CT_Process" "C_Prog" "P#0"
7 0.0000000000000e+00 "P#0_T#3184428352" "CT_Thread" "P#0" "P#0_T#3184428352"
10 0.0000000000000e+00 "ST_Thread" "P#0_T#3184428352" "STV_Working"
40 4.3725100159645e-01 "GOMP_Section_Link" "C_Prog" "P#0_T#3184428352" "p#0_section#0_thread#4" "0_0_4"
40 4.3725100159645e-01 "GOMP_Section_Link" "C_Prog" "P#0_T#3184428352" "p#0_section#0_thread#3" "0_0_3"
40 4.3725100159645e-01 "GOMP_Section_Link" "C_Prog" "P#0_T#3184428352" "p#0_section#0_thread#5" "0_0_5"
40 4.3725100159645e-01 "GOMP_Section_Link" "C_Prog" "P#0_T#3184428352" "p#0_section#0_thread#1" "0_0_1"
40 4.3725100159645e-01 "GOMP_Section_Link" "C_Prog" "P#0_T#3184428352" "p#0_section#0_thread#2" "0_0_2"
40 4.3725100159645e-01 "GOMP_Section_Link" "C_Prog" "P#0_T#3184428352" "p#0_section#0_thread#0" "0_0_0"
11 4.4180700000000e-01 "ST_Thread" "P#0_T#3184428352" "STV_Blocked"
12 4.7768300000000e-01 "ST_Thread" "P#0_T#3184428352"
11 4.7801900000000e-01 "ST_Thread" "P#0_T#3184428352" "STV_Blocked"
12 4.9811900000000e-01 "ST_Thread" "P#0_T#3184428352"
11 4.9832300000000e-01 "ST_Thread" "P#0_T#3184428352" "STV_Blocked"
12 5.2957400000000e-01 "ST_Thread" "P#0_T#3184428352"
11 5.2972300000000e-01 "ST_Thread" "P#0_T#3184428352" "STV_Blocked"
12 4.8856970000000e+00 "ST_Thread" "P#0_T#3184428352"
11 4.8865720000000e+00 "ST_Thread" "P#0_T#3184428352" "STV_Blocked"
12 4.9106690000000e+00 "ST_Thread" "P#0_T#3184428352"
7 4.9367260000000e+00 "P#0_T#3166705408" "CT_Thread" "P#0" "P#0_T#3166705408"
10 4.9367260000000e+00 "ST_Thread" "P#0_T#3166705408" "STV_Working"
7 9.1558210000000e+00 "P#0_T#3158312704" "CT_Thread" "P#0" "P#0_T#3158312704"
10 9.1558210000000e+00 "ST_Thread" "P#0_T#3158312704" "STV_Working"
7 1.3393418000000e+01 "P#0_T#3149920000" "CT_Thread" "P#0" "P#0_T#3149920000"
10 1.3393418000000e+01 "ST_Thread" "P#0_T#3149920000" "STV_Working"
7 1.7640324000000e+01 "P#0_T#3124745984" "CT_Thread" "P#0" "P#0_T#3124745984"
10 1.7640324000000e+01 "ST_Thread" "P#0_T#3124745984" "STV_Working"
7 2.1751758000000e+01 "P#0_T#3116353280" "CT_Thread" "P#0" "P#0_T#3116353280"
10 2.1751758000000e+01 "ST_Thread" "P#0_T#3116353280" "STV_Working"
41 2.1757468000000e+01 "GOMP_Section_Link" "C_Prog" "P#0_T#3124745984" "p#0_section#0_thread#4" "0_0_4"
11 2.1757468000000e+01 "ST_Thread" "P#0_T#3124745984" "GOMP_Section_State"
41 2.1757618000000e+01 "GOMP_Section_Link" "C_Prog" "P#0_T#3149920000" "p#0_section#0_thread#3" "0_0_3"
11 2.1757618000000e+01 "ST_Thread" "P#0_T#3149920000" "GOMP_Section_State"
11 2.1757848000000e+01 "ST_Thread" "P#0_T#3124745984" "GOMP_For"
11 2.1757869000000e+01 "ST_Thread" "P#0_T#3149920000" "GOMP_For"
41 2.1761319000000e+01 "GOMP_Section_Link" "C_Prog" "P#0_T#3116353280" "p#0_section#0_thread#5" "0_0_5"
11 2.1761319000000e+01 "ST_Thread" "P#0_T#3116353280" "GOMP_Section_State"
11 2.1761633000000e+01 "ST_Thread" "P#0_T#3116353280" "GOMP_For"
41 2.1761810000000e+01 "GOMP_Section_Link" "C_Prog" "P#0_T#3166705408" "p#0_section#0_thread#1" "0_0_1"
11 2.1761810000000e+01 "ST_Thread" "P#0_T#3166705408" "GOMP_Section_State"
11 2.1762082000000e+01 "ST_Thread" "P#0_T#3166705408" "GOMP_For"
41 2.1763423000000e+01 "GOMP_Section_Link" "C_Prog" "P#0_T#3158312704" "p#0_section#0_thread#2" "0_0_2"
11 2.1763423000000e+01 "ST_Thread" "P#0_T#3158312704" "GOMP_Section_State"
11 2.1763560000000e+01 "ST_Thread" "P#0_T#3158312704" "GOMP_For"
41 2.1799930000000e+01 "GOMP_Section_Link" "C_Prog" "P#0_T#3184428352" "p#0_section#0_thread#0" "0_0_0"
11 2.1799930000000e+01 "ST_Thread" "P#0_T#3184428352" "GOMP_Section_State"
11 2.1800168000000e+01 "ST_Thread" "P#0_T#3184428352" "GOMP_For"
11 1.2078379413000e+04 "ST_Thread" "P#0_T#3158312704" "GOMP_Implicit_Barrier"
11 1.2078379419000e+04 "ST_Thread" "P#0_T#3184428352" "GOMP_Implicit_Barrier"
11 1.2078379428000e+04 "ST_Thread" "P#0_T#3124745984" "GOMP_Implicit_Barrier"
11 1.2078379430000e+04 "ST_Thread" "P#0_T#3166705408" "GOMP_Implicit_Barrier"
11 1.2078379866000e+04 "ST_Thread" "P#0_T#3149920000" "GOMP_Implicit_Barrier"
11 1.2078379999000e+04 "ST_Thread" "P#0_T#3116353280" "GOMP_Implicit_Barrier"
12 1.2078380419000e+04 "ST_Thread" "P#0_T#3166705408"
12 1.2078380461000e+04 "ST_Thread" "P#0_T#3149920000"
12 1.2078380490000e+04 "ST_Thread" "P#0_T#3184428352"
12 1.2078380516000e+04 "ST_Thread" "P#0_T#3124745984"
12 1.2078380572000e+04 "ST_Thread" "P#0_T#3158312704"
12 1.2078380618000e+04 "ST_Thread" "P#0_T#3166705408"
12 1.2078380630000e+04 "ST_Thread" "P#0_T#3184428352"
12 1.2078380667000e+04 "ST_Thread" "P#0_T#3149920000"
12 1.2078380687000e+04 "ST_Thread" "P#0_T#3124745984"
12 1.2078380753000e+04 "ST_Thread" "P#0_T#3158312704"
40 1.2078380860000e+04 "GOMP_Section_Link" "C_Prog" "P#0_T#3184428352" "p#0_section#0_thread#0" "0_0_0_end"
12 1.2078380860000e+04 "ST_Thread" "P#0_T#3184428352"
40 1.2078380872000e+04 "GOMP_Section_Link" "C_Prog" "P#0_T#3166705408" "p#0_section#0_thread#1" "0_0_1_end"
12 1.2078380872000e+04 "ST_Thread" "P#0_T#3166705408"
40 1.2078380875000e+04 "GOMP_Section_Link" "C_Prog" "P#0_T#3124745984" "p#0_section#0_thread#4" "0_0_4_end"
12 1.2078380875000e+04 "ST_Thread" "P#0_T#3124745984"
40 1.2078380882000e+04 "GOMP_Section_Link" "C_Prog" "P#0_T#3149920000" "p#0_section#0_thread#3" "0_0_3_end"
12 1.2078380882000e+04 "ST_Thread" "P#0_T#3149920000"
40 1.2078380893000e+04 "GOMP_Section_Link" "C_Prog" "P#0_T#3158312704" "p#0_section#0_thread#2" "0_0_2_end"
12 1.2078380893000e+04 "ST_Thread" "P#0_T#3158312704"
12 1.2078381173000e+04 "ST_Thread" "P#0_T#3116353280"
12 1.2078381326000e+04 "ST_Thread" "P#0_T#3116353280"
40 1.2078381453000e+04 "GOMP_Section_Link" "C_Prog" "P#0_T#3116353280" "p#0_section#0_thread#5" "0_0_5_end"
41 1.2078381453000e+04 "GOMP_Section_Link" "C_Prog" "P#0_T#3184428352" "p#0_section#0_thread#0" "0_0_0_end"
41 1.2078381453000e+04 "GOMP_Section_Link" "C_Prog" "P#0_T#3184428352" "p#0_section#0_thread#1" "0_0_1_end"
41 1.2078381453000e+04 "GOMP_Section_Link" "C_Prog" "P#0_T#3184428352" "p#0_section#0_thread#2" "0_0_2_end"
41 1.2078381453000e+04 "GOMP_Section_Link" "C_Prog" "P#0_T#3184428352" "p#0_section#0_thread#3" "0_0_3_end"
41 1.2078381453000e+04 "GOMP_Section_Link" "C_Prog" "P#0_T#3184428352" "p#0_section#0_thread#4" "0_0_4_end"
41 1.2078381453000e+04 "GOMP_Section_Link" "C_Prog" "P#0_T#3184428352" "p#0_section#0_thread#5" "0_0_5_end"
12 1.2078381453000e+04 "ST_Thread" "P#0_T#3116353280"
40 1.2078384765625e+04 "GOMP_Section_Link" "C_Prog" "P#0_T#3184428352" "p#0_section#1_thread#3" "0_1_3"
40 1.2078384765625e+04 "GOMP_Section_Link" "C_Prog" "P#0_T#3184428352" "p#0_section#1_thread#1" "0_1_1"
40 1.2078384765625e+04 "GOMP_Section_Link" "C_Prog" "P#0_T#3184428352" "p#0_section#1_thread#4" "0_1_4"
40 1.2078384765625e+04 "GOMP_Section_Link" "C_Prog" "P#0_T#3184428352" "p#0_section#1_thread#5" "0_1_5"
40 1.2078384765625e+04 "GOMP_Section_Link" "C_Prog" "P#0_T#3184428352" "p#0_section#1_thread#2" "0_1_2"
40 1.2078384765625e+04 "GOMP_Section_Link" "C_Prog" "P#0_T#3184428352" "p#0_section#1_thread#0" "0_1_0"
41 1.2078385698000e+04 "GOMP_Section_Link" "C_Prog" "P#0_T#3149920000" "p#0_section#1_thread#3" "0_1_3"
11 1.2078385698000e+04 "ST_Thread" "P#0_T#3149920000" "GOMP_Section_State"
41 1.2078385726000e+04 "GOMP_Section_Link" "C_Prog" "P#0_T#3166705408" "p#0_section#1_thread#1" "0_1_1"
11 1.2078385726000e+04 "ST_Thread" "P#0_T#3166705408" "GOMP_Section_State"
41 1.2078385741000e+04 "GOMP_Section_Link" "C_Prog" "P#0_T#3124745984" "p#0_section#1_thread#4" "0_1_4"
11 1.2078385741000e+04 "ST_Thread" "P#0_T#3124745984" "GOMP_Section_State"
41 1.2078385771000e+04 "GOMP_Section_Link" "C_Prog" "P#0_T#3116353280" "p#0_section#1_thread#5" "0_1_5"
11 1.2078385771000e+04 "ST_Thread" "P#0_T#3116353280" "GOMP_Section_State"
11 1.2078385813000e+04 "ST_Thread" "P#0_T#3149920000" "GOMP_For"
41 1.2078385825000e+04 "GOMP_Section_Link" "C_Prog" "P#0_T#3158312704" "p#0_section#1_thread#2" "0_1_2"
11 1.2078385825000e+04 "ST_Thread" "P#0_T#3158312704" "GOMP_Section_State"
11 1.2078385840000e+04 "ST_Thread" "P#0_T#3166705408" "GOMP_For"
11 1.2078385885000e+04 "ST_Thread" "P#0_T#3124745984" "GOMP_For"
11 1.2078385888000e+04 "ST_Thread" "P#0_T#3116353280" "GOMP_For"
11 1.2078385944000e+04 "ST_Thread" "P#0_T#3158312704" "GOMP_For"
41 1.2078386312000e+04 "GOMP_Section_Link" "C_Prog" "P#0_T#3184428352" "p#0_section#1_thread#0" "0_1_0"
11 1.2078386312000e+04 "ST_Thread" "P#0_T#3184428352" "GOMP_Section_State"
11 1.2078386404000e+04 "ST_Thread" "P#0_T#3184428352" "GOMP_For"
11 2.4344024662000e+04 "ST_Thread" "P#0_T#3166705408" "GOMP_Implicit_Barrier"
11 2.4344024674000e+04 "ST_Thread" "P#0_T#3124745984" "GOMP_Implicit_Barrier"
11 2.4344024676000e+04 "ST_Thread" "P#0_T#3184428352" "GOMP_Implicit_Barrier"
11 2.4344024687000e+04 "ST_Thread" "P#0_T#3158312704" "GOMP_Implicit_Barrier"
11 2.4344024703000e+04 "ST_Thread" "P#0_T#3116353280" "GOMP_Implicit_Barrier"
11 2.4344024704000e+04 "ST_Thread" "P#0_T#3149920000" "GOMP_Implicit_Barrier"
12 2.4344025364000e+04 "ST_Thread" "P#0_T#3116353280"
12 2.4344025390000e+04 "ST_Thread" "P#0_T#3166705408"
12 2.4344025397000e+04 "ST_Thread" "P#0_T#3158312704"
12 2.4344025400000e+04 "ST_Thread" "P#0_T#3124745984"
12 2.4344025406000e+04 "ST_Thread" "P#0_T#3184428352"
12 2.4344025579000e+04 "ST_Thread" "P#0_T#3158312704"
12 2.4344025582000e+04 "ST_Thread" "P#0_T#3124745984"
12 2.4344025591000e+04 "ST_Thread" "P#0_T#3184428352"
12 2.4344025594000e+04 "ST_Thread" "P#0_T#3116353280"
12 2.4344025605000e+04 "ST_Thread" "P#0_T#3166705408"
40 2.4344025766000e+04 "GOMP_Section_Link" "C_Prog" "P#0_T#3158312704" "p#0_section#1_thread#2" "0_1_2_end"
12 2.4344025766000e+04 "ST_Thread" "P#0_T#3158312704"
40 2.4344025788000e+04 "GOMP_Section_Link" "C_Prog" "P#0_T#3116353280" "p#0_section#1_thread#5" "0_1_5_end"
12 2.4344025788000e+04 "ST_Thread" "P#0_T#3116353280"
40 2.4344025807000e+04 "GOMP_Section_Link" "C_Prog" "P#0_T#3184428352" "p#0_section#1_thread#0" "0_1_0_end"
12 2.4344025807000e+04 "ST_Thread" "P#0_T#3184428352"
40 2.4344025819000e+04 "GOMP_Section_Link" "C_Prog" "P#0_T#3124745984" "p#0_section#1_thread#4" "0_1_4_end"
12 2.4344025819000e+04 "ST_Thread" "P#0_T#3124745984"
40 2.4344025823000e+04 "GOMP_Section_Link" "C_Prog" "P#0_T#3166705408" "p#0_section#1_thread#1" "0_1_1_end"
12 2.4344025823000e+04 "ST_Thread" "P#0_T#3166705408"
12 2.4344025958000e+04 "ST_Thread" "P#0_T#3149920000"
12 2.4344026070000e+04 "ST_Thread" "P#0_T#3149920000"
40 2.4344026225000e+04 "GOMP_Section_Link" "C_Prog" "P#0_T#3149920000" "p#0_section#1_thread#3" "0_1_3_end"
41 2.4344026225000e+04 "GOMP_Section_Link" "C_Prog" "P#0_T#3184428352" "p#0_section#1_thread#0" "0_1_0_end"
41 2.4344026225000e+04 "GOMP_Section_Link" "C_Prog" "P#0_T#3184428352" "p#0_section#1_thread#1" "0_1_1_end"
41 2.4344026225000e+04 "GOMP_Section_Link" "C_Prog" "P#0_T#3184428352" "p#0_section#1_thread#2" "0_1_2_end"
41 2.4344026225000e+04 "GOMP_Section_Link" "C_Prog" "P#0_T#3184428352" "p#0_section#1_thread#3" "0_1_3_end"
41 2.4344026225000e+04 "GOMP_Section_Link" "C_Prog" "P#0_T#3184428352" "p#0_section#1_thread#4" "0_1_4_end"
41 2.4344026225000e+04 "GOMP_Section_Link" "C_Prog" "P#0_T#3184428352" "p#0_section#1_thread#5" "0_1_5_end"
12 2.4344026225000e+04 "ST_Thread" "P#0_T#3149920000"
40 2.4344027343750e+04 "GOMP_Section_Link" "C_Prog" "P#0_T#3184428352" "p#0_section#2_thread#4" "0_2_4"
40 2.4344027343750e+04 "GOMP_Section_Link" "C_Prog" "P#0_T#3184428352" "p#0_section#2_thread#3" "0_2_3"
40 2.4344027343750e+04 "GOMP_Section_Link" "C_Prog" "P#0_T#3184428352" "p#0_section#2_thread#5" "0_2_5"
40 2.4344027343750e+04 "GOMP_Section_Link" "C_Prog" "P#0_T#3184428352" "p#0_section#2_thread#1" "0_2_1"
40 2.4344027343750e+04 "GOMP_Section_Link" "C_Prog" "P#0_T#3184428352" "p#0_section#2_thread#2" "0_2_2"
40 2.4344027343750e+04 "GOMP_Section_Link" "C_Prog" "P#0_T#3184428352" "p#0_section#2_thread#0" "0_2_0"
41 2.4344028559000e+04 "GOMP_Section_Link" "C_Prog" "P#0_T#3124745984" "p#0_section#2_thread#4" "0_2_4"
11 2.4344028559000e+04 "ST_Thread" "P#0_T#3124745984" "GOMP_Section_State"
41 2.4344028604000e+04 "GOMP_Section_Link" "C_Prog" "P#0_T#3149920000" "p#0_section#2_thread#3" "0_2_3"
11 2.4344028604000e+04 "ST_Thread" "P#0_T#3149920000" "GOMP_Section_State"
41 2.4344028627000e+04 "GOMP_Section_Link" "C_Prog" "P#0_T#3116353280" "p#0_section#2_thread#5" "0_2_5"
11 2.4344028627000e+04 "ST_Thread" "P#0_T#3116353280" "GOMP_Section_State"
41 2.4344028670000e+04 "GOMP_Section_Link" "C_Prog" "P#0_T#3166705408" "p#0_section#2_thread#1" "0_2_1"
11 2.4344028670000e+04 "ST_Thread" "P#0_T#3166705408" "GOMP_Section_State"
41 2.4344028682000e+04 "GOMP_Section_Link" "C_Prog" "P#0_T#3158312704" "p#0_section#2_thread#2" "0_2_2"
11 2.4344028682000e+04 "ST_Thread" "P#0_T#3158312704" "GOMP_Section_State"
11 2.4344028697000e+04 "ST_Thread" "P#0_T#3149920000" "GOMP_For"
11 2.4344028706000e+04 "ST_Thread" "P#0_T#3124745984" "GOMP_For"
11 2.4344028774000e+04 "ST_Thread" "P#0_T#3116353280" "GOMP_For"
11 2.4344028806000e+04 "ST_Thread" "P#0_T#3166705408" "GOMP_For"
11 2.4344028810000e+04 "ST_Thread" "P#0_T#3158312704" "GOMP_For"
41 2.4344029184000e+04 "GOMP_Section_Link" "C_Prog" "P#0_T#3184428352" "p#0_section#2_thread#0" "0_2_0"
11 2.4344029184000e+04 "ST_Thread" "P#0_T#3184428352" "GOMP_Section_State"
11 2.4344029268000e+04 "ST_Thread" "P#0_T#3184428352" "GOMP_For"
11 3.6594738982000e+04 "ST_Thread" "P#0_T#3158312704" "GOMP_Implicit_Barrier"
11 3.6594738985000e+04 "ST_Thread" "P#0_T#3166705408" "GOMP_Implicit_Barrier"
11 3.6594738989000e+04 "ST_Thread" "P#0_T#3116353280" "GOMP_Implicit_Barrier"
11 3.6594738996000e+04 "ST_Thread" "P#0_T#3149920000" "GOMP_Implicit_Barrier"
11 3.6594739003000e+04 "ST_Thread" "P#0_T#3184428352" "GOMP_Implicit_Barrier"
11 3.6594739588000e+04 "ST_Thread" "P#0_T#3124745984" "GOMP_Implicit_Barrier"
12 3.6594739872000e+04 "ST_Thread" "P#0_T#3149920000"
12 3.6594739941000e+04 "ST_Thread" "P#0_T#3184428352"
12 3.6594739972000e+04 "ST_Thread" "P#0_T#3166705408"
12 3.6594739980000e+04 "ST_Thread" "P#0_T#3116353280"
12 3.6594739984000e+04 "ST_Thread" "P#0_T#3158312704"
12 3.6594740141000e+04 "ST_Thread" "P#0_T#3184428352"
12 3.6594740141000e+04 "ST_Thread" "P#0_T#3149920000"
12 3.6594740144000e+04 "ST_Thread" "P#0_T#3166705408"
12 3.6594740145000e+04 "ST_Thread" "P#0_T#3158312704"
12 3.6594740151000e+04 "ST_Thread" "P#0_T#3116353280"
40 3.6594740381000e+04 "GOMP_Section_Link" "C_Prog" "P#0_T#3166705408" "p#0_section#2_thread#1" "0_2_1_end"
12 3.6594740381000e+04 "ST_Thread" "P#0_T#3166705408"
40 3.6594740381000e+04 "GOMP_Section_Link" "C_Prog" "P#0_T#3116353280" "p#0_section#2_thread#5" "0_2_5_end"
12 3.6594740381000e+04 "ST_Thread" "P#0_T#3116353280"
40 3.6594740386000e+04 "GOMP_Section_Link" "C_Prog" "P#0_T#3158312704" "p#0_section#2_thread#2" "0_2_2_end"
12 3.6594740386000e+04 "ST_Thread" "P#0_T#3158312704"
40 3.6594740392000e+04 "GOMP_Section_Link" "C_Prog" "P#0_T#3184428352" "p#0_section#2_thread#0" "0_2_0_end"
12 3.6594740392000e+04 "ST_Thread" "P#0_T#3184428352"
40 3.6594740407000e+04 "GOMP_Section_Link" "C_Prog" "P#0_T#3149920000" "p#0_section#2_thread#3" "0_2_3_end"
12 3.6594740407000e+04 "ST_Thread" "P#0_T#3149920000"
12 3.6594740712000e+04 "ST_Thread" "P#0_T#3124745984"
12 3.6594740844000e+04 "ST_Thread" "P#0_T#3124745984"
40 3.6594740991000e+04 "GOMP_Section_Link" "C_Prog" "P#0_T#3124745984" "p#0_section#2_thread#4" "0_2_4_end"
41 3.6594740991000e+04 "GOMP_Section_Link" "C_Prog" "P#0_T#3184428352" "p#0_section#2_thread#0" "0_2_0_end"
41 3.6594740991000e+04 "GOMP_Section_Link" "C_Prog" "P#0_T#3184428352" "p#0_section#2_thread#1" "0_2_1_end"
41 3.6594740991000e+04 "GOMP_Section_Link" "C_Prog" "P#0_T#3184428352" "p#0_section#2_thread#2" "0_2_2_end"
41 3.6594740991000e+04 "GOMP_Section_Link" "C_Prog" "P#0_T#3184428352" "p#0_section#2_thread#3" "0_2_3_end"
41 3.6594740991000e+04 "GOMP_Section_Link" "C_Prog" "P#0_T#3184428352" "p#0_section#2_thread#4" "0_2_4_end"
41 3.6594740991000e+04 "GOMP_Section_Link" "C_Prog" "P#0_T#3184428352" "p#0_section#2_thread#5" "0_2_5_end"
12 3.6594740991000e+04 "ST_Thread" "P#0_T#3124745984"
8 3.6595256572000e+04 "P#0_T#3184428352" "CT_Thread"
